2016-09-16 18:16:14,590 - spider - INFO - 开始爬取掘图志的首页
2016-09-16 18:16:14,591 - spider - INFO - 开始爬取犯贱志的首页
2016-09-16 18:16:14,591 - spider - INFO - 爬取到网址为: ['http://www.fanjian.net/', 'http://www.fanjian.net/latest-2', 'http://www.fanjian.net/latest-3', 'http://www.fanjian.net/latest-4', 'http://www.fanjian.net/latest-5', 'http://www.fanjian.net/latest-6', 'http://www.fanjian.net/latest-7', 'http://www.fanjian.net/latest-8', 'http://www.fanjian.net/latest-9', 'http://www.fanjian.net/latest-10', 'http://www.fanjian.net/latest-11', 'http://www.fanjian.net/latest-12', 'http://www.fanjian.net/latest-13', 'http://www.fanjian.net/latest-14', 'http://www.fanjian.net/latest-15', 'http://www.fanjian.net/latest-16', 'http://www.fanjian.net/latest-17', 'http://www.fanjian.net/latest-18', 'http://www.fanjian.net/latest-19', 'http://www.fanjian.net/latest-20']
2016-09-16 18:16:14,591 - spider - INFO - 爬取到网址为: ['http://juetuzhi.net/', 'http://juetuzhi.net/page/2', 'http://juetuzhi.net/page/3', 'http://juetuzhi.net/page/4', 'http://juetuzhi.net/page/5', 'http://juetuzhi.net/page/6', 'http://juetuzhi.net/page/7', 'http://juetuzhi.net/page/8', 'http://juetuzhi.net/page/9', 'http://juetuzhi.net/page/10', 'http://juetuzhi.net/page/11', 'http://juetuzhi.net/page/12', 'http://juetuzhi.net/page/13', 'http://juetuzhi.net/page/14', 'http://juetuzhi.net/page/15', 'http://juetuzhi.net/page/16', 'http://juetuzhi.net/page/17', 'http://juetuzhi.net/page/18', 'http://juetuzhi.net/page/19', 'http://juetuzhi.net/page/20']
2016-09-16 18:16:34,217 - spider - INFO - 解析文章内容，地址为：http://juetuzhi.net/2016/09/jue-tu-29813.html
2016-09-16 18:16:34,497 - juetu - INFO - 解析掘图志的内容，标题为：4分钟看完2016大魔王耍智障的电影《忍者神龟2：破影而出》
2016-09-16 18:16:34,507 - spider - ERROR - Tried to save duplicate unique keys (insertDocument :: caused by :: 11000 E11000 duplicate key error index: fun.post.$title_1  dup key: { : "4分钟看完2016大魔王耍智障的电影《忍者神龟2：破影而出》" })
2016-09-16 18:16:34,508 - spider - INFO - 解析文章内容，地址为：http://juetuzhi.net/2016/09/jue-tu-29812.html
2016-09-16 18:16:34,782 - juetu - INFO - 解析掘图志的内容，标题为：差点上当
2016-09-16 18:16:34,785 - spider - ERROR - Tried to save duplicate unique keys (insertDocument :: caused by :: 11000 E11000 duplicate key error index: fun.post.$title_1  dup key: { : "差点上当" })
2016-09-16 18:16:34,785 - spider - INFO - 解析文章内容，地址为：http://juetuzhi.net/2016/09/jue-tu-29811.html
2016-09-16 18:16:35,058 - juetu - INFO - 解析掘图志的内容，标题为：飞碟说：安乐死合法化离我们还有多远？
2016-09-16 18:16:35,061 - spider - ERROR - Tried to save duplicate unique keys (insertDocument :: caused by :: 11000 E11000 duplicate key error index: fun.post.$title_1  dup key: { : "飞碟说：安乐死合法化离我们还有多远？" })
2016-09-16 18:16:35,061 - spider - INFO - 解析文章内容，地址为：http://juetuzhi.net/2016/09/jue-tu-29810.html
2016-09-16 18:16:35,348 - juetu - INFO - 解析掘图志的内容，标题为：2016-09-14大杂烩(18P)
2016-09-16 18:16:35,349 - spider - INFO - 解析文章内容，地址为：http://juetuzhi.net/2016/09/jue-tu-29809.html
2016-09-16 18:16:35,620 - juetu - INFO - 解析掘图志的内容，标题为：8分钟看完1350分钟的人帅真好电视剧《微微一笑很倾城》
2016-09-16 18:16:35,623 - spider - ERROR - Tried to save duplicate unique keys (insertDocument :: caused by :: 11000 E11000 duplicate key error index: fun.post.$title_1  dup key: { : "8分钟看完1350分钟的人帅真好电视剧《微微一笑很倾城》" })
2016-09-16 18:16:35,623 - spider - INFO - 解析文章内容，地址为：http://juetuzhi.net/2016/09/jue-tu-29808.html
2016-09-16 18:16:35,972 - juetu - INFO - 解析掘图志的内容，标题为：不是很懂新教学楼这设计
2016-09-16 18:16:35,975 - spider - ERROR - Tried to save duplicate unique keys (insertDocument :: caused by :: 11000 E11000 duplicate key error index: fun.post.$title_1  dup key: { : "不是很懂新教学楼这设计" })
2016-09-16 18:16:35,975 - spider - INFO - 解析文章内容，地址为：http://juetuzhi.net/2016/09/jue-tu-29807.html
2016-09-16 18:16:36,285 - juetu - INFO - 解析掘图志的内容，标题为：飞碟头条：支付宝变了！说好的不收费呢！
2016-09-16 18:16:36,297 - spider - ERROR - Tried to save duplicate unique keys (insertDocument :: caused by :: 11000 E11000 duplicate key error index: fun.post.$title_1  dup key: { : "飞碟头条：支付宝变了！说好的不收费呢！" })
2016-09-16 18:16:36,298 - spider - INFO - 解析文章内容，地址为：http://juetuzhi.net/2016/09/jue-tu-29806.html
2016-09-16 18:16:36,516 - spider - INFO - 解析文章内容，地址为：http://www.fanjian.net/post/89899
2016-09-16 18:16:36,608 - juetu - INFO - 解析掘图志的内容，标题为：2016-09-13大杂烩(18P)
2016-09-16 18:16:36,609 - spider - INFO - 解析文章内容，地址为：http://juetuzhi.net/2016/09/jue-tu-29805.html
2016-09-16 18:16:36,895 - juetu - INFO - 解析掘图志的内容，标题为：怎样在10秒钟内偷走一辆自行车
2016-09-16 18:16:36,898 - spider - ERROR - Tried to save duplicate unique keys (insertDocument :: caused by :: 11000 E11000 duplicate key error index: fun.post.$title_1  dup key: { : "怎样在10秒钟内偷走一辆自行车" })
2016-09-16 18:16:36,898 - spider - INFO - 解析文章内容，地址为：http://juetuzhi.net/2016/09/jue-tu-29804.html
2016-09-16 18:16:37,199 - juetu - INFO - 解析掘图志的内容，标题为：推主honeoyaji吃完KFC用骨头拼的模型，膝盖什么的尽管拿去吧！
2016-09-16 18:16:37,202 - spider - ERROR - Tried to save duplicate unique keys (insertDocument :: caused by :: 11000 E11000 duplicate key error index: fun.post.$title_1  dup key: { : "推主honeoyaji吃完KFC用骨头拼的模型，膝盖什么的尽管拿去吧！" })
2016-09-16 18:16:37,203 - spider - INFO - 解析文章内容，地址为：http://juetuzhi.net/2016/09/jue-tu-29803.html
2016-09-16 18:16:37,493 - juetu - INFO - 解析掘图志的内容，标题为：4分钟看完2016玩弄你全家的电影《招魂2》
2016-09-16 18:16:37,496 - spider - ERROR - Tried to save duplicate unique keys (insertDocument :: caused by :: 11000 E11000 duplicate key error index: fun.post.$title_1  dup key: { : "4分钟看完2016玩弄你全家的电影《招魂2》" })
2016-09-16 18:16:37,496 - spider - INFO - 解析文章内容，地址为：http://juetuzhi.net/2016/09/jue-tu-29802.html
2016-09-16 18:16:37,614 - fanjian - INFO - 解析犯贱志的内容，标题为：这狗粮好大一颗。［多图］
2016-09-16 18:16:37,648 - spider - ERROR - Tried to save duplicate unique keys (insertDocument :: caused by :: 11000 E11000 duplicate key error index: fun.post.$title_1  dup key: { : "这狗粮好大一颗。［多图］" })
2016-09-16 18:16:37,649 - spider - INFO - 解析文章内容，地址为：http://www.fanjian.net/post/89898
2016-09-16 18:16:37,780 - juetu - INFO - 解析掘图志的内容，标题为：男生和女生坐姿的区别
2016-09-16 18:16:37,783 - spider - ERROR - Tried to save duplicate unique keys (insertDocument :: caused by :: 11000 E11000 duplicate key error index: fun.post.$title_1  dup key: { : "男生和女生坐姿的区别" })
2016-09-16 18:16:37,784 - spider - INFO - 解析文章内容，地址为：http://juetuzhi.net/2016/09/jue-tu-29801.html
2016-09-16 18:16:38,468 - juetu - INFO - 解析掘图志的内容，标题为：这是什么虫？
2016-09-16 18:16:38,471 - spider - ERROR - Tried to save duplicate unique keys (insertDocument :: caused by :: 11000 E11000 duplicate key error index: fun.post.$title_1  dup key: { : "这是什么虫？" })
2016-09-16 18:16:38,471 - spider - INFO - 解析文章内容，地址为：http://juetuzhi.net/2016/09/jue-tu-29800.html
2016-09-16 18:16:38,490 - fanjian - INFO - 解析犯贱志的内容，标题为：去他妈的南北大通透
2016-09-16 18:16:38,623 - spider - ERROR - Tried to save duplicate unique keys (insertDocument :: caused by :: 11000 E11000 duplicate key error index: fun.post.$title_1  dup key: { : "去他妈的南北大通透" })
2016-09-16 18:16:38,625 - spider - INFO - 解析文章内容，地址为：http://www.fanjian.net/post/89897
2016-09-16 18:16:38,952 - juetu - INFO - 解析掘图志的内容，标题为：你丫真给力
2016-09-16 18:16:38,956 - spider - ERROR - Tried to save duplicate unique keys (insertDocument :: caused by :: 11000 E11000 duplicate key error index: fun.post.$title_1  dup key: { : "你丫真给力" })
2016-09-16 18:16:38,956 - spider - INFO - 解析文章内容，地址为：http://juetuzhi.net/2016/09/jue-tu-29799.html
2016-09-16 18:16:39,243 - juetu - INFO - 解析掘图志的内容，标题为：飞碟说：房产中介的爱恨情仇
2016-09-16 18:16:39,246 - spider - ERROR - Tried to save duplicate unique keys (insertDocument :: caused by :: 11000 E11000 duplicate key error index: fun.post.$title_1  dup key: { : "飞碟说：房产中介的爱恨情仇" })
2016-09-16 18:16:39,247 - spider - INFO - 解析文章内容，地址为：http://juetuzhi.net/2016/09/jue-tu-29798.html
2016-09-16 18:16:39,537 - juetu - INFO - 解析掘图志的内容，标题为：2016-09-12大杂烩(18P)
2016-09-16 18:16:39,538 - spider - INFO - 解析文章内容，地址为：http://juetuzhi.net/2016/09/jue-tu-29797.html
2016-09-16 18:16:39,826 - juetu - INFO - 解析掘图志的内容，标题为：一枚在洪水中受困的猫咪，被救后。。。(6P)
2016-09-16 18:16:39,829 - spider - ERROR - Tried to save duplicate unique keys (insertDocument :: caused by :: 11000 E11000 duplicate key error index: fun.post.$title_1  dup key: { : "一枚在洪水中受困的猫咪，被救后。。。(6P)" })
2016-09-16 18:16:39,830 - spider - INFO - 解析文章内容，地址为：http://juetuzhi.net/2016/09/jue-tu-29796.html
2016-09-16 18:16:39,994 - fanjian - INFO - 解析犯贱志的内容，标题为：有吃过万艾可的，出来说说有用吗？
2016-09-16 18:16:39,996 - spider - ERROR - Tried to save duplicate unique keys (insertDocument :: caused by :: 11000 E11000 duplicate key error index: fun.post.$title_1  dup key: { : "有吃过万艾可的，出来说说有用吗？" })
2016-09-16 18:16:39,998 - spider - INFO - 解析文章内容，地址为：http://www.fanjian.net/post/89896
2016-09-16 18:16:40,123 - juetu - INFO - 解析掘图志的内容，标题为：分享一个disco！
2016-09-16 18:16:40,125 - spider - ERROR - Tried to save duplicate unique keys (insertDocument :: caused by :: 11000 E11000 duplicate key error index: fun.post.$title_1  dup key: { : "分享一个disco！" })
2016-09-16 18:16:40,126 - spider - INFO - 解析文章内容，地址为：http://juetuzhi.net/2016/09/jue-tu-29795.html
2016-09-16 18:16:40,404 - juetu - INFO - 解析掘图志的内容，标题为：飞碟一分钟：一分钟揭秘那些让A杯升C杯的食物
2016-09-16 18:16:40,408 - spider - ERROR - Tried to save duplicate unique keys (insertDocument :: caused by :: 11000 E11000 duplicate key error index: fun.post.$title_1  dup key: { : "飞碟一分钟：一分钟揭秘那些让A杯升C杯的食物" })
2016-09-16 18:16:40,409 - spider - INFO - 解析文章内容，地址为：http://juetuzhi.net/2016/09/jue-tu-29794.html
2016-09-16 18:16:40,713 - juetu - INFO - 解析掘图志的内容，标题为：2016-09-11大杂烩(18P)
2016-09-16 18:16:40,714 - spider - INFO - 解析文章内容，地址为：http://juetuzhi.net/2016/09/jue-tu-29793.html
2016-09-16 18:16:40,822 - fanjian - INFO - 解析犯贱志的内容，标题为：摇滚的真心没变，永远真唱！
2016-09-16 18:16:40,828 - spider - ERROR - Tried to save duplicate unique keys (insertDocument :: caused by :: 11000 E11000 duplicate key error index: fun.post.$title_1  dup key: { : "摇滚的真心没变，永远真唱！" })
2016-09-16 18:16:40,829 - spider - INFO - 解析文章内容，地址为：http://www.fanjian.net/post/89895
2016-09-16 18:16:40,992 - juetu - INFO - 解析掘图志的内容，标题为：中国好室友
2016-09-16 18:16:40,996 - spider - ERROR - Tried to save duplicate unique keys (insertDocument :: caused by :: 11000 E11000 duplicate key error index: fun.post.$title_1  dup key: { : "中国好室友" })
2016-09-16 18:16:40,996 - spider - INFO - 解析文章内容，地址为：http://juetuzhi.net/2016/09/jue-tu-29792.html
2016-09-16 18:16:41,293 - juetu - INFO - 解析掘图志的内容，标题为：5分钟看完2016投资赔钱就生气的电影《金钱怪兽》
2016-09-16 18:16:41,297 - spider - ERROR - Tried to save duplicate unique keys (insertDocument :: caused by :: 11000 E11000 duplicate key error index: fun.post.$title_1  dup key: { : "5分钟看完2016投资赔钱就生气的电影《金钱怪兽》" })
2016-09-16 18:16:41,298 - spider - INFO - 解析文章内容，地址为：http://juetuzhi.net/2016/09/jue-tu-29791.html
2016-09-16 18:16:41,579 - juetu - INFO - 解析掘图志的内容，标题为：求货车司机的心里阴影面积
2016-09-16 18:16:41,582 - spider - ERROR - Tried to save duplicate unique keys (insertDocument :: caused by :: 11000 E11000 duplicate key error index: fun.post.$title_1  dup key: { : "求货车司机的心里阴影面积" })
2016-09-16 18:16:41,583 - spider - INFO - 解析文章内容，地址为：http://juetuzhi.net/2016/09/jue-tu-29790.html
2016-09-16 18:16:41,642 - fanjian - INFO - 解析犯贱志的内容，标题为：还说美国人会玩。［多图］
2016-09-16 18:16:41,650 - spider - ERROR - Tried to save duplicate unique keys (insertDocument :: caused by :: 11000 E11000 duplicate key error index: fun.post.$title_1  dup key: { : "还说美国人会玩。［多图］" })
2016-09-16 18:16:41,652 - spider - INFO - 解析文章内容，地址为：http://www.fanjian.net/post/89894
2016-09-16 18:16:41,873 - juetu - INFO - 解析掘图志的内容，标题为：飞碟头条：杀人卖尸，阴婚为何阴魂不散？
2016-09-16 18:16:41,876 - spider - ERROR - Tried to save duplicate unique keys (insertDocument :: caused by :: 11000 E11000 duplicate key error index: fun.post.$title_1  dup key: { : "飞碟头条：杀人卖尸，阴婚为何阴魂不散？" })
2016-09-16 18:16:41,877 - spider - INFO - 解析文章内容，地址为：http://juetuzhi.net/2016/09/jue-tu-29789.html
2016-09-16 18:16:42,162 - juetu - INFO - 解析掘图志的内容，标题为：2016-09-10大杂烩(18P)
2016-09-16 18:16:42,162 - spider - INFO - 解析文章内容，地址为：http://juetuzhi.net/2016/09/jue-tu-29788.html
2016-09-16 18:16:42,442 - juetu - INFO - 解析掘图志的内容，标题为：暴走大事件：用电大户杨永信终将面临正义
2016-09-16 18:16:42,446 - spider - ERROR - Tried to save duplicate unique keys (insertDocument :: caused by :: 11000 E11000 duplicate key error index: fun.post.$title_1  dup key: { : "暴走大事件：用电大户杨永信终将面临正义" })
2016-09-16 18:16:42,446 - spider - INFO - 解析文章内容，地址为：http://juetuzhi.net/2016/09/jue-tu-29787.html
2016-09-16 18:16:42,725 - juetu - INFO - 解析掘图志的内容，标题为：吃个苹果被吓死了。。。
2016-09-16 18:16:42,728 - spider - ERROR - Tried to save duplicate unique keys (insertDocument :: caused by :: 11000 E11000 duplicate key error index: fun.post.$title_1  dup key: { : "吃个苹果被吓死了。。。" })
2016-09-16 18:16:42,729 - spider - INFO - 解析文章内容，地址为：http://juetuzhi.net/2016/09/jue-tu-29786.html
2016-09-16 18:16:42,841 - fanjian - INFO - 解析犯贱志的内容，标题为：逃脱术
2016-09-16 18:16:42,844 - spider - ERROR - Tried to save duplicate unique keys (insertDocument :: caused by :: 11000 E11000 duplicate key error index: fun.post.$title_1  dup key: { : "逃脱术" })
2016-09-16 18:16:42,846 - spider - INFO - 解析文章内容，地址为：http://www.fanjian.net/post/89893
2016-09-16 18:16:43,015 - juetu - INFO - 解析掘图志的内容，标题为：玩的就是心跳，超刺激的悬崖跳水
2016-09-16 18:16:43,017 - spider - ERROR - Tried to save duplicate unique keys (insertDocument :: caused by :: 11000 E11000 duplicate key error index: fun.post.$title_1  dup key: { : "玩的就是心跳，超刺激的悬崖跳水" })
2016-09-16 18:16:43,018 - spider - INFO - 解析文章内容，地址为：http://juetuzhi.net/2016/09/jue-tu-29785.html
2016-09-16 18:16:43,312 - juetu - INFO - 解析掘图志的内容，标题为：老娘正在补充冰力~
2016-09-16 18:16:43,316 - spider - ERROR - Tried to save duplicate unique keys (insertDocument :: caused by :: 11000 E11000 duplicate key error index: fun.post.$title_1  dup key: { : "老娘正在补充冰力~" })
2016-09-16 18:16:43,316 - spider - INFO - 解析文章内容，地址为：http://juetuzhi.net/2016/09/jue-tu-29784.html
2016-09-16 18:16:43,593 - juetu - INFO - 解析掘图志的内容，标题为：飞碟一分钟：一分钟告诉你男人为毛那么爱买球鞋
2016-09-16 18:16:43,596 - spider - ERROR - Tried to save duplicate unique keys (insertDocument :: caused by :: 11000 E11000 duplicate key error index: fun.post.$title_1  dup key: { : "飞碟一分钟：一分钟告诉你男人为毛那么爱买球鞋" })
2016-09-16 18:16:43,596 - spider - INFO - 解析文章内容，地址为：http://juetuzhi.net/2016/09/jue-tu-29783.html
2016-09-16 18:16:43,704 - fanjian - INFO - 解析犯贱志的内容，标题为：摸奶算命，这位先生占大了便宜。
2016-09-16 18:16:43,707 - spider - ERROR - Tried to save duplicate unique keys (insertDocument :: caused by :: 11000 E11000 duplicate key error index: fun.post.$title_1  dup key: { : "摸奶算命，这位先生占大了便宜。" })
2016-09-16 18:16:43,708 - spider - INFO - 解析文章内容，地址为：http://www.fanjian.net/post/89892
2016-09-16 18:16:43,916 - juetu - INFO - 解析掘图志的内容，标题为：哈哈哈哈哈哈所以这个医生到底叫什么啊
2016-09-16 18:16:43,919 - spider - ERROR - Tried to save duplicate unique keys (insertDocument :: caused by :: 11000 E11000 duplicate key error index: fun.post.$title_1  dup key: { : "哈哈哈哈哈哈所以这个医生到底叫什么啊" })
2016-09-16 18:16:43,919 - spider - INFO - 解析文章内容，地址为：http://juetuzhi.net/2016/09/jue-tu-29782.html
2016-09-16 18:16:44,226 - juetu - INFO - 解析掘图志的内容，标题为：想拉就拉就是这么自信
2016-09-16 18:16:44,229 - spider - ERROR - Tried to save duplicate unique keys (insertDocument :: caused by :: 11000 E11000 duplicate key error index: fun.post.$title_1  dup key: { : "想拉就拉就是这么自信" })
2016-09-16 18:16:44,229 - spider - INFO - 解析文章内容，地址为：http://juetuzhi.net/2016/09/jue-tu-29781.html
2016-09-16 18:16:44,505 - juetu - INFO - 解析掘图志的内容，标题为：2016-09-09大杂烩(18P)
2016-09-16 18:16:44,506 - spider - INFO - 解析文章内容，地址为：http://juetuzhi.net/2016/09/jue-tu-29780.html
2016-09-16 18:16:44,566 - fanjian - INFO - 解析犯贱志的内容，标题为：岛国论坛上关于“出门约会就应该男生掏钱”的讨论……楼下的一条回复引发了无数单身穷宅男的共鸣
2016-09-16 18:16:44,648 - spider - ERROR - Tried to save duplicate unique keys (insertDocument :: caused by :: 11000 E11000 duplicate key error index: fun.post.$title_1  dup key: { : "岛国论坛上关于“出门约会就应该男生掏钱”的讨论……楼下的一条回复引发了无数单身穷宅男的共鸣" })
2016-09-16 18:16:44,649 - spider - INFO - 解析文章内容，地址为：http://www.fanjian.net/post/89891
2016-09-16 18:16:44,919 - juetu - INFO - 解析掘图志的内容，标题为：山本耀司：给你个眼神自己体会(4P)
2016-09-16 18:16:44,922 - spider - ERROR - Tried to save duplicate unique keys (insertDocument :: caused by :: 11000 E11000 duplicate key error index: fun.post.$title_1  dup key: { : "山本耀司：给你个眼神自己体会(4P)" })
2016-09-16 18:16:44,922 - spider - INFO - 解析文章内容，地址为：http://juetuzhi.net/2016/09/jue-tu-29779.html
2016-09-16 18:16:45,215 - juetu - INFO - 解析掘图志的内容，标题为：飞碟一分钟：一分钟告诉你睡着后身体为什么会突然抽动
2016-09-16 18:16:45,218 - spider - ERROR - Tried to save duplicate unique keys (insertDocument :: caused by :: 11000 E11000 duplicate key error index: fun.post.$title_1  dup key: { : "飞碟一分钟：一分钟告诉你睡着后身体为什么会突然抽动" })
2016-09-16 18:16:45,219 - spider - INFO - 解析文章内容，地址为：http://juetuzhi.net/2016/09/jue-tu-29778.html
2016-09-16 18:16:45,525 - fanjian - INFO - 解析犯贱志的内容，标题为：美妙的大自然，到处都有免费食物
2016-09-16 18:16:45,527 - spider - ERROR - Tried to save duplicate unique keys (insertDocument :: caused by :: 11000 E11000 duplicate key error index: fun.post.$title_1  dup key: { : "美妙的大自然，到处都有免费食物" })
2016-09-16 18:16:45,528 - spider - INFO - 解析文章内容，地址为：http://www.fanjian.net/post/89889
2016-09-16 18:16:45,563 - juetu - INFO - 解析掘图志的内容，标题为：2016-09-08大杂烩(18P)
2016-09-16 18:16:45,564 - spider - INFO - 解析文章内容，地址为：http://juetuzhi.net/2016/09/jue-tu-29777.html
2016-09-16 18:16:45,868 - juetu - INFO - 解析掘图志的内容，标题为：5分钟看完2016分手的电影《美国队长3》
2016-09-16 18:16:45,872 - spider - ERROR - Tried to save duplicate unique keys (insertDocument :: caused by :: 11000 E11000 duplicate key error index: fun.post.$title_1  dup key: { : "5分钟看完2016分手的电影《美国队长3》" })
2016-09-16 18:16:45,872 - spider - INFO - 解析文章内容，地址为：http://juetuzhi.net/2016/09/jue-tu-29776.html
2016-09-16 18:16:46,160 - juetu - INFO - 解析掘图志的内容，标题为：广西来宾市某水上乐园活动现场，气质脱俗的模特如一阵清风，拂过我的前列腺。。。(6P)
2016-09-16 18:16:46,163 - spider - ERROR - Tried to save duplicate unique keys (insertDocument :: caused by :: 11000 E11000 duplicate key error index: fun.post.$title_1  dup key: { : "广西来宾市某水上乐园活动现场，气质脱俗的模特如一阵清风，拂过我的前列腺。。。(6P)" })
2016-09-16 18:16:46,164 - spider - INFO - 解析文章内容，地址为：http://juetuzhi.net/2016/09/jue-tu-29775.html
2016-09-16 18:16:46,394 - fanjian - INFO - 解析犯贱志的内容，标题为：Master
2016-09-16 18:16:46,396 - spider - ERROR - Tried to save duplicate unique keys (insertDocument :: caused by :: 11000 E11000 duplicate key error index: fun.post.$title_1  dup key: { : "Master" })
2016-09-16 18:16:46,398 - spider - INFO - 解析文章内容，地址为：http://www.fanjian.net/post/89890
2016-09-16 18:16:46,460 - juetu - INFO - 解析掘图志的内容，标题为：我仿佛听到你们又在背后说我胖
2016-09-16 18:16:46,463 - spider - ERROR - Tried to save duplicate unique keys (insertDocument :: caused by :: 11000 E11000 duplicate key error index: fun.post.$title_1  dup key: { : "我仿佛听到你们又在背后说我胖" })
2016-09-16 18:16:46,463 - spider - INFO - 解析文章内容，地址为：http://juetuzhi.net/2016/09/jue-tu-29774.html
2016-09-16 18:16:46,755 - juetu - INFO - 解析掘图志的内容，标题为：从这张幼儿园小朋友的名单就能看出琼瑶阿姨对这代人影响有多大。。。
2016-09-16 18:16:46,759 - spider - ERROR - Tried to save duplicate unique keys (insertDocument :: caused by :: 11000 E11000 duplicate key error index: fun.post.$title_1  dup key: { : "从这张幼儿园小朋友的名单就能看出琼瑶阿姨对这代人影响有多大。。。" })
2016-09-16 18:16:46,759 - spider - INFO - 解析文章内容，地址为：http://juetuzhi.net/2016/09/jue-tu-29773.html
2016-09-16 18:16:47,047 - juetu - INFO - 解析掘图志的内容，标题为：一个无视地心引力的女人。。。
2016-09-16 18:16:47,050 - spider - ERROR - Tried to save duplicate unique keys (insertDocument :: caused by :: 11000 E11000 duplicate key error index: fun.post.$title_1  dup key: { : "一个无视地心引力的女人。。。" })
2016-09-16 18:16:47,050 - spider - INFO - 解析文章内容，地址为：http://juetuzhi.net/2016/09/jue-tu-29772.html
2016-09-16 18:16:47,233 - fanjian - INFO - 解析犯贱志的内容，标题为：加油站未加油已蹦字儿，中石化：设备故障。
2016-09-16 18:16:47,236 - spider - ERROR - Tried to save duplicate unique keys (insertDocument :: caused by :: 11000 E11000 duplicate key error index: fun.post.$title_1  dup key: { : "加油站未加油已蹦字儿，中石化：设备故障。" })
2016-09-16 18:16:47,237 - spider - INFO - 解析文章内容，地址为：http://www.fanjian.net/post/89888
2016-09-16 18:16:47,350 - juetu - INFO - 解析掘图志的内容，标题为：这个台湾妹子很高兴的跑去和奈良鹿合影，结果。。。
2016-09-16 18:16:47,352 - spider - ERROR - Tried to save duplicate unique keys (insertDocument :: caused by :: 11000 E11000 duplicate key error index: fun.post.$title_1  dup key: { : "这个台湾妹子很高兴的跑去和奈良鹿合影，结果。。。" })
2016-09-16 18:16:47,353 - spider - INFO - 解析文章内容，地址为：http://juetuzhi.net/2016/09/jue-tu-29771.html
2016-09-16 18:16:47,629 - juetu - INFO - 解析掘图志的内容，标题为：人！！工！！摧！！毁！！
2016-09-16 18:16:47,632 - spider - ERROR - Tried to save duplicate unique keys (insertDocument :: caused by :: 11000 E11000 duplicate key error index: fun.post.$title_1  dup key: { : "人！！工！！摧！！毁！！" })
2016-09-16 18:16:47,633 - spider - INFO - 解析文章内容，地址为：http://juetuzhi.net/2016/09/jue-tu-29770.html
2016-09-16 18:16:47,904 - juetu - INFO - 解析掘图志的内容，标题为：飞碟头条：悬案杀人狂的变态脑回路
2016-09-16 18:16:47,908 - spider - ERROR - Tried to save duplicate unique keys (insertDocument :: caused by :: 11000 E11000 duplicate key error index: fun.post.$title_1  dup key: { : "飞碟头条：悬案杀人狂的变态脑回路" })
2016-09-16 18:16:47,908 - spider - INFO - 解析文章内容，地址为：http://juetuzhi.net/2016/09/jue-tu-29769.html
2016-09-16 18:16:48,086 - fanjian - INFO - 解析犯贱志的内容，标题为：简直一毛一样，
2016-09-16 18:16:48,088 - spider - ERROR - Tried to save duplicate unique keys (insertDocument :: caused by :: 11000 E11000 duplicate key error index: fun.post.$title_1  dup key: { : "简直一毛一样，" })
2016-09-16 18:16:48,090 - spider - INFO - 解析文章内容，地址为：http://www.fanjian.net/post/89887
2016-09-16 18:16:48,188 - juetu - INFO - 解析掘图志的内容，标题为：2016-09-07大杂烩(18P)
2016-09-16 18:16:48,189 - spider - INFO - 解析文章内容，地址为：http://juetuzhi.net/2016/09/jue-tu-29768.html
2016-09-16 18:16:48,470 - juetu - INFO - 解析掘图志的内容，标题为：5分钟看完2015人偶情未了的电影《剧场灵》
2016-09-16 18:16:48,473 - spider - ERROR - Tried to save duplicate unique keys (insertDocument :: caused by :: 11000 E11000 duplicate key error index: fun.post.$title_1  dup key: { : "5分钟看完2015人偶情未了的电影《剧场灵》" })
2016-09-16 18:16:48,474 - spider - INFO - 解析文章内容，地址为：http://juetuzhi.net/2016/09/jue-tu-29767.html
2016-09-16 18:16:48,742 - juetu - INFO - 解析掘图志的内容，标题为：再也不相信这个世界了！
2016-09-16 18:16:48,745 - spider - ERROR - Tried to save duplicate unique keys (insertDocument :: caused by :: 11000 E11000 duplicate key error index: fun.post.$title_1  dup key: { : "再也不相信这个世界了！" })
2016-09-16 18:16:48,746 - spider - INFO - 解析文章内容，地址为：http://juetuzhi.net/2016/09/jue-tu-29766.html
2016-09-16 18:16:49,020 - juetu - INFO - 解析掘图志的内容，标题为：飞碟头条：舒淇结婚扒情史，八卦怎么停不下来？
2016-09-16 18:16:49,023 - spider - ERROR - Tried to save duplicate unique keys (insertDocument :: caused by :: 11000 E11000 duplicate key error index: fun.post.$title_1  dup key: { : "飞碟头条：舒淇结婚扒情史，八卦怎么停不下来？" })
2016-09-16 18:16:49,024 - spider - INFO - 解析文章内容，地址为：http://juetuzhi.net/2016/09/jue-tu-29765.html
2016-09-16 18:16:49,038 - fanjian - INFO - 解析犯贱志的内容，标题为：自从学校不允许骑电动车送餐之后。［多图］
2016-09-16 18:16:49,041 - spider - ERROR - Tried to save duplicate unique keys (insertDocument :: caused by :: 11000 E11000 duplicate key error index: fun.post.$title_1  dup key: { : "自从学校不允许骑电动车送餐之后。［多图］" })
2016-09-16 18:16:49,043 - spider - INFO - 解析文章内容，地址为：http://www.fanjian.net/post/89885
2016-09-16 18:16:49,304 - juetu - INFO - 解析掘图志的内容，标题为：2016-09-06大杂烩(18P)
2016-09-16 18:16:49,305 - spider - INFO - 解析文章内容，地址为：http://juetuzhi.net/2016/09/jue-tu-29764.html
2016-09-16 18:16:49,757 - juetu - INFO - 解析掘图志的内容，标题为：5分钟看完2016杰伦好想变魔术的电影《惊天魔盗团2》
2016-09-16 18:16:49,760 - spider - ERROR - Tried to save duplicate unique keys (insertDocument :: caused by :: 11000 E11000 duplicate key error index: fun.post.$title_1  dup key: { : "5分钟看完2016杰伦好想变魔术的电影《惊天魔盗团2》" })
2016-09-16 18:16:49,781 - spider - INFO - 解析文章内容，地址为：http://juetuzhi.net/2016/09/jue-tu-29763.html
2016-09-16 18:16:50,073 - juetu - INFO - 解析掘图志的内容，标题为：岛国一哥哥看妹妹睡得极熟，死活叫不起来，就对她的头发做了点小动作。。。心灵手巧的亲哥(4P)
2016-09-16 18:16:50,075 - spider - ERROR - Tried to save duplicate unique keys (insertDocument :: caused by :: 11000 E11000 duplicate key error index: fun.post.$title_1  dup key: { : "岛国一哥哥看妹妹睡得极熟，死活叫不起来，就对她的头发做了点小动作。。。心灵手巧的亲哥(4P)" })
2016-09-16 18:16:50,076 - spider - INFO - 解析文章内容，地址为：http://juetuzhi.net/2016/09/jue-tu-29762.html
2016-09-16 18:16:50,112 - fanjian - INFO - 解析犯贱志的内容，标题为：降水线迹~ 一种附属云
2016-09-16 18:16:50,114 - spider - ERROR - Tried to save duplicate unique keys (insertDocument :: caused by :: 11000 E11000 duplicate key error index: fun.post.$title_1  dup key: { : "降水线迹~ 一种附属云" })
2016-09-16 18:16:50,115 - spider - INFO - 解析文章内容，地址为：http://www.fanjian.net/post/89884
2016-09-16 18:16:50,358 - juetu - INFO - 解析掘图志的内容，标题为：飞碟头条：网红“失身酒”，不作就不会死
2016-09-16 18:16:50,361 - spider - ERROR - Tried to save duplicate unique keys (insertDocument :: caused by :: 11000 E11000 duplicate key error index: fun.post.$title_1  dup key: { : "飞碟头条：网红“失身酒”，不作就不会死" })
2016-09-16 18:16:50,361 - spider - INFO - 解析文章内容，地址为：http://juetuzhi.net/2016/09/jue-tu-29761.html
2016-09-16 18:16:50,659 - juetu - INFO - 解析掘图志的内容，标题为：其实，很多事，不需要理由。。。(2P)
2016-09-16 18:16:50,662 - spider - ERROR - Tried to save duplicate unique keys (insertDocument :: caused by :: 11000 E11000 duplicate key error index: fun.post.$title_1  dup key: { : "其实，很多事，不需要理由。。。(2P)" })
2016-09-16 18:16:50,662 - spider - INFO - 解析文章内容，地址为：http://juetuzhi.net/2016/09/jue-tu-29760.html
2016-09-16 18:16:50,942 - juetu - INFO - 解析掘图志的内容，标题为：哈哈哈，老妈实在忍无可忍了！
2016-09-16 18:16:50,946 - spider - ERROR - Tried to save duplicate unique keys (insertDocument :: caused by :: 11000 E11000 duplicate key error index: fun.post.$title_1  dup key: { : "哈哈哈，老妈实在忍无可忍了！" })
2016-09-16 18:16:50,947 - spider - INFO - 解析文章内容，地址为：http://juetuzhi.net/2016/09/jue-tu-29759.html
2016-09-16 18:16:51,232 - juetu - INFO - 解析掘图志的内容，标题为：2016-09-05大杂烩(18P)
2016-09-16 18:16:51,232 - spider - INFO - 解析文章内容，地址为：http://juetuzhi.net/2016/09/jue-tu-29758.html
2016-09-16 18:16:51,509 - juetu - INFO - 解析掘图志的内容，标题为：用放大镜点燃胸毛
2016-09-16 18:16:51,513 - spider - ERROR - Tried to save duplicate unique keys (insertDocument :: caused by :: 11000 E11000 duplicate key error index: fun.post.$title_1  dup key: { : "用放大镜点燃胸毛" })
2016-09-16 18:16:51,513 - spider - INFO - 解析文章内容，地址为：http://juetuzhi.net/2016/09/jue-tu-29757.html
2016-09-16 18:16:51,800 - juetu - INFO - 解析掘图志的内容，标题为：在必胜客吃饭感觉碗挺好看，就想去某宝淘一个，妈蛋(4P)
2016-09-16 18:16:51,802 - spider - ERROR - Tried to save duplicate unique keys (insertDocument :: caused by :: 11000 E11000 duplicate key error index: fun.post.$title_1  dup key: { : "在必胜客吃饭感觉碗挺好看，就想去某宝淘一个，妈蛋(4P)" })
2016-09-16 18:16:51,803 - spider - INFO - 解析文章内容，地址为：http://juetuzhi.net/2016/09/jue-tu-29756.html
2016-09-16 18:16:52,098 - juetu - INFO - 解析掘图志的内容，标题为：哈哈哈，骑着鸵鸟飞奔而过的汉子
2016-09-16 18:16:52,101 - spider - ERROR - Tried to save duplicate unique keys (insertDocument :: caused by :: 11000 E11000 duplicate key error index: fun.post.$title_1  dup key: { : "哈哈哈，骑着鸵鸟飞奔而过的汉子" })
2016-09-16 18:16:52,102 - spider - INFO - 解析文章内容，地址为：http://juetuzhi.net/2016/09/jue-tu-29755.html
2016-09-16 18:16:52,390 - juetu - INFO - 解析掘图志的内容，标题为：分享一个猕猴桃 。。。(3P)
2016-09-16 18:16:52,392 - spider - ERROR - Tried to save duplicate unique keys (insertDocument :: caused by :: 11000 E11000 duplicate key error index: fun.post.$title_1  dup key: { : "分享一个猕猴桃 。。。(3P)" })
2016-09-16 18:16:52,393 - spider - INFO - 解析文章内容，地址为：http://juetuzhi.net/2016/09/jue-tu-29754.html
2016-09-16 18:16:52,443 - fanjian - INFO - 解析犯贱志的内容，标题为：恭喜你解锁新姿势
2016-09-16 18:16:52,445 - spider - ERROR - Tried to save duplicate unique keys (insertDocument :: caused by :: 11000 E11000 duplicate key error index: fun.post.$title_1  dup key: { : "恭喜你解锁新姿势" })
2016-09-16 18:16:52,446 - spider - INFO - 解析文章内容，地址为：http://www.fanjian.net/post/89883
2016-09-16 18:16:52,663 - juetu - INFO - 解析掘图志的内容，标题为：飞碟一分钟：一分钟告诉你为什么蛋疼起来会要命
2016-09-16 18:16:52,666 - spider - ERROR - Tried to save duplicate unique keys (insertDocument :: caused by :: 11000 E11000 duplicate key error index: fun.post.$title_1  dup key: { : "飞碟一分钟：一分钟告诉你为什么蛋疼起来会要命" })
2016-09-16 18:16:52,666 - spider - INFO - 解析文章内容，地址为：http://juetuzhi.net/2016/09/jue-tu-29753.html
2016-09-16 18:16:52,948 - juetu - INFO - 解析掘图志的内容，标题为：金牌扣肉
2016-09-16 18:16:52,952 - spider - ERROR - Tried to save duplicate unique keys (insertDocument :: caused by :: 11000 E11000 duplicate key error index: fun.post.$title_1  dup key: { : "金牌扣肉" })
2016-09-16 18:16:52,952 - spider - INFO - 解析文章内容，地址为：http://juetuzhi.net/2016/09/jue-tu-29752.html
2016-09-16 18:16:53,239 - juetu - INFO - 解析掘图志的内容，标题为：命大的汪星人
2016-09-16 18:16:53,243 - spider - ERROR - Tried to save duplicate unique keys (insertDocument :: caused by :: 11000 E11000 duplicate key error index: fun.post.$title_1  dup key: { : "命大的汪星人" })
2016-09-16 18:16:53,244 - spider - INFO - 解析文章内容，地址为：http://juetuzhi.net/2016/09/jue-tu-29751.html
2016-09-16 18:16:53,283 - fanjian - INFO - 解析犯贱志的内容，标题为：给我们晚辈留条活路吧！［多图］
2016-09-16 18:16:53,390 - spider - ERROR - Tried to save duplicate unique keys (insertDocument :: caused by :: 11000 E11000 duplicate key error index: fun.post.$title_1  dup key: { : "给我们晚辈留条活路吧！［多图］" })
2016-09-16 18:16:53,392 - spider - INFO - 解析文章内容，地址为：http://www.fanjian.net/post/89882
2016-09-16 18:16:53,528 - juetu - INFO - 解析掘图志的内容，标题为：2016-09-04大杂烩(18P)
2016-09-16 18:16:53,529 - spider - INFO - 解析文章内容，地址为：http://juetuzhi.net/2016/09/jue-tu-29750.html
2016-09-16 18:16:53,813 - juetu - INFO - 解析掘图志的内容，标题为：这么多年我都没说 其实当年救你的人是我！
2016-09-16 18:16:53,816 - spider - ERROR - Tried to save duplicate unique keys (insertDocument :: caused by :: 11000 E11000 duplicate key error index: fun.post.$title_1  dup key: { : "这么多年我都没说 其实当年救你的人是我！" })
2016-09-16 18:16:53,817 - spider - INFO - 解析文章内容，地址为：http://juetuzhi.net/2016/09/jue-tu-29749.html
2016-09-16 18:16:54,111 - juetu - INFO - 解析掘图志的内容，标题为：天津妞：论植入广告，只服《青云志》
2016-09-16 18:16:54,115 - spider - ERROR - Tried to save duplicate unique keys (insertDocument :: caused by :: 11000 E11000 duplicate key error index: fun.post.$title_1  dup key: { : "天津妞：论植入广告，只服《青云志》" })
2016-09-16 18:16:54,116 - spider - INFO - 解析文章内容，地址为：http://juetuzhi.net/2016/09/jue-tu-29748.html
2016-09-16 18:16:54,264 - fanjian - INFO - 解析犯贱志的内容，标题为：当诈骗犯遇到撒贝宁
2016-09-16 18:16:54,266 - spider - ERROR - Tried to save duplicate unique keys (insertDocument :: caused by :: 11000 E11000 duplicate key error index: fun.post.$title_1  dup key: { : "当诈骗犯遇到撒贝宁" })
2016-09-16 18:16:54,267 - spider - INFO - 解析文章内容，地址为：http://www.fanjian.net/post/89881
2016-09-16 18:16:54,497 - juetu - INFO - 解析掘图志的内容，标题为：这一路走过去，感觉危机四伏险象环生出生入死啊。。。不留下买路肉骨头就是自取灭亡啊
2016-09-16 18:16:54,501 - spider - ERROR - Tried to save duplicate unique keys (insertDocument :: caused by :: 11000 E11000 duplicate key error index: fun.post.$title_1  dup key: { : "这一路走过去，感觉危机四伏险象环生出生入死啊。。。不留下买路肉骨头就是自取灭亡啊" })
2016-09-16 18:16:54,501 - spider - INFO - 解析文章内容，地址为：http://juetuzhi.net/2016/09/jue-tu-29747.html
2016-09-16 18:16:55,129 - juetu - INFO - 解析掘图志的内容，标题为：飞碟一分钟：一分钟告诉你为什么有人讨厌香菜
2016-09-16 18:16:55,132 - spider - ERROR - Tried to save duplicate unique keys (insertDocument :: caused by :: 11000 E11000 duplicate key error index: fun.post.$title_1  dup key: { : "飞碟一分钟：一分钟告诉你为什么有人讨厌香菜" })
2016-09-16 18:16:55,133 - spider - INFO - 解析文章内容，地址为：http://juetuzhi.net/2016/09/jue-tu-29746.html
2016-09-16 18:16:55,281 - fanjian - INFO - 解析犯贱志的内容，标题为：摇~摇~晃~摇~
2016-09-16 18:16:55,283 - spider - ERROR - Tried to save duplicate unique keys (insertDocument :: caused by :: 11000 E11000 duplicate key error index: fun.post.$title_1  dup key: { : "摇~摇~晃~摇~" })
2016-09-16 18:16:55,284 - spider - INFO - 解析文章内容，地址为：http://www.fanjian.net/post/89879
2016-09-16 18:16:55,839 - juetu - INFO - 解析掘图志的内容，标题为：2016-09-03大杂烩(18P)
2016-09-16 18:16:55,840 - spider - INFO - 解析文章内容，地址为：http://juetuzhi.net/2016/09/jue-tu-29745.html
2016-09-16 18:16:56,227 - juetu - INFO - 解析掘图志的内容，标题为：5分钟看完2016校园爱情电影《我才不会对黑崎君说的话言听计从》
2016-09-16 18:16:56,229 - spider - ERROR - Tried to save duplicate unique keys (insertDocument :: caused by :: 11000 E11000 duplicate key error index: fun.post.$title_1  dup key: { : "5分钟看完2016校园爱情电影《我才不会对黑崎君说的话言听计从》" })
2016-09-16 18:16:56,230 - spider - INFO - 解析文章内容，地址为：http://juetuzhi.net/2016/09/jue-tu-29744.html
2016-09-16 18:16:56,576 - fanjian - INFO - 解析犯贱志的内容，标题为：瞬间感觉自己也是有钱人了。
2016-09-16 18:16:56,578 - spider - ERROR - Tried to save duplicate unique keys (insertDocument :: caused by :: 11000 E11000 duplicate key error index: fun.post.$title_1  dup key: { : "瞬间感觉自己也是有钱人了。" })
2016-09-16 18:16:56,580 - spider - INFO - 解析文章内容，地址为：http://www.fanjian.net/post/89880
2016-09-16 18:16:56,635 - juetu - INFO - 解析掘图志的内容，标题为：电影院里，当前排的人点亮手机
2016-09-16 18:16:56,637 - spider - ERROR - Tried to save duplicate unique keys (insertDocument :: caused by :: 11000 E11000 duplicate key error index: fun.post.$title_1  dup key: { : "电影院里，当前排的人点亮手机" })
2016-09-16 18:16:56,638 - spider - INFO - 解析文章内容，地址为：http://juetuzhi.net/2016/09/jue-tu-29743.html
2016-09-16 18:16:56,908 - juetu - INFO - 解析掘图志的内容，标题为：飞碟一分钟：一分钟告诉你结扎会降低性功能吗？
2016-09-16 18:16:56,911 - spider - ERROR - Tried to save duplicate unique keys (insertDocument :: caused by :: 11000 E11000 duplicate key error index: fun.post.$title_1  dup key: { : "飞碟一分钟：一分钟告诉你结扎会降低性功能吗？" })
2016-09-16 18:16:56,912 - spider - INFO - 解析文章内容，地址为：http://juetuzhi.net/2016/09/jue-tu-29742.html
2016-09-16 18:16:57,252 - juetu - INFO - 解析掘图志的内容，标题为：2016-09-02大杂烩(18P)
2016-09-16 18:16:57,252 - spider - INFO - 解析文章内容，地址为：http://juetuzhi.net/2016/09/jue-tu-29741.html
2016-09-16 18:16:57,454 - fanjian - INFO - 解析犯贱志的内容，标题为：我们乡下人也会玩！
2016-09-16 18:16:57,457 - spider - ERROR - Tried to save duplicate unique keys (insertDocument :: caused by :: 11000 E11000 duplicate key error index: fun.post.$title_1  dup key: { : "我们乡下人也会玩！" })
2016-09-16 18:16:57,458 - spider - INFO - 解析文章内容，地址为：http://www.fanjian.net/post/89877
2016-09-16 18:16:57,614 - juetu - INFO - 解析掘图志的内容，标题为：现在买点东西，真闹心，这么污。。。
2016-09-16 18:16:57,617 - spider - ERROR - Tried to save duplicate unique keys (insertDocument :: caused by :: 11000 E11000 duplicate key error index: fun.post.$title_1  dup key: { : "现在买点东西，真闹心，这么污。。。" })
2016-09-16 18:16:57,618 - spider - INFO - 解析文章内容，地址为：http://juetuzhi.net/2016/09/jue-tu-29740.html
2016-09-16 18:16:57,985 - juetu - INFO - 解析掘图志的内容，标题为：女朋友说我不懂浪漫 不会给她小惊喜 我不服！(6P)
2016-09-16 18:16:57,989 - spider - ERROR - Tried to save duplicate unique keys (insertDocument :: caused by :: 11000 E11000 duplicate key error index: fun.post.$title_1  dup key: { : "女朋友说我不懂浪漫 不会给她小惊喜 我不服！(6P)" })
2016-09-16 18:16:57,989 - spider - INFO - 解析文章内容，地址为：http://juetuzhi.net/2016/09/jue-tu-29739.html
2016-09-16 18:16:58,263 - juetu - INFO - 解析掘图志的内容，标题为：一位网友分享的，爸爸的手艺。。。感天动地！
2016-09-16 18:16:58,269 - spider - ERROR - Tried to save duplicate unique keys (insertDocument :: caused by :: 11000 E11000 duplicate key error index: fun.post.$title_1  dup key: { : "一位网友分享的，爸爸的手艺。。。感天动地！" })
2016-09-16 18:16:58,270 - spider - INFO - 解析文章内容，地址为：http://juetuzhi.net/2016/09/jue-tu-29738.html
2016-09-16 18:16:58,290 - fanjian - INFO - 解析犯贱志的内容，标题为：这车加了反重力装置了吗？？？
2016-09-16 18:16:58,292 - spider - ERROR - Tried to save duplicate unique keys (insertDocument :: caused by :: 11000 E11000 duplicate key error index: fun.post.$title_1  dup key: { : "这车加了反重力装置了吗？？？" })
2016-09-16 18:16:58,293 - spider - INFO - 解析文章内容，地址为：http://www.fanjian.net/post/89878
2016-09-16 18:16:58,558 - juetu - INFO - 解析掘图志的内容，标题为：路过学校门口的网吧看到网吧挂了个横幅，6的飞起。
2016-09-16 18:16:58,562 - spider - ERROR - Tried to save duplicate unique keys (insertDocument :: caused by :: 11000 E11000 duplicate key error index: fun.post.$title_1  dup key: { : "路过学校门口的网吧看到网吧挂了个横幅，6的飞起。" })
2016-09-16 18:16:58,562 - spider - INFO - 解析文章内容，地址为：http://juetuzhi.net/2016/09/jue-tu-29737.html
2016-09-16 18:16:58,848 - juetu - INFO - 解析掘图志的内容，标题为：6分钟看完我要当舰长的电影《星际迷航》1+2集
2016-09-16 18:16:58,851 - spider - ERROR - Tried to save duplicate unique keys (insertDocument :: caused by :: 11000 E11000 duplicate key error index: fun.post.$title_1  dup key: { : "6分钟看完我要当舰长的电影《星际迷航》1+2集" })
2016-09-16 18:16:58,852 - spider - INFO - 解析文章内容，地址为：http://juetuzhi.net/2016/09/jue-tu-29736.html
2016-09-16 18:16:59,115 - juetu - INFO - 解析掘图志的内容，标题为：预防早恋，要从小抓起！
2016-09-16 18:16:59,118 - spider - ERROR - Tried to save duplicate unique keys (insertDocument :: caused by :: 11000 E11000 duplicate key error index: fun.post.$title_1  dup key: { : "预防早恋，要从小抓起！" })
2016-09-16 18:16:59,119 - spider - INFO - 解析文章内容，地址为：http://juetuzhi.net/2016/09/jue-tu-29735.html
2016-09-16 18:16:59,187 - fanjian - INFO - 解析犯贱志的内容，标题为：海南伴娘婚宴醉亡获婚礼方赔偿5万，死者家属欲告同桌喝酒者。
2016-09-16 18:16:59,190 - spider - ERROR - Tried to save duplicate unique keys (insertDocument :: caused by :: 11000 E11000 duplicate key error index: fun.post.$title_1  dup key: { : "海南伴娘婚宴醉亡获婚礼方赔偿5万，死者家属欲告同桌喝酒者。" })
2016-09-16 18:16:59,191 - spider - INFO - 解析文章内容，地址为：http://www.fanjian.net/post/89876
2016-09-16 18:16:59,397 - juetu - INFO - 解析掘图志的内容，标题为：飞碟说：为什么中国校服那么丑
2016-09-16 18:16:59,399 - spider - ERROR - Tried to save duplicate unique keys (insertDocument :: caused by :: 11000 E11000 duplicate key error index: fun.post.$title_1  dup key: { : "飞碟说：为什么中国校服那么丑" })
2016-09-16 18:16:59,400 - spider - INFO - 解析文章内容，地址为：http://juetuzhi.net/2016/09/jue-tu-29734.html
2016-09-16 18:16:59,696 - juetu - INFO - 解析掘图志的内容，标题为：2016-09-01大杂烩(18P)
2016-09-16 18:16:59,696 - spider - INFO - 解析文章内容，地址为：http://juetuzhi.net/2016/08/jue-tu-29733.html
2016-09-16 18:16:59,983 - juetu - INFO - 解析掘图志的内容，标题为：这家火锅店厨师心里一定住着一位小公举！(2P)
2016-09-16 18:16:59,986 - spider - ERROR - Tried to save duplicate unique keys (insertDocument :: caused by :: 11000 E11000 duplicate key error index: fun.post.$title_1  dup key: { : "这家火锅店厨师心里一定住着一位小公举！(2P)" })
2016-09-16 18:16:59,987 - spider - INFO - 解析文章内容，地址为：http://juetuzhi.net/2016/08/jue-tu-29732.html
2016-09-16 18:17:00,043 - fanjian - INFO - 解析犯贱志的内容，标题为：猫对距离的计算一向非常精确
2016-09-16 18:17:00,070 - spider - ERROR - Tried to save duplicate unique keys (insertDocument :: caused by :: 11000 E11000 duplicate key error index: fun.post.$title_1  dup key: { : "猫对距离的计算一向非常精确" })
2016-09-16 18:17:00,071 - spider - INFO - 解析文章内容，地址为：http://www.fanjian.net/post/89875
2016-09-16 18:17:00,260 - juetu - INFO - 解析掘图志的内容，标题为：图片仅供参考，请以实物为准(2P)
2016-09-16 18:17:00,264 - spider - ERROR - Tried to save duplicate unique keys (insertDocument :: caused by :: 11000 E11000 duplicate key error index: fun.post.$title_1  dup key: { : "图片仅供参考，请以实物为准(2P)" })
2016-09-16 18:17:00,264 - spider - INFO - 解析文章内容，地址为：http://juetuzhi.net/2016/08/jue-tu-29731.html
2016-09-16 18:17:00,549 - juetu - INFO - 解析掘图志的内容，标题为：台湾一个无聊的网友，每天的事情就是给网红留言(9P)
2016-09-16 18:17:00,556 - spider - ERROR - Tried to save duplicate unique keys (insertDocument :: caused by :: 11000 E11000 duplicate key error index: fun.post.$title_1  dup key: { : "台湾一个无聊的网友，每天的事情就是给网红留言(9P)" })
2016-09-16 18:17:00,557 - spider - INFO - 解析文章内容，地址为：http://juetuzhi.net/2016/08/jue-tu-29730.html
2016-09-16 18:17:00,843 - juetu - INFO - 解析掘图志的内容，标题为：10秒钟给电脑除灰
2016-09-16 18:17:00,847 - spider - ERROR - Tried to save duplicate unique keys (insertDocument :: caused by :: 11000 E11000 duplicate key error index: fun.post.$title_1  dup key: { : "10秒钟给电脑除灰" })
2016-09-16 18:17:00,847 - spider - INFO - 解析文章内容，地址为：http://juetuzhi.net/2016/08/jue-tu-29729.html
2016-09-16 18:17:00,913 - fanjian - INFO - 解析犯贱志的内容，标题为：跳蛛科是一类体型小，不织网的蜘蛛，又被称为蝇虎。
2016-09-16 18:17:00,915 - spider - ERROR - Tried to save duplicate unique keys (insertDocument :: caused by :: 11000 E11000 duplicate key error index: fun.post.$title_1  dup key: { : "跳蛛科是一类体型小，不织网的蜘蛛，又被称为蝇虎。" })
2016-09-16 18:17:00,916 - spider - INFO - 解析文章内容，地址为：http://www.fanjian.net/post/89873
2016-09-16 18:17:01,125 - juetu - INFO - 解析掘图志的内容，标题为：一场台风过后，醒来的时候发现家里多了好多东西。。。
2016-09-16 18:17:01,128 - spider - ERROR - Tried to save duplicate unique keys (insertDocument :: caused by :: 11000 E11000 duplicate key error index: fun.post.$title_1  dup key: { : "一场台风过后，醒来的时候发现家里多了好多东西。。。" })
2016-09-16 18:17:01,129 - spider - INFO - 解析文章内容，地址为：http://juetuzhi.net/2016/08/jue-tu-29728.html
2016-09-16 18:17:01,413 - juetu - INFO - 解析掘图志的内容，标题为：飞碟一分钟：一分钟让你不再做噩梦
2016-09-16 18:17:01,416 - spider - ERROR - Tried to save duplicate unique keys (insertDocument :: caused by :: 11000 E11000 duplicate key error index: fun.post.$title_1  dup key: { : "飞碟一分钟：一分钟让你不再做噩梦" })
2016-09-16 18:17:01,417 - spider - INFO - 解析文章内容，地址为：http://juetuzhi.net/2016/08/jue-tu-29727.html
2016-09-16 18:17:01,701 - juetu - INFO - 解析掘图志的内容，标题为：2016-08-31大杂烩(18P)
2016-09-16 18:17:01,701 - spider - INFO - 解析文章内容，地址为：http://juetuzhi.net/2016/08/jue-tu-29726.html
2016-09-16 18:17:01,759 - fanjian - INFO - 解析犯贱志的内容，标题为：活活把你们虐死
2016-09-16 18:17:01,761 - spider - ERROR - Tried to save duplicate unique keys (insertDocument :: caused by :: 11000 E11000 duplicate key error index: fun.post.$title_1  dup key: { : "活活把你们虐死" })
2016-09-16 18:17:01,763 - spider - INFO - 解析文章内容，地址为：http://www.fanjian.net/post/89874
2016-09-16 18:17:02,361 - juetu - INFO - 解析掘图志的内容，标题为：这是一对有味道的情侣手机壳
2016-09-16 18:17:02,364 - spider - ERROR - Tried to save duplicate unique keys (insertDocument :: caused by :: 11000 E11000 duplicate key error index: fun.post.$title_1  dup key: { : "这是一对有味道的情侣手机壳" })
2016-09-16 18:17:02,365 - spider - INFO - 解析文章内容，地址为：http://juetuzhi.net/2016/08/jue-tu-29725.html
2016-09-16 18:17:02,618 - fanjian - INFO - 解析犯贱志的内容，标题为：在外喜欢外放很大声者，都是得了广场舞后遗症吧。［多图］
2016-09-16 18:17:02,620 - spider - ERROR - Tried to save duplicate unique keys (insertDocument :: caused by :: 11000 E11000 duplicate key error index: fun.post.$title_1  dup key: { : "在外喜欢外放很大声者，都是得了广场舞后遗症吧。［多图］" })
2016-09-16 18:17:02,622 - spider - INFO - 解析文章内容，地址为：http://www.fanjian.net/post/89872
2016-09-16 18:17:03,022 - juetu - INFO - 解析掘图志的内容，标题为：感受到了一股无形的引力！(3P)
2016-09-16 18:17:03,027 - spider - ERROR - Tried to save duplicate unique keys (insertDocument :: caused by :: 11000 E11000 duplicate key error index: fun.post.$title_1  dup key: { : "感受到了一股无形的引力！(3P)" })
2016-09-16 18:17:03,028 - spider - INFO - 解析文章内容，地址为：http://juetuzhi.net/2016/08/jue-tu-29724.html
2016-09-16 18:17:03,310 - juetu - INFO - 解析掘图志的内容，标题为：谜一样的欢乐气息，此处中间应有篝火
2016-09-16 18:17:03,314 - spider - ERROR - Tried to save duplicate unique keys (insertDocument :: caused by :: 11000 E11000 duplicate key error index: fun.post.$title_1  dup key: { : "谜一样的欢乐气息，此处中间应有篝火" })
2016-09-16 18:17:03,315 - spider - INFO - 解析文章内容，地址为：http://juetuzhi.net/2016/08/jue-tu-29723.html
2016-09-16 18:17:03,424 - fanjian - INFO - 解析犯贱志的内容，标题为：东京新宿站附近的一对男女……日本药丸系列
2016-09-16 18:17:03,426 - spider - ERROR - Tried to save duplicate unique keys (insertDocument :: caused by :: 11000 E11000 duplicate key error index: fun.post.$title_1  dup key: { : "东京新宿站附近的一对男女……日本药丸系列" })
2016-09-16 18:17:03,428 - spider - INFO - 解析文章内容，地址为：http://www.fanjian.net/post/89871
2016-09-16 18:17:03,587 - juetu - INFO - 解析掘图志的内容，标题为：4分钟看完2016交到女朋友的电影《我的极品女神》
2016-09-16 18:17:03,590 - spider - ERROR - Tried to save duplicate unique keys (insertDocument :: caused by :: 11000 E11000 duplicate key error index: fun.post.$title_1  dup key: { : "4分钟看完2016交到女朋友的电影《我的极品女神》" })
2016-09-16 18:17:03,590 - spider - INFO - 解析文章内容，地址为：http://juetuzhi.net/2016/08/jue-tu-29722.html
2016-09-16 18:17:04,179 - juetu - INFO - 解析掘图志的内容，标题为：网红是怎么练成的
2016-09-16 18:17:04,183 - spider - ERROR - Tried to save duplicate unique keys (insertDocument :: caused by :: 11000 E11000 duplicate key error index: fun.post.$title_1  dup key: { : "网红是怎么练成的" })
2016-09-16 18:17:04,183 - spider - INFO - 解析文章内容，地址为：http://juetuzhi.net/2016/08/jue-tu-29721.html
2016-09-16 18:17:04,272 - fanjian - INFO - 解析犯贱志的内容，标题为：生动形象的演示了什么叫做害羞地匿了。。。
2016-09-16 18:17:04,274 - spider - ERROR - Tried to save duplicate unique keys (insertDocument :: caused by :: 11000 E11000 duplicate key error index: fun.post.$title_1  dup key: { : "生动形象的演示了什么叫做害羞地匿了。。。" })
2016-09-16 18:17:04,275 - spider - INFO - 解析文章内容，地址为：http://www.fanjian.net/post/89870
2016-09-16 18:17:04,867 - juetu - INFO - 解析掘图志的内容，标题为：飞碟头条：电击治疗网瘾？到底谁有病！
2016-09-16 18:17:04,869 - spider - ERROR - Tried to save duplicate unique keys (insertDocument :: caused by :: 11000 E11000 duplicate key error index: fun.post.$title_1  dup key: { : "飞碟头条：电击治疗网瘾？到底谁有病！" })
2016-09-16 18:17:04,870 - spider - INFO - 解析文章内容，地址为：http://juetuzhi.net/2016/08/jue-tu-29720.html
2016-09-16 18:17:05,127 - fanjian - INFO - 解析犯贱志的内容，标题为：这神马玩意儿？一坨金灿灿的翔？？？
2016-09-16 18:17:05,129 - spider - ERROR - Tried to save duplicate unique keys (insertDocument :: caused by :: 11000 E11000 duplicate key error index: fun.post.$title_1  dup key: { : "这神马玩意儿？一坨金灿灿的翔？？？" })
2016-09-16 18:17:05,131 - spider - INFO - 解析文章内容，地址为：http://www.fanjian.net/post/89869
2016-09-16 18:17:05,540 - juetu - INFO - 解析掘图志的内容，标题为：2016-08-30大杂烩(18P)
2016-09-16 18:17:05,540 - spider - INFO - 解析文章内容，地址为：http://juetuzhi.net/2016/08/jue-tu-29719.html
2016-09-16 18:17:06,168 - juetu - INFO - 解析掘图志的内容，标题为：“葛优瘫”之后又出现了“熊猫瘫”，一个个像是戳破的芝麻汤圆(4P)
2016-09-16 18:17:06,171 - spider - ERROR - Tried to save duplicate unique keys (insertDocument :: caused by :: 11000 E11000 duplicate key error index: fun.post.$title_1  dup key: { : "“葛优瘫”之后又出现了“熊猫瘫”，一个个像是戳破的芝麻汤圆(4P)" })
2016-09-16 18:17:06,172 - spider - INFO - 解析文章内容，地址为：http://juetuzhi.net/2016/08/jue-tu-29718.html
2016-09-16 18:17:06,481 - fanjian - INFO - 解析犯贱志的内容，标题为：奥地利宪兵特种部队单兵装备，我觉得你们少了把大宝剑。。。【双图】
2016-09-16 18:17:06,483 - spider - ERROR - Tried to save duplicate unique keys (insertDocument :: caused by :: 11000 E11000 duplicate key error index: fun.post.$title_1  dup key: { : "奥地利宪兵特种部队单兵装备，我觉得你们少了把大宝剑。。。【双图】" })
2016-09-16 18:17:06,484 - spider - INFO - 解析文章内容，地址为：http://www.fanjian.net/post/89868
2016-09-16 18:17:06,495 - juetu - INFO - 解析掘图志的内容，标题为：5分钟看完2016回溯找凶手的电影《只有我不在的街道》
2016-09-16 18:17:06,498 - spider - ERROR - Tried to save duplicate unique keys (insertDocument :: caused by :: 11000 E11000 duplicate key error index: fun.post.$title_1  dup key: { : "5分钟看完2016回溯找凶手的电影《只有我不在的街道》" })
2016-09-16 18:17:06,499 - spider - INFO - 解析文章内容，地址为：http://juetuzhi.net/2016/08/jue-tu-29717.html
2016-09-16 18:17:06,787 - juetu - INFO - 解析掘图志的内容，标题为：今天给自己定了个小目标！
2016-09-16 18:17:06,791 - spider - ERROR - Tried to save duplicate unique keys (insertDocument :: caused by :: 11000 E11000 duplicate key error index: fun.post.$title_1  dup key: { : "今天给自己定了个小目标！" })
2016-09-16 18:17:06,792 - spider - INFO - 解析文章内容，地址为：http://juetuzhi.net/2016/08/jue-tu-29716.html
2016-09-16 18:17:07,071 - juetu - INFO - 解析掘图志的内容，标题为：飞碟一分钟：一分钟让那些说电脑有辐射的人玩儿蛋去吧
2016-09-16 18:17:07,074 - spider - ERROR - Tried to save duplicate unique keys (insertDocument :: caused by :: 11000 E11000 duplicate key error index: fun.post.$title_1  dup key: { : "飞碟一分钟：一分钟让那些说电脑有辐射的人玩儿蛋去吧" })
2016-09-16 18:17:07,074 - spider - INFO - 解析文章内容，地址为：http://juetuzhi.net/2016/08/jue-tu-29715.html
2016-09-16 18:17:07,325 - fanjian - INFO - 解析犯贱志的内容，标题为：人生需要一场说走就走的旅行。【多图】
2016-09-16 18:17:07,327 - spider - ERROR - Tried to save duplicate unique keys (insertDocument :: caused by :: 11000 E11000 duplicate key error index: fun.post.$title_1  dup key: { : "人生需要一场说走就走的旅行。【多图】" })
2016-09-16 18:17:07,328 - spider - INFO - 解析文章内容，地址为：http://www.fanjian.net/post/89867
2016-09-16 18:17:07,355 - juetu - INFO - 解析掘图志的内容，标题为：2016-08-29大杂烩(18P)
2016-09-16 18:17:07,355 - spider - INFO - 解析文章内容，地址为：http://juetuzhi.net/2016/08/jue-tu-29714.html
2016-09-16 18:17:07,628 - juetu - INFO - 解析掘图志的内容，标题为：拿这样的卡包去刷地铁应该会被打。。。
2016-09-16 18:17:07,631 - spider - ERROR - Tried to save duplicate unique keys (insertDocument :: caused by :: 11000 E11000 duplicate key error index: fun.post.$title_1  dup key: { : "拿这样的卡包去刷地铁应该会被打。。。" })
2016-09-16 18:17:07,632 - spider - INFO - 解析文章内容，地址为：http://juetuzhi.net/2016/08/jue-tu-29713.html
2016-09-16 18:17:07,917 - juetu - INFO - 解析掘图志的内容，标题为：淮秀帮创意配音：开学特辑 大学版《新九门》
2016-09-16 18:17:07,919 - spider - ERROR - Tried to save duplicate unique keys (insertDocument :: caused by :: 11000 E11000 duplicate key error index: fun.post.$title_1  dup key: { : "淮秀帮创意配音：开学特辑 大学版《新九门》" })
2016-09-16 18:17:07,920 - spider - INFO - 解析文章内容，地址为：http://juetuzhi.net/2016/08/jue-tu-29712.html
2016-09-16 18:17:08,210 - juetu - INFO - 解析掘图志的内容，标题为：台湾动漫祭上COS小杰的人，长发冲天的还原给你101分(3P)
2016-09-16 18:17:08,213 - spider - ERROR - Tried to save duplicate unique keys (insertDocument :: caused by :: 11000 E11000 duplicate key error index: fun.post.$title_1  dup key: { : "台湾动漫祭上COS小杰的人，长发冲天的还原给你101分(3P)" })
2016-09-16 18:17:08,214 - spider - INFO - 解析文章内容，地址为：http://juetuzhi.net/2016/08/jue-tu-29711.html
2016-09-16 18:17:08,246 - fanjian - INFO - 解析犯贱志的内容，标题为：破风手！
2016-09-16 18:17:08,248 - spider - ERROR - Tried to save duplicate unique keys (insertDocument :: caused by :: 11000 E11000 duplicate key error index: fun.post.$title_1  dup key: { : "破风手！" })
2016-09-16 18:17:08,250 - spider - INFO - 解析文章内容，地址为：http://www.fanjian.net/post/89865
2016-09-16 18:17:08,505 - juetu - INFO - 解析掘图志的内容，标题为：飞碟一分钟：一分钟告诉你为什么会有夫妻相
2016-09-16 18:17:08,508 - spider - ERROR - Tried to save duplicate unique keys (insertDocument :: caused by :: 11000 E11000 duplicate key error index: fun.post.$title_1  dup key: { : "飞碟一分钟：一分钟告诉你为什么会有夫妻相" })
2016-09-16 18:17:08,509 - spider - INFO - 解析文章内容，地址为：http://juetuzhi.net/2016/08/jue-tu-29710.html
2016-09-16 18:17:08,795 - juetu - INFO - 解析掘图志的内容，标题为：2016-08-28大杂烩(18P)
2016-09-16 18:17:08,796 - spider - INFO - 解析文章内容，地址为：http://juetuzhi.net/2016/08/jue-tu-29709.html
2016-09-16 18:17:09,078 - juetu - INFO - 解析掘图志的内容，标题为：暴走大事件：欠债难讨的有效治疗办法，中国女排三十年诠释奥运精神
2016-09-16 18:17:09,081 - spider - ERROR - Tried to save duplicate unique keys (insertDocument :: caused by :: 11000 E11000 duplicate key error index: fun.post.$title_1  dup key: { : "暴走大事件：欠债难讨的有效治疗办法，中国女排三十年诠释奥运精神" })
2016-09-16 18:17:09,081 - spider - INFO - 解析文章内容，地址为：http://juetuzhi.net/2016/08/jue-tu-29708.html
2016-09-16 18:17:09,146 - fanjian - INFO - 解析犯贱志的内容，标题为：谢谢，但是粉色的护膝太骚包了！
2016-09-16 18:17:09,148 - spider - ERROR - Tried to save duplicate unique keys (insertDocument :: caused by :: 11000 E11000 duplicate key error index: fun.post.$title_1  dup key: { : "谢谢，但是粉色的护膝太骚包了！" })
2016-09-16 18:17:09,150 - spider - INFO - 解析文章内容，地址为：http://www.fanjian.net/post/89866
2016-09-16 18:17:09,541 - juetu - INFO - 解析掘图志的内容，标题为：小说中的游戏老公和现实中的游戏老公
2016-09-16 18:17:09,543 - spider - ERROR - Tried to save duplicate unique keys (insertDocument :: caused by :: 11000 E11000 duplicate key error index: fun.post.$title_1  dup key: { : "小说中的游戏老公和现实中的游戏老公" })
2016-09-16 18:17:09,544 - spider - INFO - 解析文章内容，地址为：http://juetuzhi.net/2016/08/jue-tu-29707.html
2016-09-16 18:17:09,822 - juetu - INFO - 解析掘图志的内容，标题为：绳子魔术
2016-09-16 18:17:09,825 - spider - ERROR - Tried to save duplicate unique keys (insertDocument :: caused by :: 11000 E11000 duplicate key error index: fun.post.$title_1  dup key: { : "绳子魔术" })
2016-09-16 18:17:09,826 - spider - INFO - 解析文章内容，地址为：http://juetuzhi.net/2016/08/jue-tu-29706.html
2016-09-16 18:17:10,115 - juetu - INFO - 解析掘图志的内容，标题为：国外最新推出的三种口味的苏打蛋糕。。。没错这真的是蛋糕。。。(3P)
2016-09-16 18:17:10,118 - spider - ERROR - Tried to save duplicate unique keys (insertDocument :: caused by :: 11000 E11000 duplicate key error index: fun.post.$title_1  dup key: { : "国外最新推出的三种口味的苏打蛋糕。。。没错这真的是蛋糕。。。(3P)" })
2016-09-16 18:17:10,118 - spider - INFO - 解析文章内容，地址为：http://juetuzhi.net/2016/08/jue-tu-29705.html
2016-09-16 18:17:10,262 - fanjian - INFO - 解析犯贱志的内容，标题为：尝尝我自创的拔丝煎棒！
2016-09-16 18:17:10,265 - spider - ERROR - Tried to save duplicate unique keys (insertDocument :: caused by :: 11000 E11000 duplicate key error index: fun.post.$title_1  dup key: { : "尝尝我自创的拔丝煎棒！" })
2016-09-16 18:17:10,266 - spider - INFO - 解析文章内容，地址为：http://www.fanjian.net/post/89863
2016-09-16 18:17:10,390 - juetu - INFO - 解析掘图志的内容，标题为：飞碟一分钟：一分钟告诉你不这么做，当心个人信息被泄露
2016-09-16 18:17:10,394 - spider - ERROR - Tried to save duplicate unique keys (insertDocument :: caused by :: 11000 E11000 duplicate key error index: fun.post.$title_1  dup key: { : "飞碟一分钟：一分钟告诉你不这么做，当心个人信息被泄露" })
2016-09-16 18:17:10,394 - spider - INFO - 解析文章内容，地址为：http://juetuzhi.net/2016/08/jue-tu-29704.html
2016-09-16 18:17:10,683 - juetu - INFO - 解析掘图志的内容，标题为：有只小仓鼠不小心把胳膊折断了，这是医生给它包扎后的样子
2016-09-16 18:17:10,686 - spider - ERROR - Tried to save duplicate unique keys (insertDocument :: caused by :: 11000 E11000 duplicate key error index: fun.post.$title_1  dup key: { : "有只小仓鼠不小心把胳膊折断了，这是医生给它包扎后的样子" })
2016-09-16 18:17:10,686 - spider - INFO - 解析文章内容，地址为：http://juetuzhi.net/2016/08/jue-tu-29703.html
2016-09-16 18:17:10,971 - juetu - INFO - 解析掘图志的内容，标题为：杯具！母子二人同时被梯子打翻
2016-09-16 18:17:10,974 - spider - ERROR - Tried to save duplicate unique keys (insertDocument :: caused by :: 11000 E11000 duplicate key error index: fun.post.$title_1  dup key: { : "杯具！母子二人同时被梯子打翻" })
2016-09-16 18:17:10,975 - spider - INFO - 解析文章内容，地址为：http://juetuzhi.net/2016/08/jue-tu-29702.html
2016-09-16 18:17:11,101 - fanjian - INFO - 解析犯贱志的内容，标题为：吓得我赶紧去买了副耳机！【多图】
2016-09-16 18:17:11,104 - spider - ERROR - Tried to save duplicate unique keys (insertDocument :: caused by :: 11000 E11000 duplicate key error index: fun.post.$title_1  dup key: { : "吓得我赶紧去买了副耳机！【多图】" })
2016-09-16 18:17:11,108 - spider - INFO - 解析文章内容，地址为：http://www.fanjian.net/post/89864
2016-09-16 18:17:11,252 - juetu - INFO - 解析掘图志的内容，标题为：2016-08-27大杂烩(18P)
2016-09-16 18:17:11,252 - spider - INFO - 解析文章内容，地址为：http://juetuzhi.net/2016/08/jue-tu-29701.html
2016-09-16 18:17:11,534 - juetu - INFO - 解析掘图志的内容，标题为：4分钟看完2016动物养人类的电影《奇幻森林》
2016-09-16 18:17:11,538 - spider - ERROR - Tried to save duplicate unique keys (insertDocument :: caused by :: 11000 E11000 duplicate key error index: fun.post.$title_1  dup key: { : "4分钟看完2016动物养人类的电影《奇幻森林》" })
2016-09-16 18:17:11,539 - spider - INFO - 解析文章内容，地址为：http://juetuzhi.net/2016/08/jue-tu-29700.html
2016-09-16 18:17:11,840 - juetu - INFO - 解析掘图志的内容，标题为：别人的VS我的(2P)
2016-09-16 18:17:11,843 - spider - ERROR - Tried to save duplicate unique keys (insertDocument :: caused by :: 11000 E11000 duplicate key error index: fun.post.$title_1  dup key: { : "别人的VS我的(2P)" })
2016-09-16 18:17:11,843 - spider - INFO - 解析文章内容，地址为：http://juetuzhi.net/2016/08/jue-tu-29699.html
2016-09-16 18:17:11,963 - fanjian - INFO - 解析犯贱志的内容，标题为：夭寿啦 在线翻译成精啦！
2016-09-16 18:17:11,966 - spider - ERROR - Tried to save duplicate unique keys (insertDocument :: caused by :: 11000 E11000 duplicate key error index: fun.post.$title_1  dup key: { : "夭寿啦 在线翻译成精啦！" })
2016-09-16 18:17:11,967 - spider - INFO - 解析文章内容，地址为：http://www.fanjian.net/post/89861
2016-09-16 18:17:12,157 - juetu - INFO - 解析掘图志的内容，标题为：蹦极的时候手机掉了
2016-09-16 18:17:12,160 - spider - ERROR - Tried to save duplicate unique keys (insertDocument :: caused by :: 11000 E11000 duplicate key error index: fun.post.$title_1  dup key: { : "蹦极的时候手机掉了" })
2016-09-16 18:17:12,161 - spider - INFO - 解析文章内容，地址为：http://juetuzhi.net/2016/08/jue-tu-29698.html
2016-09-16 18:17:12,512 - juetu - INFO - 解析掘图志的内容，标题为：第一眼看错系列。。。
2016-09-16 18:17:12,515 - spider - ERROR - Tried to save duplicate unique keys (insertDocument :: caused by :: 11000 E11000 duplicate key error index: fun.post.$title_1  dup key: { : "第一眼看错系列。。。" })
2016-09-16 18:17:12,515 - spider - INFO - 解析文章内容，地址为：http://juetuzhi.net/2016/08/jue-tu-29697.html
2016-09-16 18:17:12,807 - juetu - INFO - 解析掘图志的内容，标题为：飞碟一分钟：一分钟告诉你晚睡真的那么可怕吗
2016-09-16 18:17:12,810 - spider - ERROR - Tried to save duplicate unique keys (insertDocument :: caused by :: 11000 E11000 duplicate key error index: fun.post.$title_1  dup key: { : "飞碟一分钟：一分钟告诉你晚睡真的那么可怕吗" })
2016-09-16 18:17:12,811 - spider - INFO - 解析文章内容，地址为：http://juetuzhi.net/2016/08/jue-tu-29696.html
2016-09-16 18:17:12,842 - fanjian - INFO - 解析犯贱志的内容，标题为：不是很懂你们在说什么！【多图】
2016-09-16 18:17:12,844 - spider - ERROR - Tried to save duplicate unique keys (insertDocument :: caused by :: 11000 E11000 duplicate key error index: fun.post.$title_1  dup key: { : "不是很懂你们在说什么！【多图】" })
2016-09-16 18:17:12,846 - spider - INFO - 解析文章内容，地址为：http://www.fanjian.net/post/89860
2016-09-16 18:17:13,097 - juetu - INFO - 解析掘图志的内容，标题为：照片vs现实，给摄影师的脑洞跪了。。。(6P)
2016-09-16 18:17:13,100 - spider - ERROR - Tried to save duplicate unique keys (insertDocument :: caused by :: 11000 E11000 duplicate key error index: fun.post.$title_1  dup key: { : "照片vs现实，给摄影师的脑洞跪了。。。(6P)" })
2016-09-16 18:17:13,101 - spider - INFO - 解析文章内容，地址为：http://juetuzhi.net/2016/08/jue-tu-29695.html
2016-09-16 18:17:13,388 - juetu - INFO - 解析掘图志的内容，标题为：摩托车荡秋千
2016-09-16 18:17:13,391 - spider - ERROR - Tried to save duplicate unique keys (insertDocument :: caused by :: 11000 E11000 duplicate key error index: fun.post.$title_1  dup key: { : "摩托车荡秋千" })
2016-09-16 18:17:13,391 - spider - INFO - 解析文章内容，地址为：http://juetuzhi.net/2016/08/jue-tu-29694.html
2016-09-16 18:17:13,686 - juetu - INFO - 解析掘图志的内容，标题为：2016-08-26大杂烩(18P)
2016-09-16 18:17:13,688 - spider - INFO - 爬取掘图志共花费时间为: 59.10 s
2016-09-16 18:17:13,702 - spider - INFO - 开始爬取奇趣发现的首页
2016-09-16 18:17:13,702 - spider - INFO - 爬取到网址为: ['http://www.qiqufaxian.cn/', 'http://www.qiqufaxian.cn/catalog.asp?page=2', 'http://www.qiqufaxian.cn/catalog.asp?page=3', 'http://www.qiqufaxian.cn/catalog.asp?page=4', 'http://www.qiqufaxian.cn/catalog.asp?page=5', 'http://www.qiqufaxian.cn/catalog.asp?page=6', 'http://www.qiqufaxian.cn/catalog.asp?page=7', 'http://www.qiqufaxian.cn/catalog.asp?page=8', 'http://www.qiqufaxian.cn/catalog.asp?page=9', 'http://www.qiqufaxian.cn/catalog.asp?page=10', 'http://www.qiqufaxian.cn/catalog.asp?page=11', 'http://www.qiqufaxian.cn/catalog.asp?page=12', 'http://www.qiqufaxian.cn/catalog.asp?page=13', 'http://www.qiqufaxian.cn/catalog.asp?page=14', 'http://www.qiqufaxian.cn/catalog.asp?page=15', 'http://www.qiqufaxian.cn/catalog.asp?page=16', 'http://www.qiqufaxian.cn/catalog.asp?page=17', 'http://www.qiqufaxian.cn/catalog.asp?page=18', 'http://www.qiqufaxian.cn/catalog.asp?page=19', 'http://www.qiqufaxian.cn/catalog.asp?page=20']
2016-09-16 18:17:14,144 - fanjian - INFO - 解析犯贱志的内容，标题为：非常有想法的沙发！【俩图】
2016-09-16 18:17:14,147 - spider - ERROR - Tried to save duplicate unique keys (insertDocument :: caused by :: 11000 E11000 duplicate key error index: fun.post.$title_1  dup key: { : "非常有想法的沙发！【俩图】" })
2016-09-16 18:17:14,148 - spider - INFO - 解析文章内容，地址为：http://www.fanjian.net/post/89859
2016-09-16 18:17:14,985 - fanjian - INFO - 解析犯贱志的内容，标题为：姑娘 不如我请你肯基吧！
2016-09-16 18:17:14,987 - spider - ERROR - Tried to save duplicate unique keys (insertDocument :: caused by :: 11000 E11000 duplicate key error index: fun.post.$title_1  dup key: { : "姑娘 不如我请你肯基吧！" })
2016-09-16 18:17:14,988 - spider - INFO - 解析文章内容，地址为：http://www.fanjian.net/post/89858
2016-09-16 18:17:16,050 - fanjian - INFO - 解析犯贱志的内容，标题为：这个月饼从外壳到包装袋再到里面都是厉害的…【多图】
2016-09-16 18:17:16,052 - spider - ERROR - Tried to save duplicate unique keys (insertDocument :: caused by :: 11000 E11000 duplicate key error index: fun.post.$title_1  dup key: { : "这个月饼从外壳到包装袋再到里面都是厉害的…【多图】" })
2016-09-16 18:17:16,054 - spider - INFO - 解析文章内容，地址为：http://www.fanjian.net/post/89857
2016-09-16 18:17:16,912 - fanjian - INFO - 解析犯贱志的内容，标题为：一杆到底！
2016-09-16 18:17:16,915 - spider - ERROR - Tried to save duplicate unique keys (insertDocument :: caused by :: 11000 E11000 duplicate key error index: fun.post.$title_1  dup key: { : "一杆到底！" })
2016-09-16 18:17:16,916 - spider - INFO - 解析文章内容，地址为：http://www.fanjian.net/post/89856
2016-09-16 18:17:18,400 - fanjian - INFO - 解析犯贱志的内容，标题为：用生命在好评 堪称业界良心！【多图】
2016-09-16 18:17:18,402 - spider - ERROR - Tried to save duplicate unique keys (insertDocument :: caused by :: 11000 E11000 duplicate key error index: fun.post.$title_1  dup key: { : "用生命在好评 堪称业界良心！【多图】" })
2016-09-16 18:17:18,403 - spider - INFO - 解析文章内容，地址为：http://www.fanjian.net/post/89855
2016-09-16 18:17:19,241 - fanjian - INFO - 解析犯贱志的内容，标题为：绝世好腰！【俩图】
2016-09-16 18:17:19,244 - spider - ERROR - Tried to save duplicate unique keys (insertDocument :: caused by :: 11000 E11000 duplicate key error index: fun.post.$title_1  dup key: { : "绝世好腰！【俩图】" })
2016-09-16 18:17:19,245 - spider - INFO - 解析文章内容，地址为：http://www.fanjian.net/post/89854
2016-09-16 18:17:20,124 - fanjian - INFO - 解析犯贱志的内容，标题为：又是一招凌波微步...【多图】
2016-09-16 18:17:20,126 - spider - ERROR - Tried to save duplicate unique keys (insertDocument :: caused by :: 11000 E11000 duplicate key error index: fun.post.$title_1  dup key: { : "又是一招凌波微步...【多图】" })
2016-09-16 18:17:20,128 - spider - INFO - 解析文章内容，地址为：http://www.fanjian.net/post/89853
2016-09-16 18:17:20,964 - fanjian - INFO - 解析犯贱志的内容，标题为：索尼 PlayStation 展台妹子的衣服，开了闪光灯拍摄的效果！【俩图】
2016-09-16 18:17:20,967 - spider - ERROR - Tried to save duplicate unique keys (insertDocument :: caused by :: 11000 E11000 duplicate key error index: fun.post.$title_1  dup key: { : "索尼 PlayStation 展台妹子的衣服，开了闪光灯拍摄的效果！【俩图】" })
2016-09-16 18:17:20,968 - spider - INFO - 解析文章内容，地址为：http://www.fanjian.net/post/89849
2016-09-16 18:17:21,836 - fanjian - INFO - 解析犯贱志的内容，标题为：老司机经历大风大浪 却在阴沟里翻了船！【多图】
2016-09-16 18:17:21,839 - spider - ERROR - Tried to save duplicate unique keys (insertDocument :: caused by :: 11000 E11000 duplicate key error index: fun.post.$title_1  dup key: { : "老司机经历大风大浪 却在阴沟里翻了船！【多图】" })
2016-09-16 18:17:21,840 - spider - INFO - 解析文章内容，地址为：http://www.fanjian.net/post/89848
2016-09-16 18:17:22,653 - fanjian - INFO - 解析犯贱志的内容，标题为：应该是在科研上遇到瓶颈了！【多图】
2016-09-16 18:17:22,656 - spider - ERROR - Tried to save duplicate unique keys (insertDocument :: caused by :: 11000 E11000 duplicate key error index: fun.post.$title_1  dup key: { : "应该是在科研上遇到瓶颈了！【多图】" })
2016-09-16 18:17:22,657 - spider - INFO - 解析文章内容，地址为：http://www.fanjian.net/post/89846
2016-09-16 18:17:23,504 - fanjian - INFO - 解析犯贱志的内容，标题为：朕的江山 风雨飘摇~【多图】
2016-09-16 18:17:23,507 - spider - ERROR - Tried to save duplicate unique keys (insertDocument :: caused by :: 11000 E11000 duplicate key error index: fun.post.$title_1  dup key: { : "朕的江山 风雨飘摇~【多图】" })
2016-09-16 18:17:23,508 - spider - INFO - 解析文章内容，地址为：http://www.fanjian.net/post/89850
Traceback (most recent call last):
  File "/usr/lib/python3/dist-packages/urllib3/connectionpool.py", line 377, in _make_request
    httplib_response = conn.getresponse(buffering=True)
TypeError: getresponse() got an unexpected keyword argument 'buffering'

During handling of the above exception, another exception occurred:

Traceback (most recent call last):
  File "/usr/lib/python3/dist-packages/urllib3/connectionpool.py", line 379, in _make_request
    httplib_response = conn.getresponse()
  File "/usr/lib/python3.5/http/client.py", line 1197, in getresponse
    response.begin()
  File "/usr/lib/python3.5/http/client.py", line 297, in begin
    version, status, reason = self._read_status()
  File "/usr/lib/python3.5/http/client.py", line 258, in _read_status
    line = str(self.fp.readline(_MAXLINE + 1), "iso-8859-1")
  File "/usr/lib/python3.5/socket.py", line 575, in readinto
    return self._sock.recv_into(b)
socket.timeout: timed out

During handling of the above exception, another exception occurred:

Traceback (most recent call last):
  File "/usr/lib/python3/dist-packages/requests/adapters.py", line 376, in send
    timeout=timeout
  File "/usr/lib/python3/dist-packages/urllib3/connectionpool.py", line 610, in urlopen
    _stacktrace=sys.exc_info()[2])
  File "/usr/lib/python3/dist-packages/urllib3/util/retry.py", line 247, in increment
    raise six.reraise(type(error), error, _stacktrace)
  File "/usr/lib/python3/dist-packages/six.py", line 686, in reraise
    raise value
  File "/usr/lib/python3/dist-packages/urllib3/connectionpool.py", line 560, in urlopen
    body=body, headers=headers)
  File "/usr/lib/python3/dist-packages/urllib3/connectionpool.py", line 381, in _make_request
    self._raise_timeout(err=e, url=url, timeout_value=read_timeout)
  File "/usr/lib/python3/dist-packages/urllib3/connectionpool.py", line 309, in _raise_timeout
    raise ReadTimeoutError(self, url, "Read timed out. (read timeout=%s)" % timeout_value)
requests.packages.urllib3.exceptions.ReadTimeoutError: HTTPConnectionPool(host='127.0.0.1', port=8087): Read timed out. (read timeout=10)

During handling of the above exception, another exception occurred:

Traceback (most recent call last):
  File "/usr/local/lib/python3.5/dist-packages/gevent/greenlet.py", line 534, in run
    result = self._run(*self.args, **self.kwargs)
  File "/home/joe/code/fun/spider.py", line 75, in _parse
    html = self.req(url).text
  File "/usr/lib/python3/dist-packages/requests/api.py", line 67, in get
    return request('get', url, params=params, **kwargs)
  File "/usr/lib/python3/dist-packages/requests/api.py", line 53, in request
    return session.request(method=method, url=url, **kwargs)
  File "/usr/lib/python3/dist-packages/requests/sessions.py", line 468, in request
    resp = self.send(prep, **send_kwargs)
  File "/usr/lib/python3/dist-packages/requests/sessions.py", line 576, in send
    r = adapter.send(request, **kwargs)
  File "/usr/lib/python3/dist-packages/requests/adapters.py", line 449, in send
    raise ReadTimeout(e, request=request)
requests.exceptions.ReadTimeout: HTTPConnectionPool(host='127.0.0.1', port=8087): Read timed out. (read timeout=10)
<Greenlet at 0x7fde407fa048: _parse('http://www.qiqufaxian.cn/')> failed with ReadTimeout

2016-09-16 18:17:24,357 - fanjian - INFO - 解析犯贱志的内容，标题为：大风天气不宜出门，台湾摩托小哥的遭遇。
2016-09-16 18:17:24,360 - spider - ERROR - Tried to save duplicate unique keys (insertDocument :: caused by :: 11000 E11000 duplicate key error index: fun.post.$title_1  dup key: { : "大风天气不宜出门，台湾摩托小哥的遭遇。" })
2016-09-16 18:17:24,361 - spider - INFO - 解析文章内容，地址为：http://www.fanjian.net/post/89852
2016-09-16 18:17:25,214 - fanjian - INFO - 解析犯贱志的内容，标题为：厉害了我的妹妹！
2016-09-16 18:17:25,216 - spider - ERROR - Tried to save duplicate unique keys (insertDocument :: caused by :: 11000 E11000 duplicate key error index: fun.post.$title_1  dup key: { : "厉害了我的妹妹！" })
2016-09-16 18:17:25,217 - spider - INFO - 解析文章内容，地址为：http://www.fanjian.net/post/89851
2016-09-16 18:17:26,040 - fanjian - INFO - 解析犯贱志的内容，标题为：八月秋高风怒号，卷我屋上三重茅【多图】
2016-09-16 18:17:26,042 - spider - ERROR - Tried to save duplicate unique keys (insertDocument :: caused by :: 11000 E11000 duplicate key error index: fun.post.$title_1  dup key: { : "八月秋高风怒号，卷我屋上三重茅【多图】" })
2016-09-16 18:17:26,044 - spider - INFO - 解析文章内容，地址为：http://www.fanjian.net/post/89847
2016-09-16 18:17:26,909 - fanjian - INFO - 解析犯贱志的内容，标题为：青春就是这么热血
2016-09-16 18:17:26,912 - spider - ERROR - Tried to save duplicate unique keys (insertDocument :: caused by :: 11000 E11000 duplicate key error index: fun.post.$title_1  dup key: { : "青春就是这么热血" })
2016-09-16 18:17:26,913 - spider - INFO - 解析文章内容，地址为：http://www.fanjian.net/post/89845
2016-09-16 18:17:27,772 - fanjian - INFO - 解析犯贱志的内容，标题为：我就是这样把自己吃胖的
2016-09-16 18:17:27,774 - spider - ERROR - Tried to save duplicate unique keys (insertDocument :: caused by :: 11000 E11000 duplicate key error index: fun.post.$title_1  dup key: { : "我就是这样把自己吃胖的" })
2016-09-16 18:17:27,776 - spider - INFO - 解析文章内容，地址为：http://www.fanjian.net/post/89844
