2016-09-16 19:16:08,120 - spider - INFO - 开始爬取犯贱志的首页
2016-09-16 19:16:08,121 - spider - INFO - 爬取到网址为: ['http://www.fanjian.net/', 'http://www.fanjian.net/latest-2', 'http://www.fanjian.net/latest-3', 'http://www.fanjian.net/latest-4', 'http://www.fanjian.net/latest-5', 'http://www.fanjian.net/latest-6', 'http://www.fanjian.net/latest-7', 'http://www.fanjian.net/latest-8', 'http://www.fanjian.net/latest-9', 'http://www.fanjian.net/latest-10', 'http://www.fanjian.net/latest-11', 'http://www.fanjian.net/latest-12', 'http://www.fanjian.net/latest-13', 'http://www.fanjian.net/latest-14', 'http://www.fanjian.net/latest-15', 'http://www.fanjian.net/latest-16', 'http://www.fanjian.net/latest-17', 'http://www.fanjian.net/latest-18', 'http://www.fanjian.net/latest-19', 'http://www.fanjian.net/latest-20']
2016-09-16 19:16:08,121 - spider - INFO - 开始爬取掘图志的首页
2016-09-16 19:16:08,122 - spider - INFO - 爬取到网址为: ['http://juetuzhi.net/', 'http://juetuzhi.net/page/2', 'http://juetuzhi.net/page/3', 'http://juetuzhi.net/page/4', 'http://juetuzhi.net/page/5', 'http://juetuzhi.net/page/6', 'http://juetuzhi.net/page/7', 'http://juetuzhi.net/page/8', 'http://juetuzhi.net/page/9', 'http://juetuzhi.net/page/10', 'http://juetuzhi.net/page/11', 'http://juetuzhi.net/page/12', 'http://juetuzhi.net/page/13', 'http://juetuzhi.net/page/14', 'http://juetuzhi.net/page/15', 'http://juetuzhi.net/page/16', 'http://juetuzhi.net/page/17', 'http://juetuzhi.net/page/18', 'http://juetuzhi.net/page/19', 'http://juetuzhi.net/page/20']
2016-09-16 19:16:11,424 - spider - INFO - 解析文章内容，地址为：http://juetuzhi.net/2016/09/jue-tu-29813.html
2016-09-16 19:16:11,558 - juetu - INFO - 解析掘图志的内容，标题为：4分钟看完2016大魔王耍智障的电影《忍者神龟2：破影而出》
2016-09-16 19:16:12,136 - spider - ERROR - Tried to save duplicate unique keys (insertDocument :: caused by :: 11000 E11000 duplicate key error index: fun.post.$title_1  dup key: { : "4分钟看完2016大魔王耍智障的电影《忍者神龟2：破影而出》" })
2016-09-16 19:16:12,137 - spider - INFO - 解析文章内容，地址为：http://juetuzhi.net/2016/09/jue-tu-29812.html
2016-09-16 19:16:12,231 - juetu - INFO - 解析掘图志的内容，标题为：差点上当
2016-09-16 19:16:12,724 - spider - ERROR - Tried to save duplicate unique keys (insertDocument :: caused by :: 11000 E11000 duplicate key error index: fun.post.$title_1  dup key: { : "差点上当" })
2016-09-16 19:16:12,725 - spider - INFO - 解析文章内容，地址为：http://juetuzhi.net/2016/09/jue-tu-29811.html
2016-09-16 19:16:12,817 - juetu - INFO - 解析掘图志的内容，标题为：飞碟说：安乐死合法化离我们还有多远？
2016-09-16 19:16:12,820 - spider - ERROR - Tried to save duplicate unique keys (insertDocument :: caused by :: 11000 E11000 duplicate key error index: fun.post.$title_1  dup key: { : "飞碟说：安乐死合法化离我们还有多远？" })
2016-09-16 19:16:12,821 - spider - INFO - 解析文章内容，地址为：http://juetuzhi.net/2016/09/jue-tu-29810.html
2016-09-16 19:16:12,919 - juetu - INFO - 解析掘图志的内容，标题为：2016-09-14大杂烩(18P)
2016-09-16 19:16:12,920 - spider - INFO - 解析文章内容，地址为：http://juetuzhi.net/2016/09/jue-tu-29809.html
2016-09-16 19:16:13,014 - juetu - INFO - 解析掘图志的内容，标题为：8分钟看完1350分钟的人帅真好电视剧《微微一笑很倾城》
2016-09-16 19:16:13,017 - spider - ERROR - Tried to save duplicate unique keys (insertDocument :: caused by :: 11000 E11000 duplicate key error index: fun.post.$title_1  dup key: { : "8分钟看完1350分钟的人帅真好电视剧《微微一笑很倾城》" })
2016-09-16 19:16:13,017 - spider - INFO - 解析文章内容，地址为：http://juetuzhi.net/2016/09/jue-tu-29808.html
2016-09-16 19:16:13,111 - juetu - INFO - 解析掘图志的内容，标题为：不是很懂新教学楼这设计
2016-09-16 19:16:13,114 - spider - ERROR - Tried to save duplicate unique keys (insertDocument :: caused by :: 11000 E11000 duplicate key error index: fun.post.$title_1  dup key: { : "不是很懂新教学楼这设计" })
2016-09-16 19:16:13,114 - spider - INFO - 解析文章内容，地址为：http://juetuzhi.net/2016/09/jue-tu-29807.html
2016-09-16 19:16:13,206 - juetu - INFO - 解析掘图志的内容，标题为：飞碟头条：支付宝变了！说好的不收费呢！
2016-09-16 19:16:13,221 - spider - ERROR - Tried to save duplicate unique keys (insertDocument :: caused by :: 11000 E11000 duplicate key error index: fun.post.$title_1  dup key: { : "飞碟头条：支付宝变了！说好的不收费呢！" })
2016-09-16 19:16:13,222 - spider - INFO - 解析文章内容，地址为：http://juetuzhi.net/2016/09/jue-tu-29806.html
2016-09-16 19:16:13,316 - juetu - INFO - 解析掘图志的内容，标题为：2016-09-13大杂烩(18P)
2016-09-16 19:16:13,316 - spider - INFO - 解析文章内容，地址为：http://juetuzhi.net/2016/09/jue-tu-29805.html
2016-09-16 19:16:13,409 - juetu - INFO - 解析掘图志的内容，标题为：怎样在10秒钟内偷走一辆自行车
2016-09-16 19:16:13,411 - spider - ERROR - Tried to save duplicate unique keys (insertDocument :: caused by :: 11000 E11000 duplicate key error index: fun.post.$title_1  dup key: { : "怎样在10秒钟内偷走一辆自行车" })
2016-09-16 19:16:13,412 - spider - INFO - 解析文章内容，地址为：http://juetuzhi.net/2016/09/jue-tu-29804.html
2016-09-16 19:16:13,503 - juetu - INFO - 解析掘图志的内容，标题为：推主honeoyaji吃完KFC用骨头拼的模型，膝盖什么的尽管拿去吧！
2016-09-16 19:16:13,505 - spider - ERROR - Tried to save duplicate unique keys (insertDocument :: caused by :: 11000 E11000 duplicate key error index: fun.post.$title_1  dup key: { : "推主honeoyaji吃完KFC用骨头拼的模型，膝盖什么的尽管拿去吧！" })
2016-09-16 19:16:13,506 - spider - INFO - 解析文章内容，地址为：http://juetuzhi.net/2016/09/jue-tu-29803.html
2016-09-16 19:16:13,601 - juetu - INFO - 解析掘图志的内容，标题为：4分钟看完2016玩弄你全家的电影《招魂2》
2016-09-16 19:16:13,604 - spider - ERROR - Tried to save duplicate unique keys (insertDocument :: caused by :: 11000 E11000 duplicate key error index: fun.post.$title_1  dup key: { : "4分钟看完2016玩弄你全家的电影《招魂2》" })
2016-09-16 19:16:13,604 - spider - INFO - 解析文章内容，地址为：http://juetuzhi.net/2016/09/jue-tu-29802.html
2016-09-16 19:16:13,697 - juetu - INFO - 解析掘图志的内容，标题为：男生和女生坐姿的区别
2016-09-16 19:16:13,710 - spider - ERROR - Tried to save duplicate unique keys (insertDocument :: caused by :: 11000 E11000 duplicate key error index: fun.post.$title_1  dup key: { : "男生和女生坐姿的区别" })
2016-09-16 19:16:13,710 - spider - INFO - 解析文章内容，地址为：http://juetuzhi.net/2016/09/jue-tu-29801.html
2016-09-16 19:16:13,806 - juetu - INFO - 解析掘图志的内容，标题为：这是什么虫？
2016-09-16 19:16:13,808 - spider - ERROR - Tried to save duplicate unique keys (insertDocument :: caused by :: 11000 E11000 duplicate key error index: fun.post.$title_1  dup key: { : "这是什么虫？" })
2016-09-16 19:16:13,809 - spider - INFO - 解析文章内容，地址为：http://juetuzhi.net/2016/09/jue-tu-29800.html
2016-09-16 19:16:13,903 - juetu - INFO - 解析掘图志的内容，标题为：你丫真给力
2016-09-16 19:16:13,905 - spider - ERROR - Tried to save duplicate unique keys (insertDocument :: caused by :: 11000 E11000 duplicate key error index: fun.post.$title_1  dup key: { : "你丫真给力" })
2016-09-16 19:16:13,906 - spider - INFO - 解析文章内容，地址为：http://juetuzhi.net/2016/09/jue-tu-29799.html
2016-09-16 19:16:14,004 - juetu - INFO - 解析掘图志的内容，标题为：飞碟说：房产中介的爱恨情仇
2016-09-16 19:16:14,007 - spider - ERROR - Tried to save duplicate unique keys (insertDocument :: caused by :: 11000 E11000 duplicate key error index: fun.post.$title_1  dup key: { : "飞碟说：房产中介的爱恨情仇" })
2016-09-16 19:16:14,007 - spider - INFO - 解析文章内容，地址为：http://juetuzhi.net/2016/09/jue-tu-29798.html
2016-09-16 19:16:14,101 - juetu - INFO - 解析掘图志的内容，标题为：2016-09-12大杂烩(18P)
2016-09-16 19:16:14,102 - spider - INFO - 解析文章内容，地址为：http://juetuzhi.net/2016/09/jue-tu-29797.html
2016-09-16 19:16:14,197 - juetu - INFO - 解析掘图志的内容，标题为：一枚在洪水中受困的猫咪，被救后。。。(6P)
2016-09-16 19:16:14,199 - spider - ERROR - Tried to save duplicate unique keys (insertDocument :: caused by :: 11000 E11000 duplicate key error index: fun.post.$title_1  dup key: { : "一枚在洪水中受困的猫咪，被救后。。。(6P)" })
2016-09-16 19:16:14,200 - spider - INFO - 解析文章内容，地址为：http://juetuzhi.net/2016/09/jue-tu-29796.html
2016-09-16 19:16:14,294 - juetu - INFO - 解析掘图志的内容，标题为：分享一个disco！
2016-09-16 19:16:14,333 - spider - ERROR - Tried to save duplicate unique keys (insertDocument :: caused by :: 11000 E11000 duplicate key error index: fun.post.$title_1  dup key: { : "分享一个disco！" })
2016-09-16 19:16:14,334 - spider - INFO - 解析文章内容，地址为：http://juetuzhi.net/2016/09/jue-tu-29795.html
2016-09-16 19:16:14,426 - juetu - INFO - 解析掘图志的内容，标题为：飞碟一分钟：一分钟揭秘那些让A杯升C杯的食物
2016-09-16 19:16:14,429 - spider - ERROR - Tried to save duplicate unique keys (insertDocument :: caused by :: 11000 E11000 duplicate key error index: fun.post.$title_1  dup key: { : "飞碟一分钟：一分钟揭秘那些让A杯升C杯的食物" })
2016-09-16 19:16:14,430 - spider - INFO - 解析文章内容，地址为：http://juetuzhi.net/2016/09/jue-tu-29794.html
2016-09-16 19:16:14,527 - juetu - INFO - 解析掘图志的内容，标题为：2016-09-11大杂烩(18P)
2016-09-16 19:16:14,528 - spider - INFO - 解析文章内容，地址为：http://juetuzhi.net/2016/09/jue-tu-29793.html
2016-09-16 19:16:14,629 - juetu - INFO - 解析掘图志的内容，标题为：中国好室友
2016-09-16 19:16:14,639 - spider - ERROR - Tried to save duplicate unique keys (insertDocument :: caused by :: 11000 E11000 duplicate key error index: fun.post.$title_1  dup key: { : "中国好室友" })
2016-09-16 19:16:14,641 - spider - INFO - 解析文章内容，地址为：http://juetuzhi.net/2016/09/jue-tu-29792.html
2016-09-16 19:16:14,737 - juetu - INFO - 解析掘图志的内容，标题为：5分钟看完2016投资赔钱就生气的电影《金钱怪兽》
2016-09-16 19:16:14,739 - spider - ERROR - Tried to save duplicate unique keys (insertDocument :: caused by :: 11000 E11000 duplicate key error index: fun.post.$title_1  dup key: { : "5分钟看完2016投资赔钱就生气的电影《金钱怪兽》" })
2016-09-16 19:16:14,740 - spider - INFO - 解析文章内容，地址为：http://juetuzhi.net/2016/09/jue-tu-29791.html
2016-09-16 19:16:14,835 - juetu - INFO - 解析掘图志的内容，标题为：求货车司机的心里阴影面积
2016-09-16 19:16:14,866 - spider - ERROR - Tried to save duplicate unique keys (insertDocument :: caused by :: 11000 E11000 duplicate key error index: fun.post.$title_1  dup key: { : "求货车司机的心里阴影面积" })
2016-09-16 19:16:14,867 - spider - INFO - 解析文章内容，地址为：http://juetuzhi.net/2016/09/jue-tu-29790.html
2016-09-16 19:16:14,961 - juetu - INFO - 解析掘图志的内容，标题为：飞碟头条：杀人卖尸，阴婚为何阴魂不散？
2016-09-16 19:16:14,964 - spider - ERROR - Tried to save duplicate unique keys (insertDocument :: caused by :: 11000 E11000 duplicate key error index: fun.post.$title_1  dup key: { : "飞碟头条：杀人卖尸，阴婚为何阴魂不散？" })
2016-09-16 19:16:14,965 - spider - INFO - 解析文章内容，地址为：http://juetuzhi.net/2016/09/jue-tu-29789.html
2016-09-16 19:16:15,061 - juetu - INFO - 解析掘图志的内容，标题为：2016-09-10大杂烩(18P)
2016-09-16 19:16:15,062 - spider - INFO - 解析文章内容，地址为：http://juetuzhi.net/2016/09/jue-tu-29788.html
2016-09-16 19:16:15,154 - juetu - INFO - 解析掘图志的内容，标题为：暴走大事件：用电大户杨永信终将面临正义
2016-09-16 19:16:15,157 - spider - ERROR - Tried to save duplicate unique keys (insertDocument :: caused by :: 11000 E11000 duplicate key error index: fun.post.$title_1  dup key: { : "暴走大事件：用电大户杨永信终将面临正义" })
2016-09-16 19:16:15,158 - spider - INFO - 解析文章内容，地址为：http://juetuzhi.net/2016/09/jue-tu-29787.html
2016-09-16 19:16:15,252 - juetu - INFO - 解析掘图志的内容，标题为：吃个苹果被吓死了。。。
2016-09-16 19:16:15,289 - spider - ERROR - Tried to save duplicate unique keys (insertDocument :: caused by :: 11000 E11000 duplicate key error index: fun.post.$title_1  dup key: { : "吃个苹果被吓死了。。。" })
2016-09-16 19:16:15,290 - spider - INFO - 解析文章内容，地址为：http://juetuzhi.net/2016/09/jue-tu-29786.html
2016-09-16 19:16:15,382 - juetu - INFO - 解析掘图志的内容，标题为：玩的就是心跳，超刺激的悬崖跳水
2016-09-16 19:16:15,385 - spider - ERROR - Tried to save duplicate unique keys (insertDocument :: caused by :: 11000 E11000 duplicate key error index: fun.post.$title_1  dup key: { : "玩的就是心跳，超刺激的悬崖跳水" })
2016-09-16 19:16:15,386 - spider - INFO - 解析文章内容，地址为：http://juetuzhi.net/2016/09/jue-tu-29785.html
2016-09-16 19:16:15,479 - juetu - INFO - 解析掘图志的内容，标题为：老娘正在补充冰力~
2016-09-16 19:16:15,482 - spider - ERROR - Tried to save duplicate unique keys (insertDocument :: caused by :: 11000 E11000 duplicate key error index: fun.post.$title_1  dup key: { : "老娘正在补充冰力~" })
2016-09-16 19:16:15,482 - spider - INFO - 解析文章内容，地址为：http://juetuzhi.net/2016/09/jue-tu-29784.html
2016-09-16 19:16:15,576 - juetu - INFO - 解析掘图志的内容，标题为：飞碟一分钟：一分钟告诉你男人为毛那么爱买球鞋
2016-09-16 19:16:15,578 - spider - ERROR - Tried to save duplicate unique keys (insertDocument :: caused by :: 11000 E11000 duplicate key error index: fun.post.$title_1  dup key: { : "飞碟一分钟：一分钟告诉你男人为毛那么爱买球鞋" })
2016-09-16 19:16:15,579 - spider - INFO - 解析文章内容，地址为：http://juetuzhi.net/2016/09/jue-tu-29783.html
2016-09-16 19:16:15,672 - juetu - INFO - 解析掘图志的内容，标题为：哈哈哈哈哈哈所以这个医生到底叫什么啊
2016-09-16 19:16:15,675 - spider - ERROR - Tried to save duplicate unique keys (insertDocument :: caused by :: 11000 E11000 duplicate key error index: fun.post.$title_1  dup key: { : "哈哈哈哈哈哈所以这个医生到底叫什么啊" })
2016-09-16 19:16:15,676 - spider - INFO - 解析文章内容，地址为：http://juetuzhi.net/2016/09/jue-tu-29782.html
2016-09-16 19:16:15,769 - juetu - INFO - 解析掘图志的内容，标题为：想拉就拉就是这么自信
2016-09-16 19:16:15,789 - spider - ERROR - Tried to save duplicate unique keys (insertDocument :: caused by :: 11000 E11000 duplicate key error index: fun.post.$title_1  dup key: { : "想拉就拉就是这么自信" })
2016-09-16 19:16:15,790 - spider - INFO - 解析文章内容，地址为：http://juetuzhi.net/2016/09/jue-tu-29781.html
2016-09-16 19:16:15,884 - juetu - INFO - 解析掘图志的内容，标题为：2016-09-09大杂烩(18P)
2016-09-16 19:16:15,885 - spider - INFO - 解析文章内容，地址为：http://juetuzhi.net/2016/09/jue-tu-29780.html
2016-09-16 19:16:15,979 - juetu - INFO - 解析掘图志的内容，标题为：山本耀司：给你个眼神自己体会(4P)
2016-09-16 19:16:15,984 - spider - ERROR - Tried to save duplicate unique keys (insertDocument :: caused by :: 11000 E11000 duplicate key error index: fun.post.$title_1  dup key: { : "山本耀司：给你个眼神自己体会(4P)" })
2016-09-16 19:16:15,985 - spider - INFO - 解析文章内容，地址为：http://juetuzhi.net/2016/09/jue-tu-29779.html
2016-09-16 19:16:16,081 - juetu - INFO - 解析掘图志的内容，标题为：飞碟一分钟：一分钟告诉你睡着后身体为什么会突然抽动
2016-09-16 19:16:16,084 - spider - ERROR - Tried to save duplicate unique keys (insertDocument :: caused by :: 11000 E11000 duplicate key error index: fun.post.$title_1  dup key: { : "飞碟一分钟：一分钟告诉你睡着后身体为什么会突然抽动" })
2016-09-16 19:16:16,084 - spider - INFO - 解析文章内容，地址为：http://juetuzhi.net/2016/09/jue-tu-29778.html
2016-09-16 19:16:16,178 - juetu - INFO - 解析掘图志的内容，标题为：2016-09-08大杂烩(18P)
2016-09-16 19:16:16,179 - spider - INFO - 解析文章内容，地址为：http://juetuzhi.net/2016/09/jue-tu-29777.html
2016-09-16 19:16:16,272 - juetu - INFO - 解析掘图志的内容，标题为：5分钟看完2016分手的电影《美国队长3》
2016-09-16 19:16:16,278 - spider - ERROR - Tried to save duplicate unique keys (insertDocument :: caused by :: 11000 E11000 duplicate key error index: fun.post.$title_1  dup key: { : "5分钟看完2016分手的电影《美国队长3》" })
2016-09-16 19:16:16,279 - spider - INFO - 解析文章内容，地址为：http://juetuzhi.net/2016/09/jue-tu-29776.html
2016-09-16 19:16:16,373 - juetu - INFO - 解析掘图志的内容，标题为：广西来宾市某水上乐园活动现场，气质脱俗的模特如一阵清风，拂过我的前列腺。。。(6P)
2016-09-16 19:16:16,378 - spider - ERROR - Tried to save duplicate unique keys (insertDocument :: caused by :: 11000 E11000 duplicate key error index: fun.post.$title_1  dup key: { : "广西来宾市某水上乐园活动现场，气质脱俗的模特如一阵清风，拂过我的前列腺。。。(6P)" })
2016-09-16 19:16:16,379 - spider - INFO - 解析文章内容，地址为：http://juetuzhi.net/2016/09/jue-tu-29775.html
2016-09-16 19:16:16,473 - juetu - INFO - 解析掘图志的内容，标题为：我仿佛听到你们又在背后说我胖
2016-09-16 19:16:16,475 - spider - ERROR - Tried to save duplicate unique keys (insertDocument :: caused by :: 11000 E11000 duplicate key error index: fun.post.$title_1  dup key: { : "我仿佛听到你们又在背后说我胖" })
2016-09-16 19:16:16,476 - spider - INFO - 解析文章内容，地址为：http://juetuzhi.net/2016/09/jue-tu-29774.html
2016-09-16 19:16:16,571 - juetu - INFO - 解析掘图志的内容，标题为：从这张幼儿园小朋友的名单就能看出琼瑶阿姨对这代人影响有多大。。。
2016-09-16 19:16:16,578 - spider - ERROR - Tried to save duplicate unique keys (insertDocument :: caused by :: 11000 E11000 duplicate key error index: fun.post.$title_1  dup key: { : "从这张幼儿园小朋友的名单就能看出琼瑶阿姨对这代人影响有多大。。。" })
2016-09-16 19:16:16,579 - spider - INFO - 解析文章内容，地址为：http://juetuzhi.net/2016/09/jue-tu-29773.html
2016-09-16 19:16:16,675 - juetu - INFO - 解析掘图志的内容，标题为：一个无视地心引力的女人。。。
2016-09-16 19:16:16,678 - spider - ERROR - Tried to save duplicate unique keys (insertDocument :: caused by :: 11000 E11000 duplicate key error index: fun.post.$title_1  dup key: { : "一个无视地心引力的女人。。。" })
2016-09-16 19:16:16,678 - spider - INFO - 解析文章内容，地址为：http://juetuzhi.net/2016/09/jue-tu-29772.html
2016-09-16 19:16:16,774 - juetu - INFO - 解析掘图志的内容，标题为：这个台湾妹子很高兴的跑去和奈良鹿合影，结果。。。
2016-09-16 19:16:16,777 - spider - ERROR - Tried to save duplicate unique keys (insertDocument :: caused by :: 11000 E11000 duplicate key error index: fun.post.$title_1  dup key: { : "这个台湾妹子很高兴的跑去和奈良鹿合影，结果。。。" })
2016-09-16 19:16:16,778 - spider - INFO - 解析文章内容，地址为：http://juetuzhi.net/2016/09/jue-tu-29771.html
2016-09-16 19:16:16,873 - juetu - INFO - 解析掘图志的内容，标题为：人！！工！！摧！！毁！！
2016-09-16 19:16:16,880 - spider - ERROR - Tried to save duplicate unique keys (insertDocument :: caused by :: 11000 E11000 duplicate key error index: fun.post.$title_1  dup key: { : "人！！工！！摧！！毁！！" })
2016-09-16 19:16:16,880 - spider - INFO - 解析文章内容，地址为：http://juetuzhi.net/2016/09/jue-tu-29770.html
2016-09-16 19:16:16,977 - juetu - INFO - 解析掘图志的内容，标题为：飞碟头条：悬案杀人狂的变态脑回路
2016-09-16 19:16:16,982 - spider - ERROR - Tried to save duplicate unique keys (insertDocument :: caused by :: 11000 E11000 duplicate key error index: fun.post.$title_1  dup key: { : "飞碟头条：悬案杀人狂的变态脑回路" })
2016-09-16 19:16:16,983 - spider - INFO - 解析文章内容，地址为：http://juetuzhi.net/2016/09/jue-tu-29769.html
2016-09-16 19:16:17,085 - juetu - INFO - 解析掘图志的内容，标题为：2016-09-07大杂烩(18P)
2016-09-16 19:16:17,085 - spider - INFO - 解析文章内容，地址为：http://juetuzhi.net/2016/09/jue-tu-29768.html
2016-09-16 19:16:17,181 - juetu - INFO - 解析掘图志的内容，标题为：5分钟看完2015人偶情未了的电影《剧场灵》
2016-09-16 19:16:17,183 - spider - ERROR - Tried to save duplicate unique keys (insertDocument :: caused by :: 11000 E11000 duplicate key error index: fun.post.$title_1  dup key: { : "5分钟看完2015人偶情未了的电影《剧场灵》" })
2016-09-16 19:16:17,184 - spider - INFO - 解析文章内容，地址为：http://juetuzhi.net/2016/09/jue-tu-29767.html
2016-09-16 19:16:17,277 - juetu - INFO - 解析掘图志的内容，标题为：再也不相信这个世界了！
2016-09-16 19:16:17,281 - spider - ERROR - Tried to save duplicate unique keys (insertDocument :: caused by :: 11000 E11000 duplicate key error index: fun.post.$title_1  dup key: { : "再也不相信这个世界了！" })
2016-09-16 19:16:17,282 - spider - INFO - 解析文章内容，地址为：http://juetuzhi.net/2016/09/jue-tu-29766.html
2016-09-16 19:16:17,377 - juetu - INFO - 解析掘图志的内容，标题为：飞碟头条：舒淇结婚扒情史，八卦怎么停不下来？
2016-09-16 19:16:17,381 - spider - ERROR - Tried to save duplicate unique keys (insertDocument :: caused by :: 11000 E11000 duplicate key error index: fun.post.$title_1  dup key: { : "飞碟头条：舒淇结婚扒情史，八卦怎么停不下来？" })
2016-09-16 19:16:17,382 - spider - INFO - 解析文章内容，地址为：http://juetuzhi.net/2016/09/jue-tu-29765.html
2016-09-16 19:16:17,477 - juetu - INFO - 解析掘图志的内容，标题为：2016-09-06大杂烩(18P)
2016-09-16 19:16:17,477 - spider - INFO - 解析文章内容，地址为：http://juetuzhi.net/2016/09/jue-tu-29764.html
2016-09-16 19:16:17,574 - juetu - INFO - 解析掘图志的内容，标题为：5分钟看完2016杰伦好想变魔术的电影《惊天魔盗团2》
2016-09-16 19:16:17,576 - spider - ERROR - Tried to save duplicate unique keys (insertDocument :: caused by :: 11000 E11000 duplicate key error index: fun.post.$title_1  dup key: { : "5分钟看完2016杰伦好想变魔术的电影《惊天魔盗团2》" })
2016-09-16 19:16:17,577 - spider - INFO - 解析文章内容，地址为：http://juetuzhi.net/2016/09/jue-tu-29763.html
2016-09-16 19:16:17,673 - juetu - INFO - 解析掘图志的内容，标题为：岛国一哥哥看妹妹睡得极熟，死活叫不起来，就对她的头发做了点小动作。。。心灵手巧的亲哥(4P)
2016-09-16 19:16:17,676 - spider - ERROR - Tried to save duplicate unique keys (insertDocument :: caused by :: 11000 E11000 duplicate key error index: fun.post.$title_1  dup key: { : "岛国一哥哥看妹妹睡得极熟，死活叫不起来，就对她的头发做了点小动作。。。心灵手巧的亲哥(4P)" })
2016-09-16 19:16:17,677 - spider - INFO - 解析文章内容，地址为：http://juetuzhi.net/2016/09/jue-tu-29762.html
2016-09-16 19:16:17,770 - juetu - INFO - 解析掘图志的内容，标题为：飞碟头条：网红“失身酒”，不作就不会死
2016-09-16 19:16:17,773 - spider - ERROR - Tried to save duplicate unique keys (insertDocument :: caused by :: 11000 E11000 duplicate key error index: fun.post.$title_1  dup key: { : "飞碟头条：网红“失身酒”，不作就不会死" })
2016-09-16 19:16:17,774 - spider - INFO - 解析文章内容，地址为：http://juetuzhi.net/2016/09/jue-tu-29761.html
2016-09-16 19:16:17,870 - juetu - INFO - 解析掘图志的内容，标题为：其实，很多事，不需要理由。。。(2P)
2016-09-16 19:16:17,872 - spider - ERROR - Tried to save duplicate unique keys (insertDocument :: caused by :: 11000 E11000 duplicate key error index: fun.post.$title_1  dup key: { : "其实，很多事，不需要理由。。。(2P)" })
2016-09-16 19:16:17,873 - spider - INFO - 解析文章内容，地址为：http://juetuzhi.net/2016/09/jue-tu-29760.html
2016-09-16 19:16:17,968 - juetu - INFO - 解析掘图志的内容，标题为：哈哈哈，老妈实在忍无可忍了！
2016-09-16 19:16:17,971 - spider - ERROR - Tried to save duplicate unique keys (insertDocument :: caused by :: 11000 E11000 duplicate key error index: fun.post.$title_1  dup key: { : "哈哈哈，老妈实在忍无可忍了！" })
2016-09-16 19:16:17,972 - spider - INFO - 解析文章内容，地址为：http://juetuzhi.net/2016/09/jue-tu-29759.html
2016-09-16 19:16:18,068 - juetu - INFO - 解析掘图志的内容，标题为：2016-09-05大杂烩(18P)
2016-09-16 19:16:18,069 - spider - INFO - 解析文章内容，地址为：http://juetuzhi.net/2016/09/jue-tu-29758.html
2016-09-16 19:16:18,163 - juetu - INFO - 解析掘图志的内容，标题为：用放大镜点燃胸毛
2016-09-16 19:16:18,166 - spider - ERROR - Tried to save duplicate unique keys (insertDocument :: caused by :: 11000 E11000 duplicate key error index: fun.post.$title_1  dup key: { : "用放大镜点燃胸毛" })
2016-09-16 19:16:18,167 - spider - INFO - 解析文章内容，地址为：http://juetuzhi.net/2016/09/jue-tu-29757.html
2016-09-16 19:16:18,269 - juetu - INFO - 解析掘图志的内容，标题为：在必胜客吃饭感觉碗挺好看，就想去某宝淘一个，妈蛋(4P)
2016-09-16 19:16:18,272 - spider - ERROR - Tried to save duplicate unique keys (insertDocument :: caused by :: 11000 E11000 duplicate key error index: fun.post.$title_1  dup key: { : "在必胜客吃饭感觉碗挺好看，就想去某宝淘一个，妈蛋(4P)" })
2016-09-16 19:16:18,273 - spider - INFO - 解析文章内容，地址为：http://juetuzhi.net/2016/09/jue-tu-29756.html
2016-09-16 19:16:18,371 - juetu - INFO - 解析掘图志的内容，标题为：哈哈哈，骑着鸵鸟飞奔而过的汉子
2016-09-16 19:16:18,373 - spider - ERROR - Tried to save duplicate unique keys (insertDocument :: caused by :: 11000 E11000 duplicate key error index: fun.post.$title_1  dup key: { : "哈哈哈，骑着鸵鸟飞奔而过的汉子" })
2016-09-16 19:16:18,374 - spider - INFO - 解析文章内容，地址为：http://juetuzhi.net/2016/09/jue-tu-29755.html
2016-09-16 19:16:18,469 - juetu - INFO - 解析掘图志的内容，标题为：分享一个猕猴桃 。。。(3P)
2016-09-16 19:16:18,642 - spider - ERROR - Tried to save duplicate unique keys (insertDocument :: caused by :: 11000 E11000 duplicate key error index: fun.post.$title_1  dup key: { : "分享一个猕猴桃 。。。(3P)" })
2016-09-16 19:16:18,643 - spider - INFO - 解析文章内容，地址为：http://juetuzhi.net/2016/09/jue-tu-29754.html
2016-09-16 19:16:18,739 - juetu - INFO - 解析掘图志的内容，标题为：飞碟一分钟：一分钟告诉你为什么蛋疼起来会要命
2016-09-16 19:16:18,743 - spider - ERROR - Tried to save duplicate unique keys (insertDocument :: caused by :: 11000 E11000 duplicate key error index: fun.post.$title_1  dup key: { : "飞碟一分钟：一分钟告诉你为什么蛋疼起来会要命" })
2016-09-16 19:16:18,744 - spider - INFO - 解析文章内容，地址为：http://juetuzhi.net/2016/09/jue-tu-29753.html
2016-09-16 19:16:18,838 - juetu - INFO - 解析掘图志的内容，标题为：金牌扣肉
2016-09-16 19:16:18,843 - spider - ERROR - Tried to save duplicate unique keys (insertDocument :: caused by :: 11000 E11000 duplicate key error index: fun.post.$title_1  dup key: { : "金牌扣肉" })
2016-09-16 19:16:18,844 - spider - INFO - 解析文章内容，地址为：http://juetuzhi.net/2016/09/jue-tu-29752.html
2016-09-16 19:16:18,937 - juetu - INFO - 解析掘图志的内容，标题为：命大的汪星人
2016-09-16 19:16:18,939 - spider - ERROR - Tried to save duplicate unique keys (insertDocument :: caused by :: 11000 E11000 duplicate key error index: fun.post.$title_1  dup key: { : "命大的汪星人" })
2016-09-16 19:16:18,940 - spider - INFO - 解析文章内容，地址为：http://juetuzhi.net/2016/09/jue-tu-29751.html
2016-09-16 19:16:19,040 - juetu - INFO - 解析掘图志的内容，标题为：2016-09-04大杂烩(18P)
2016-09-16 19:16:19,041 - spider - INFO - 解析文章内容，地址为：http://juetuzhi.net/2016/09/jue-tu-29750.html
2016-09-16 19:16:19,138 - juetu - INFO - 解析掘图志的内容，标题为：这么多年我都没说 其实当年救你的人是我！
2016-09-16 19:16:19,141 - spider - ERROR - Tried to save duplicate unique keys (insertDocument :: caused by :: 11000 E11000 duplicate key error index: fun.post.$title_1  dup key: { : "这么多年我都没说 其实当年救你的人是我！" })
2016-09-16 19:16:19,141 - spider - INFO - 解析文章内容，地址为：http://juetuzhi.net/2016/09/jue-tu-29749.html
2016-09-16 19:16:19,239 - juetu - INFO - 解析掘图志的内容，标题为：天津妞：论植入广告，只服《青云志》
2016-09-16 19:16:19,242 - spider - ERROR - Tried to save duplicate unique keys (insertDocument :: caused by :: 11000 E11000 duplicate key error index: fun.post.$title_1  dup key: { : "天津妞：论植入广告，只服《青云志》" })
2016-09-16 19:16:19,243 - spider - INFO - 解析文章内容，地址为：http://juetuzhi.net/2016/09/jue-tu-29748.html
2016-09-16 19:16:19,341 - juetu - INFO - 解析掘图志的内容，标题为：这一路走过去，感觉危机四伏险象环生出生入死啊。。。不留下买路肉骨头就是自取灭亡啊
2016-09-16 19:16:19,345 - spider - ERROR - Tried to save duplicate unique keys (insertDocument :: caused by :: 11000 E11000 duplicate key error index: fun.post.$title_1  dup key: { : "这一路走过去，感觉危机四伏险象环生出生入死啊。。。不留下买路肉骨头就是自取灭亡啊" })
2016-09-16 19:16:19,345 - spider - INFO - 解析文章内容，地址为：http://juetuzhi.net/2016/09/jue-tu-29747.html
2016-09-16 19:16:19,448 - juetu - INFO - 解析掘图志的内容，标题为：飞碟一分钟：一分钟告诉你为什么有人讨厌香菜
2016-09-16 19:16:19,450 - spider - ERROR - Tried to save duplicate unique keys (insertDocument :: caused by :: 11000 E11000 duplicate key error index: fun.post.$title_1  dup key: { : "飞碟一分钟：一分钟告诉你为什么有人讨厌香菜" })
2016-09-16 19:16:19,451 - spider - INFO - 解析文章内容，地址为：http://juetuzhi.net/2016/09/jue-tu-29746.html
2016-09-16 19:16:19,547 - juetu - INFO - 解析掘图志的内容，标题为：2016-09-03大杂烩(18P)
2016-09-16 19:16:19,548 - spider - INFO - 解析文章内容，地址为：http://juetuzhi.net/2016/09/jue-tu-29745.html
2016-09-16 19:16:19,644 - juetu - INFO - 解析掘图志的内容，标题为：5分钟看完2016校园爱情电影《我才不会对黑崎君说的话言听计从》
2016-09-16 19:16:19,647 - spider - ERROR - Tried to save duplicate unique keys (insertDocument :: caused by :: 11000 E11000 duplicate key error index: fun.post.$title_1  dup key: { : "5分钟看完2016校园爱情电影《我才不会对黑崎君说的话言听计从》" })
2016-09-16 19:16:19,647 - spider - INFO - 解析文章内容，地址为：http://juetuzhi.net/2016/09/jue-tu-29744.html
2016-09-16 19:16:19,743 - juetu - INFO - 解析掘图志的内容，标题为：电影院里，当前排的人点亮手机
2016-09-16 19:16:19,748 - spider - ERROR - Tried to save duplicate unique keys (insertDocument :: caused by :: 11000 E11000 duplicate key error index: fun.post.$title_1  dup key: { : "电影院里，当前排的人点亮手机" })
2016-09-16 19:16:19,749 - spider - INFO - 解析文章内容，地址为：http://juetuzhi.net/2016/09/jue-tu-29743.html
2016-09-16 19:16:19,842 - juetu - INFO - 解析掘图志的内容，标题为：飞碟一分钟：一分钟告诉你结扎会降低性功能吗？
2016-09-16 19:16:19,846 - spider - ERROR - Tried to save duplicate unique keys (insertDocument :: caused by :: 11000 E11000 duplicate key error index: fun.post.$title_1  dup key: { : "飞碟一分钟：一分钟告诉你结扎会降低性功能吗？" })
2016-09-16 19:16:19,847 - spider - INFO - 解析文章内容，地址为：http://juetuzhi.net/2016/09/jue-tu-29742.html
2016-09-16 19:16:19,943 - juetu - INFO - 解析掘图志的内容，标题为：2016-09-02大杂烩(18P)
2016-09-16 19:16:19,944 - spider - INFO - 解析文章内容，地址为：http://juetuzhi.net/2016/09/jue-tu-29741.html
2016-09-16 19:16:20,038 - juetu - INFO - 解析掘图志的内容，标题为：现在买点东西，真闹心，这么污。。。
2016-09-16 19:16:20,041 - spider - ERROR - Tried to save duplicate unique keys (insertDocument :: caused by :: 11000 E11000 duplicate key error index: fun.post.$title_1  dup key: { : "现在买点东西，真闹心，这么污。。。" })
2016-09-16 19:16:20,041 - spider - INFO - 解析文章内容，地址为：http://juetuzhi.net/2016/09/jue-tu-29740.html
2016-09-16 19:16:20,141 - juetu - INFO - 解析掘图志的内容，标题为：女朋友说我不懂浪漫 不会给她小惊喜 我不服！(6P)
2016-09-16 19:16:20,144 - spider - ERROR - Tried to save duplicate unique keys (insertDocument :: caused by :: 11000 E11000 duplicate key error index: fun.post.$title_1  dup key: { : "女朋友说我不懂浪漫 不会给她小惊喜 我不服！(6P)" })
2016-09-16 19:16:20,144 - spider - INFO - 解析文章内容，地址为：http://juetuzhi.net/2016/09/jue-tu-29739.html
2016-09-16 19:16:20,243 - juetu - INFO - 解析掘图志的内容，标题为：一位网友分享的，爸爸的手艺。。。感天动地！
2016-09-16 19:16:20,248 - spider - ERROR - Tried to save duplicate unique keys (insertDocument :: caused by :: 11000 E11000 duplicate key error index: fun.post.$title_1  dup key: { : "一位网友分享的，爸爸的手艺。。。感天动地！" })
2016-09-16 19:16:20,248 - spider - INFO - 解析文章内容，地址为：http://juetuzhi.net/2016/09/jue-tu-29738.html
2016-09-16 19:16:20,346 - juetu - INFO - 解析掘图志的内容，标题为：路过学校门口的网吧看到网吧挂了个横幅，6的飞起。
2016-09-16 19:16:20,377 - spider - ERROR - Tried to save duplicate unique keys (insertDocument :: caused by :: 11000 E11000 duplicate key error index: fun.post.$title_1  dup key: { : "路过学校门口的网吧看到网吧挂了个横幅，6的飞起。" })
2016-09-16 19:16:20,378 - spider - INFO - 解析文章内容，地址为：http://juetuzhi.net/2016/09/jue-tu-29737.html
2016-09-16 19:16:20,474 - juetu - INFO - 解析掘图志的内容，标题为：6分钟看完我要当舰长的电影《星际迷航》1+2集
2016-09-16 19:16:20,477 - spider - ERROR - Tried to save duplicate unique keys (insertDocument :: caused by :: 11000 E11000 duplicate key error index: fun.post.$title_1  dup key: { : "6分钟看完我要当舰长的电影《星际迷航》1+2集" })
2016-09-16 19:16:20,478 - spider - INFO - 解析文章内容，地址为：http://juetuzhi.net/2016/09/jue-tu-29736.html
2016-09-16 19:16:20,573 - juetu - INFO - 解析掘图志的内容，标题为：预防早恋，要从小抓起！
2016-09-16 19:16:20,575 - spider - ERROR - Tried to save duplicate unique keys (insertDocument :: caused by :: 11000 E11000 duplicate key error index: fun.post.$title_1  dup key: { : "预防早恋，要从小抓起！" })
2016-09-16 19:16:20,576 - spider - INFO - 解析文章内容，地址为：http://juetuzhi.net/2016/09/jue-tu-29735.html
2016-09-16 19:16:20,673 - juetu - INFO - 解析掘图志的内容，标题为：飞碟说：为什么中国校服那么丑
2016-09-16 19:16:20,676 - spider - ERROR - Tried to save duplicate unique keys (insertDocument :: caused by :: 11000 E11000 duplicate key error index: fun.post.$title_1  dup key: { : "飞碟说：为什么中国校服那么丑" })
2016-09-16 19:16:20,676 - spider - INFO - 解析文章内容，地址为：http://juetuzhi.net/2016/09/jue-tu-29734.html
2016-09-16 19:16:20,774 - juetu - INFO - 解析掘图志的内容，标题为：2016-09-01大杂烩(18P)
2016-09-16 19:16:20,775 - spider - INFO - 解析文章内容，地址为：http://juetuzhi.net/2016/08/jue-tu-29733.html
2016-09-16 19:16:20,872 - juetu - INFO - 解析掘图志的内容，标题为：这家火锅店厨师心里一定住着一位小公举！(2P)
2016-09-16 19:16:20,875 - spider - ERROR - Tried to save duplicate unique keys (insertDocument :: caused by :: 11000 E11000 duplicate key error index: fun.post.$title_1  dup key: { : "这家火锅店厨师心里一定住着一位小公举！(2P)" })
2016-09-16 19:16:20,875 - spider - INFO - 解析文章内容，地址为：http://juetuzhi.net/2016/08/jue-tu-29732.html
2016-09-16 19:16:20,971 - juetu - INFO - 解析掘图志的内容，标题为：图片仅供参考，请以实物为准(2P)
2016-09-16 19:16:20,974 - spider - ERROR - Tried to save duplicate unique keys (insertDocument :: caused by :: 11000 E11000 duplicate key error index: fun.post.$title_1  dup key: { : "图片仅供参考，请以实物为准(2P)" })
2016-09-16 19:16:20,975 - spider - INFO - 解析文章内容，地址为：http://juetuzhi.net/2016/08/jue-tu-29731.html
2016-09-16 19:16:21,078 - juetu - INFO - 解析掘图志的内容，标题为：台湾一个无聊的网友，每天的事情就是给网红留言(9P)
2016-09-16 19:16:21,085 - spider - ERROR - Tried to save duplicate unique keys (insertDocument :: caused by :: 11000 E11000 duplicate key error index: fun.post.$title_1  dup key: { : "台湾一个无聊的网友，每天的事情就是给网红留言(9P)" })
2016-09-16 19:16:21,086 - spider - INFO - 解析文章内容，地址为：http://juetuzhi.net/2016/08/jue-tu-29730.html
2016-09-16 19:16:21,181 - juetu - INFO - 解析掘图志的内容，标题为：10秒钟给电脑除灰
2016-09-16 19:16:21,184 - spider - ERROR - Tried to save duplicate unique keys (insertDocument :: caused by :: 11000 E11000 duplicate key error index: fun.post.$title_1  dup key: { : "10秒钟给电脑除灰" })
2016-09-16 19:16:21,185 - spider - INFO - 解析文章内容，地址为：http://juetuzhi.net/2016/08/jue-tu-29729.html
2016-09-16 19:16:21,280 - juetu - INFO - 解析掘图志的内容，标题为：一场台风过后，醒来的时候发现家里多了好多东西。。。
2016-09-16 19:16:21,285 - spider - ERROR - Tried to save duplicate unique keys (insertDocument :: caused by :: 11000 E11000 duplicate key error index: fun.post.$title_1  dup key: { : "一场台风过后，醒来的时候发现家里多了好多东西。。。" })
2016-09-16 19:16:21,286 - spider - INFO - 解析文章内容，地址为：http://juetuzhi.net/2016/08/jue-tu-29728.html
2016-09-16 19:16:21,381 - juetu - INFO - 解析掘图志的内容，标题为：飞碟一分钟：一分钟让你不再做噩梦
2016-09-16 19:16:21,385 - spider - ERROR - Tried to save duplicate unique keys (insertDocument :: caused by :: 11000 E11000 duplicate key error index: fun.post.$title_1  dup key: { : "飞碟一分钟：一分钟让你不再做噩梦" })
2016-09-16 19:16:21,386 - spider - INFO - 解析文章内容，地址为：http://juetuzhi.net/2016/08/jue-tu-29727.html
2016-09-16 19:16:21,479 - juetu - INFO - 解析掘图志的内容，标题为：2016-08-31大杂烩(18P)
2016-09-16 19:16:21,481 - spider - INFO - 解析文章内容，地址为：http://juetuzhi.net/2016/08/jue-tu-29726.html
2016-09-16 19:16:21,578 - juetu - INFO - 解析掘图志的内容，标题为：这是一对有味道的情侣手机壳
2016-09-16 19:16:21,583 - spider - ERROR - Tried to save duplicate unique keys (insertDocument :: caused by :: 11000 E11000 duplicate key error index: fun.post.$title_1  dup key: { : "这是一对有味道的情侣手机壳" })
2016-09-16 19:16:21,584 - spider - INFO - 解析文章内容，地址为：http://juetuzhi.net/2016/08/jue-tu-29725.html
2016-09-16 19:16:21,677 - juetu - INFO - 解析掘图志的内容，标题为：感受到了一股无形的引力！(3P)
2016-09-16 19:16:21,684 - spider - ERROR - Tried to save duplicate unique keys (insertDocument :: caused by :: 11000 E11000 duplicate key error index: fun.post.$title_1  dup key: { : "感受到了一股无形的引力！(3P)" })
2016-09-16 19:16:21,684 - spider - INFO - 解析文章内容，地址为：http://juetuzhi.net/2016/08/jue-tu-29724.html
2016-09-16 19:16:21,781 - juetu - INFO - 解析掘图志的内容，标题为：谜一样的欢乐气息，此处中间应有篝火
2016-09-16 19:16:21,784 - spider - ERROR - Tried to save duplicate unique keys (insertDocument :: caused by :: 11000 E11000 duplicate key error index: fun.post.$title_1  dup key: { : "谜一样的欢乐气息，此处中间应有篝火" })
2016-09-16 19:16:21,784 - spider - INFO - 解析文章内容，地址为：http://juetuzhi.net/2016/08/jue-tu-29723.html
2016-09-16 19:16:21,880 - juetu - INFO - 解析掘图志的内容，标题为：4分钟看完2016交到女朋友的电影《我的极品女神》
2016-09-16 19:16:21,883 - spider - ERROR - Tried to save duplicate unique keys (insertDocument :: caused by :: 11000 E11000 duplicate key error index: fun.post.$title_1  dup key: { : "4分钟看完2016交到女朋友的电影《我的极品女神》" })
2016-09-16 19:16:21,884 - spider - INFO - 解析文章内容，地址为：http://juetuzhi.net/2016/08/jue-tu-29722.html
2016-09-16 19:16:21,981 - juetu - INFO - 解析掘图志的内容，标题为：网红是怎么练成的
2016-09-16 19:16:21,984 - spider - ERROR - Tried to save duplicate unique keys (insertDocument :: caused by :: 11000 E11000 duplicate key error index: fun.post.$title_1  dup key: { : "网红是怎么练成的" })
2016-09-16 19:16:21,985 - spider - INFO - 解析文章内容，地址为：http://juetuzhi.net/2016/08/jue-tu-29721.html
2016-09-16 19:16:22,080 - juetu - INFO - 解析掘图志的内容，标题为：飞碟头条：电击治疗网瘾？到底谁有病！
2016-09-16 19:16:22,083 - spider - ERROR - Tried to save duplicate unique keys (insertDocument :: caused by :: 11000 E11000 duplicate key error index: fun.post.$title_1  dup key: { : "飞碟头条：电击治疗网瘾？到底谁有病！" })
2016-09-16 19:16:22,084 - spider - INFO - 解析文章内容，地址为：http://juetuzhi.net/2016/08/jue-tu-29720.html
2016-09-16 19:16:22,180 - juetu - INFO - 解析掘图志的内容，标题为：2016-08-30大杂烩(18P)
2016-09-16 19:16:22,181 - spider - INFO - 解析文章内容，地址为：http://juetuzhi.net/2016/08/jue-tu-29719.html
2016-09-16 19:16:22,277 - juetu - INFO - 解析掘图志的内容，标题为：“葛优瘫”之后又出现了“熊猫瘫”，一个个像是戳破的芝麻汤圆(4P)
2016-09-16 19:16:22,280 - spider - ERROR - Tried to save duplicate unique keys (insertDocument :: caused by :: 11000 E11000 duplicate key error index: fun.post.$title_1  dup key: { : "“葛优瘫”之后又出现了“熊猫瘫”，一个个像是戳破的芝麻汤圆(4P)" })
2016-09-16 19:16:22,280 - spider - INFO - 解析文章内容，地址为：http://juetuzhi.net/2016/08/jue-tu-29718.html
2016-09-16 19:16:22,375 - juetu - INFO - 解析掘图志的内容，标题为：5分钟看完2016回溯找凶手的电影《只有我不在的街道》
2016-09-16 19:16:22,386 - spider - ERROR - Tried to save duplicate unique keys (insertDocument :: caused by :: 11000 E11000 duplicate key error index: fun.post.$title_1  dup key: { : "5分钟看完2016回溯找凶手的电影《只有我不在的街道》" })
2016-09-16 19:16:22,387 - spider - INFO - 解析文章内容，地址为：http://juetuzhi.net/2016/08/jue-tu-29717.html
2016-09-16 19:16:22,481 - juetu - INFO - 解析掘图志的内容，标题为：今天给自己定了个小目标！
2016-09-16 19:16:22,488 - spider - ERROR - Tried to save duplicate unique keys (insertDocument :: caused by :: 11000 E11000 duplicate key error index: fun.post.$title_1  dup key: { : "今天给自己定了个小目标！" })
2016-09-16 19:16:22,489 - spider - INFO - 解析文章内容，地址为：http://juetuzhi.net/2016/08/jue-tu-29716.html
2016-09-16 19:16:22,583 - juetu - INFO - 解析掘图志的内容，标题为：飞碟一分钟：一分钟让那些说电脑有辐射的人玩儿蛋去吧
2016-09-16 19:16:22,588 - spider - ERROR - Tried to save duplicate unique keys (insertDocument :: caused by :: 11000 E11000 duplicate key error index: fun.post.$title_1  dup key: { : "飞碟一分钟：一分钟让那些说电脑有辐射的人玩儿蛋去吧" })
2016-09-16 19:16:22,588 - spider - INFO - 解析文章内容，地址为：http://juetuzhi.net/2016/08/jue-tu-29715.html
2016-09-16 19:16:22,683 - juetu - INFO - 解析掘图志的内容，标题为：2016-08-29大杂烩(18P)
2016-09-16 19:16:22,683 - spider - INFO - 解析文章内容，地址为：http://juetuzhi.net/2016/08/jue-tu-29714.html
2016-09-16 19:16:22,778 - juetu - INFO - 解析掘图志的内容，标题为：拿这样的卡包去刷地铁应该会被打。。。
2016-09-16 19:16:22,782 - spider - ERROR - Tried to save duplicate unique keys (insertDocument :: caused by :: 11000 E11000 duplicate key error index: fun.post.$title_1  dup key: { : "拿这样的卡包去刷地铁应该会被打。。。" })
2016-09-16 19:16:22,782 - spider - INFO - 解析文章内容，地址为：http://juetuzhi.net/2016/08/jue-tu-29713.html
2016-09-16 19:16:22,881 - juetu - INFO - 解析掘图志的内容，标题为：淮秀帮创意配音：开学特辑 大学版《新九门》
2016-09-16 19:16:22,884 - spider - ERROR - Tried to save duplicate unique keys (insertDocument :: caused by :: 11000 E11000 duplicate key error index: fun.post.$title_1  dup key: { : "淮秀帮创意配音：开学特辑 大学版《新九门》" })
2016-09-16 19:16:22,885 - spider - INFO - 解析文章内容，地址为：http://juetuzhi.net/2016/08/jue-tu-29712.html
2016-09-16 19:16:22,980 - juetu - INFO - 解析掘图志的内容，标题为：台湾动漫祭上COS小杰的人，长发冲天的还原给你101分(3P)
2016-09-16 19:16:22,983 - spider - ERROR - Tried to save duplicate unique keys (insertDocument :: caused by :: 11000 E11000 duplicate key error index: fun.post.$title_1  dup key: { : "台湾动漫祭上COS小杰的人，长发冲天的还原给你101分(3P)" })
2016-09-16 19:16:22,984 - spider - INFO - 解析文章内容，地址为：http://juetuzhi.net/2016/08/jue-tu-29711.html
2016-09-16 19:16:23,082 - juetu - INFO - 解析掘图志的内容，标题为：飞碟一分钟：一分钟告诉你为什么会有夫妻相
2016-09-16 19:16:23,085 - spider - ERROR - Tried to save duplicate unique keys (insertDocument :: caused by :: 11000 E11000 duplicate key error index: fun.post.$title_1  dup key: { : "飞碟一分钟：一分钟告诉你为什么会有夫妻相" })
2016-09-16 19:16:23,085 - spider - INFO - 解析文章内容，地址为：http://juetuzhi.net/2016/08/jue-tu-29710.html
2016-09-16 19:16:23,183 - juetu - INFO - 解析掘图志的内容，标题为：2016-08-28大杂烩(18P)
2016-09-16 19:16:23,184 - spider - INFO - 解析文章内容，地址为：http://juetuzhi.net/2016/08/jue-tu-29709.html
2016-09-16 19:16:23,282 - juetu - INFO - 解析掘图志的内容，标题为：暴走大事件：欠债难讨的有效治疗办法，中国女排三十年诠释奥运精神
2016-09-16 19:16:23,285 - spider - ERROR - Tried to save duplicate unique keys (insertDocument :: caused by :: 11000 E11000 duplicate key error index: fun.post.$title_1  dup key: { : "暴走大事件：欠债难讨的有效治疗办法，中国女排三十年诠释奥运精神" })
2016-09-16 19:16:23,285 - spider - INFO - 解析文章内容，地址为：http://juetuzhi.net/2016/08/jue-tu-29708.html
2016-09-16 19:16:23,384 - juetu - INFO - 解析掘图志的内容，标题为：小说中的游戏老公和现实中的游戏老公
2016-09-16 19:16:23,387 - spider - ERROR - Tried to save duplicate unique keys (insertDocument :: caused by :: 11000 E11000 duplicate key error index: fun.post.$title_1  dup key: { : "小说中的游戏老公和现实中的游戏老公" })
2016-09-16 19:16:23,387 - spider - INFO - 解析文章内容，地址为：http://juetuzhi.net/2016/08/jue-tu-29707.html
2016-09-16 19:16:23,482 - juetu - INFO - 解析掘图志的内容，标题为：绳子魔术
2016-09-16 19:16:23,484 - spider - ERROR - Tried to save duplicate unique keys (insertDocument :: caused by :: 11000 E11000 duplicate key error index: fun.post.$title_1  dup key: { : "绳子魔术" })
2016-09-16 19:16:23,485 - spider - INFO - 解析文章内容，地址为：http://juetuzhi.net/2016/08/jue-tu-29706.html
2016-09-16 19:16:23,583 - juetu - INFO - 解析掘图志的内容，标题为：国外最新推出的三种口味的苏打蛋糕。。。没错这真的是蛋糕。。。(3P)
2016-09-16 19:16:23,586 - spider - ERROR - Tried to save duplicate unique keys (insertDocument :: caused by :: 11000 E11000 duplicate key error index: fun.post.$title_1  dup key: { : "国外最新推出的三种口味的苏打蛋糕。。。没错这真的是蛋糕。。。(3P)" })
2016-09-16 19:16:23,587 - spider - INFO - 解析文章内容，地址为：http://juetuzhi.net/2016/08/jue-tu-29705.html
2016-09-16 19:16:23,685 - juetu - INFO - 解析掘图志的内容，标题为：飞碟一分钟：一分钟告诉你不这么做，当心个人信息被泄露
2016-09-16 19:16:23,688 - spider - ERROR - Tried to save duplicate unique keys (insertDocument :: caused by :: 11000 E11000 duplicate key error index: fun.post.$title_1  dup key: { : "飞碟一分钟：一分钟告诉你不这么做，当心个人信息被泄露" })
2016-09-16 19:16:23,688 - spider - INFO - 解析文章内容，地址为：http://juetuzhi.net/2016/08/jue-tu-29704.html
2016-09-16 19:16:23,786 - juetu - INFO - 解析掘图志的内容，标题为：有只小仓鼠不小心把胳膊折断了，这是医生给它包扎后的样子
2016-09-16 19:16:23,791 - spider - ERROR - Tried to save duplicate unique keys (insertDocument :: caused by :: 11000 E11000 duplicate key error index: fun.post.$title_1  dup key: { : "有只小仓鼠不小心把胳膊折断了，这是医生给它包扎后的样子" })
2016-09-16 19:16:23,791 - spider - INFO - 解析文章内容，地址为：http://juetuzhi.net/2016/08/jue-tu-29703.html
2016-09-16 19:16:23,888 - juetu - INFO - 解析掘图志的内容，标题为：杯具！母子二人同时被梯子打翻
2016-09-16 19:16:23,891 - spider - ERROR - Tried to save duplicate unique keys (insertDocument :: caused by :: 11000 E11000 duplicate key error index: fun.post.$title_1  dup key: { : "杯具！母子二人同时被梯子打翻" })
2016-09-16 19:16:23,891 - spider - INFO - 解析文章内容，地址为：http://juetuzhi.net/2016/08/jue-tu-29702.html
2016-09-16 19:16:23,991 - juetu - INFO - 解析掘图志的内容，标题为：2016-08-27大杂烩(18P)
2016-09-16 19:16:23,992 - spider - INFO - 解析文章内容，地址为：http://juetuzhi.net/2016/08/jue-tu-29701.html
2016-09-16 19:16:24,093 - juetu - INFO - 解析掘图志的内容，标题为：4分钟看完2016动物养人类的电影《奇幻森林》
2016-09-16 19:16:24,096 - spider - ERROR - Tried to save duplicate unique keys (insertDocument :: caused by :: 11000 E11000 duplicate key error index: fun.post.$title_1  dup key: { : "4分钟看完2016动物养人类的电影《奇幻森林》" })
2016-09-16 19:16:24,096 - spider - INFO - 解析文章内容，地址为：http://juetuzhi.net/2016/08/jue-tu-29700.html
2016-09-16 19:16:24,193 - juetu - INFO - 解析掘图志的内容，标题为：别人的VS我的(2P)
2016-09-16 19:16:24,210 - spider - ERROR - Tried to save duplicate unique keys (insertDocument :: caused by :: 11000 E11000 duplicate key error index: fun.post.$title_1  dup key: { : "别人的VS我的(2P)" })
2016-09-16 19:16:24,210 - spider - INFO - 解析文章内容，地址为：http://juetuzhi.net/2016/08/jue-tu-29699.html
2016-09-16 19:16:24,308 - juetu - INFO - 解析掘图志的内容，标题为：蹦极的时候手机掉了
2016-09-16 19:16:24,311 - spider - ERROR - Tried to save duplicate unique keys (insertDocument :: caused by :: 11000 E11000 duplicate key error index: fun.post.$title_1  dup key: { : "蹦极的时候手机掉了" })
2016-09-16 19:16:24,311 - spider - INFO - 解析文章内容，地址为：http://juetuzhi.net/2016/08/jue-tu-29698.html
2016-09-16 19:16:24,405 - juetu - INFO - 解析掘图志的内容，标题为：第一眼看错系列。。。
2016-09-16 19:16:24,408 - spider - ERROR - Tried to save duplicate unique keys (insertDocument :: caused by :: 11000 E11000 duplicate key error index: fun.post.$title_1  dup key: { : "第一眼看错系列。。。" })
2016-09-16 19:16:24,409 - spider - INFO - 解析文章内容，地址为：http://juetuzhi.net/2016/08/jue-tu-29697.html
2016-09-16 19:16:24,504 - juetu - INFO - 解析掘图志的内容，标题为：飞碟一分钟：一分钟告诉你晚睡真的那么可怕吗
2016-09-16 19:16:24,507 - spider - ERROR - Tried to save duplicate unique keys (insertDocument :: caused by :: 11000 E11000 duplicate key error index: fun.post.$title_1  dup key: { : "飞碟一分钟：一分钟告诉你晚睡真的那么可怕吗" })
2016-09-16 19:16:24,508 - spider - INFO - 解析文章内容，地址为：http://juetuzhi.net/2016/08/jue-tu-29696.html
2016-09-16 19:16:24,606 - juetu - INFO - 解析掘图志的内容，标题为：照片vs现实，给摄影师的脑洞跪了。。。(6P)
2016-09-16 19:16:24,610 - spider - ERROR - Tried to save duplicate unique keys (insertDocument :: caused by :: 11000 E11000 duplicate key error index: fun.post.$title_1  dup key: { : "照片vs现实，给摄影师的脑洞跪了。。。(6P)" })
2016-09-16 19:16:24,611 - spider - INFO - 解析文章内容，地址为：http://juetuzhi.net/2016/08/jue-tu-29695.html
2016-09-16 19:16:24,707 - juetu - INFO - 解析掘图志的内容，标题为：摩托车荡秋千
2016-09-16 19:16:24,712 - spider - ERROR - Tried to save duplicate unique keys (insertDocument :: caused by :: 11000 E11000 duplicate key error index: fun.post.$title_1  dup key: { : "摩托车荡秋千" })
2016-09-16 19:16:24,712 - spider - INFO - 解析文章内容，地址为：http://juetuzhi.net/2016/08/jue-tu-29694.html
2016-09-16 19:16:24,812 - juetu - INFO - 解析掘图志的内容，标题为：2016-08-26大杂烩(18P)
2016-09-16 19:16:24,814 - spider - INFO - 爬取掘图志共花费时间为: 16.69 s
2016-09-16 19:16:24,830 - spider - INFO - 开始爬取奇趣发现的首页
2016-09-16 19:16:24,830 - spider - INFO - 爬取到网址为: ['http://www.qiqufaxian.cn/', 'http://www.qiqufaxian.cn/catalog.asp?page=2', 'http://www.qiqufaxian.cn/catalog.asp?page=3', 'http://www.qiqufaxian.cn/catalog.asp?page=4', 'http://www.qiqufaxian.cn/catalog.asp?page=5', 'http://www.qiqufaxian.cn/catalog.asp?page=6', 'http://www.qiqufaxian.cn/catalog.asp?page=7', 'http://www.qiqufaxian.cn/catalog.asp?page=8', 'http://www.qiqufaxian.cn/catalog.asp?page=9', 'http://www.qiqufaxian.cn/catalog.asp?page=10', 'http://www.qiqufaxian.cn/catalog.asp?page=11', 'http://www.qiqufaxian.cn/catalog.asp?page=12', 'http://www.qiqufaxian.cn/catalog.asp?page=13', 'http://www.qiqufaxian.cn/catalog.asp?page=14', 'http://www.qiqufaxian.cn/catalog.asp?page=15', 'http://www.qiqufaxian.cn/catalog.asp?page=16', 'http://www.qiqufaxian.cn/catalog.asp?page=17', 'http://www.qiqufaxian.cn/catalog.asp?page=18', 'http://www.qiqufaxian.cn/catalog.asp?page=19', 'http://www.qiqufaxian.cn/catalog.asp?page=20']
2016-09-16 19:16:31,139 - spider - INFO - 解析文章内容，地址为：http://www.fanjian.net/post/89901
2016-09-16 19:16:39,565 - fanjian - INFO - 解析犯贱志的内容，标题为：希婆来了因为头前后摆动太厉害，根本撸不到。
2016-09-16 19:16:39,568 - spider - ERROR - Tried to save duplicate unique keys (insertDocument :: caused by :: 11000 E11000 duplicate key error index: fun.post.$title_1  dup key: { : "希婆来了因为头前后摆动太厉害，根本撸不到。" })
2016-09-16 19:16:39,569 - spider - INFO - 解析文章内容，地址为：http://www.fanjian.net/post/89900
Traceback (most recent call last):
  File "/usr/lib/python3/dist-packages/urllib3/connectionpool.py", line 377, in _make_request
    httplib_response = conn.getresponse(buffering=True)
TypeError: getresponse() got an unexpected keyword argument 'buffering'

During handling of the above exception, another exception occurred:

Traceback (most recent call last):
  File "/usr/lib/python3/dist-packages/urllib3/connectionpool.py", line 379, in _make_request
    httplib_response = conn.getresponse()
  File "/usr/lib/python3.5/http/client.py", line 1197, in getresponse
    response.begin()
  File "/usr/lib/python3.5/http/client.py", line 297, in begin
    version, status, reason = self._read_status()
  File "/usr/lib/python3.5/http/client.py", line 258, in _read_status
    line = str(self.fp.readline(_MAXLINE + 1), "iso-8859-1")
  File "/usr/lib/python3.5/socket.py", line 575, in readinto
    return self._sock.recv_into(b)
socket.timeout: timed out

During handling of the above exception, another exception occurred:

Traceback (most recent call last):
  File "/usr/lib/python3/dist-packages/requests/adapters.py", line 376, in send
    timeout=timeout
  File "/usr/lib/python3/dist-packages/urllib3/connectionpool.py", line 610, in urlopen
    _stacktrace=sys.exc_info()[2])
  File "/usr/lib/python3/dist-packages/urllib3/util/retry.py", line 247, in increment
    raise six.reraise(type(error), error, _stacktrace)
  File "/usr/lib/python3/dist-packages/six.py", line 686, in reraise
    raise value
  File "/usr/lib/python3/dist-packages/urllib3/connectionpool.py", line 560, in urlopen
    body=body, headers=headers)
  File "/usr/lib/python3/dist-packages/urllib3/connectionpool.py", line 381, in _make_request
    self._raise_timeout(err=e, url=url, timeout_value=read_timeout)
  File "/usr/lib/python3/dist-packages/urllib3/connectionpool.py", line 309, in _raise_timeout
    raise ReadTimeoutError(self, url, "Read timed out. (read timeout=%s)" % timeout_value)
requests.packages.urllib3.exceptions.ReadTimeoutError: HTTPConnectionPool(host='127.0.0.1', port=8087): Read timed out. (read timeout=10)

During handling of the above exception, another exception occurred:

Traceback (most recent call last):
  File "/usr/local/lib/python3.5/dist-packages/gevent/greenlet.py", line 534, in run
    result = self._run(*self.args, **self.kwargs)
  File "/home/joe/code/fun/spider.py", line 75, in _parse
    html = self.req(url).text
  File "/usr/lib/python3/dist-packages/requests/api.py", line 67, in get
    return request('get', url, params=params, **kwargs)
  File "/usr/lib/python3/dist-packages/requests/api.py", line 53, in request
    return session.request(method=method, url=url, **kwargs)
  File "/usr/lib/python3/dist-packages/requests/sessions.py", line 468, in request
    resp = self.send(prep, **send_kwargs)
  File "/usr/lib/python3/dist-packages/requests/sessions.py", line 576, in send
    r = adapter.send(request, **kwargs)
  File "/usr/lib/python3/dist-packages/requests/adapters.py", line 449, in send
    raise ReadTimeout(e, request=request)
requests.exceptions.ReadTimeout: HTTPConnectionPool(host='127.0.0.1', port=8087): Read timed out. (read timeout=10)
<Greenlet at 0x7fa87e6e1a60: _parse('http://www.qiqufaxian.cn/catalog.asp?page=2')> failed with ReadTimeout

2016-09-16 19:16:44,538 - fanjian - INFO - 解析犯贱志的内容，标题为：物管劝阻小孩乱按电梯，遭小孩爷爷殴打。
2016-09-16 19:16:44,541 - spider - ERROR - Tried to save duplicate unique keys (insertDocument :: caused by :: 11000 E11000 duplicate key error index: fun.post.$title_1  dup key: { : "物管劝阻小孩乱按电梯，遭小孩爷爷殴打。" })
2016-09-16 19:16:44,542 - spider - INFO - 解析文章内容，地址为：http://www.fanjian.net/post/89899
2016-09-16 19:16:45,721 - fanjian - INFO - 解析犯贱志的内容，标题为：这狗粮好大一颗。［多图］
2016-09-16 19:16:45,724 - spider - ERROR - Tried to save duplicate unique keys (insertDocument :: caused by :: 11000 E11000 duplicate key error index: fun.post.$title_1  dup key: { : "这狗粮好大一颗。［多图］" })
2016-09-16 19:16:45,725 - spider - INFO - 解析文章内容，地址为：http://www.fanjian.net/post/89898
2016-09-16 19:16:47,245 - fanjian - INFO - 解析犯贱志的内容，标题为：去他妈的南北大通透
2016-09-16 19:16:47,248 - spider - ERROR - Tried to save duplicate unique keys (insertDocument :: caused by :: 11000 E11000 duplicate key error index: fun.post.$title_1  dup key: { : "去他妈的南北大通透" })
2016-09-16 19:16:47,249 - spider - INFO - 解析文章内容，地址为：http://www.fanjian.net/post/89897
Traceback (most recent call last):
  File "/usr/lib/python3/dist-packages/urllib3/connectionpool.py", line 377, in _make_request
    httplib_response = conn.getresponse(buffering=True)
TypeError: getresponse() got an unexpected keyword argument 'buffering'

During handling of the above exception, another exception occurred:

Traceback (most recent call last):
  File "/usr/lib/python3/dist-packages/urllib3/connectionpool.py", line 379, in _make_request
    httplib_response = conn.getresponse()
  File "/usr/lib/python3.5/http/client.py", line 1197, in getresponse
    response.begin()
  File "/usr/lib/python3.5/http/client.py", line 297, in begin
    version, status, reason = self._read_status()
  File "/usr/lib/python3.5/http/client.py", line 258, in _read_status
    line = str(self.fp.readline(_MAXLINE + 1), "iso-8859-1")
  File "/usr/lib/python3.5/socket.py", line 575, in readinto
    return self._sock.recv_into(b)
socket.timeout: timed out

During handling of the above exception, another exception occurred:

Traceback (most recent call last):
  File "/usr/lib/python3/dist-packages/requests/adapters.py", line 376, in send
    timeout=timeout
  File "/usr/lib/python3/dist-packages/urllib3/connectionpool.py", line 610, in urlopen
    _stacktrace=sys.exc_info()[2])
  File "/usr/lib/python3/dist-packages/urllib3/util/retry.py", line 247, in increment
    raise six.reraise(type(error), error, _stacktrace)
  File "/usr/lib/python3/dist-packages/six.py", line 686, in reraise
    raise value
  File "/usr/lib/python3/dist-packages/urllib3/connectionpool.py", line 560, in urlopen
    body=body, headers=headers)
  File "/usr/lib/python3/dist-packages/urllib3/connectionpool.py", line 381, in _make_request
    self._raise_timeout(err=e, url=url, timeout_value=read_timeout)
  File "/usr/lib/python3/dist-packages/urllib3/connectionpool.py", line 309, in _raise_timeout
    raise ReadTimeoutError(self, url, "Read timed out. (read timeout=%s)" % timeout_value)
requests.packages.urllib3.exceptions.ReadTimeoutError: HTTPConnectionPool(host='127.0.0.1', port=8087): Read timed out. (read timeout=10)

During handling of the above exception, another exception occurred:

Traceback (most recent call last):
  File "/usr/local/lib/python3.5/dist-packages/gevent/greenlet.py", line 534, in run
    result = self._run(*self.args, **self.kwargs)
  File "/home/joe/code/fun/spider.py", line 75, in _parse
    html = self.req(url).text
  File "/usr/lib/python3/dist-packages/requests/api.py", line 67, in get
    return request('get', url, params=params, **kwargs)
  File "/usr/lib/python3/dist-packages/requests/api.py", line 53, in request
    return session.request(method=method, url=url, **kwargs)
  File "/usr/lib/python3/dist-packages/requests/sessions.py", line 468, in request
    resp = self.send(prep, **send_kwargs)
  File "/usr/lib/python3/dist-packages/requests/sessions.py", line 576, in send
    r = adapter.send(request, **kwargs)
  File "/usr/lib/python3/dist-packages/requests/adapters.py", line 449, in send
    raise ReadTimeout(e, request=request)
requests.exceptions.ReadTimeout: HTTPConnectionPool(host='127.0.0.1', port=8087): Read timed out. (read timeout=10)
<Greenlet at 0x7fa87e6e1af8: _parse('http://www.qiqufaxian.cn/catalog.asp?page=3')> failed with ReadTimeout

2016-09-16 19:16:53,265 - fanjian - INFO - 解析犯贱志的内容，标题为：有吃过万艾可的，出来说说有用吗？
2016-09-16 19:16:53,268 - spider - ERROR - Tried to save duplicate unique keys (insertDocument :: caused by :: 11000 E11000 duplicate key error index: fun.post.$title_1  dup key: { : "有吃过万艾可的，出来说说有用吗？" })
2016-09-16 19:16:53,270 - spider - INFO - 解析文章内容，地址为：http://www.fanjian.net/post/89896
2016-09-16 19:16:54,676 - fanjian - INFO - 解析犯贱志的内容，标题为：摇滚的真心没变，永远真唱！
2016-09-16 19:16:54,678 - spider - ERROR - Tried to save duplicate unique keys (insertDocument :: caused by :: 11000 E11000 duplicate key error index: fun.post.$title_1  dup key: { : "摇滚的真心没变，永远真唱！" })
2016-09-16 19:16:54,679 - spider - INFO - 解析文章内容，地址为：http://www.fanjian.net/post/89895
2016-09-16 19:16:55,581 - fanjian - INFO - 解析犯贱志的内容，标题为：还说美国人会玩。［多图］
2016-09-16 19:16:55,583 - spider - ERROR - Tried to save duplicate unique keys (insertDocument :: caused by :: 11000 E11000 duplicate key error index: fun.post.$title_1  dup key: { : "还说美国人会玩。［多图］" })
2016-09-16 19:16:55,585 - spider - INFO - 解析文章内容，地址为：http://www.fanjian.net/post/89894
2016-09-16 19:16:56,463 - fanjian - INFO - 解析犯贱志的内容，标题为：逃脱术
2016-09-16 19:16:56,466 - spider - ERROR - Tried to save duplicate unique keys (insertDocument :: caused by :: 11000 E11000 duplicate key error index: fun.post.$title_1  dup key: { : "逃脱术" })
2016-09-16 19:16:56,467 - spider - INFO - 解析文章内容，地址为：http://www.fanjian.net/post/89893
2016-09-16 19:16:57,117 - fanjian - INFO - 解析犯贱志的内容，标题为：摸奶算命，这位先生占大了便宜。
2016-09-16 19:16:57,119 - spider - ERROR - Tried to save duplicate unique keys (insertDocument :: caused by :: 11000 E11000 duplicate key error index: fun.post.$title_1  dup key: { : "摸奶算命，这位先生占大了便宜。" })
2016-09-16 19:16:57,122 - spider - INFO - 解析文章内容，地址为：http://www.fanjian.net/post/89892
2016-09-16 19:16:58,044 - fanjian - INFO - 解析犯贱志的内容，标题为：岛国论坛上关于“出门约会就应该男生掏钱”的讨论……楼下的一条回复引发了无数单身穷宅男的共鸣
2016-09-16 19:16:58,046 - spider - ERROR - Tried to save duplicate unique keys (insertDocument :: caused by :: 11000 E11000 duplicate key error index: fun.post.$title_1  dup key: { : "岛国论坛上关于“出门约会就应该男生掏钱”的讨论……楼下的一条回复引发了无数单身穷宅男的共鸣" })
2016-09-16 19:16:58,048 - spider - INFO - 解析文章内容，地址为：http://www.fanjian.net/post/89891
2016-09-16 19:16:59,182 - fanjian - INFO - 解析犯贱志的内容，标题为：美妙的大自然，到处都有免费食物
2016-09-16 19:16:59,185 - spider - ERROR - Tried to save duplicate unique keys (insertDocument :: caused by :: 11000 E11000 duplicate key error index: fun.post.$title_1  dup key: { : "美妙的大自然，到处都有免费食物" })
2016-09-16 19:16:59,186 - spider - INFO - 解析文章内容，地址为：http://www.fanjian.net/post/89889
2016-09-16 19:17:00,089 - fanjian - INFO - 解析犯贱志的内容，标题为：Master
2016-09-16 19:17:00,094 - spider - ERROR - Tried to save duplicate unique keys (insertDocument :: caused by :: 11000 E11000 duplicate key error index: fun.post.$title_1  dup key: { : "Master" })
2016-09-16 19:17:00,095 - spider - INFO - 解析文章内容，地址为：http://www.fanjian.net/post/89890
2016-09-16 19:17:01,030 - fanjian - INFO - 解析犯贱志的内容，标题为：加油站未加油已蹦字儿，中石化：设备故障。
2016-09-16 19:17:01,032 - spider - ERROR - Tried to save duplicate unique keys (insertDocument :: caused by :: 11000 E11000 duplicate key error index: fun.post.$title_1  dup key: { : "加油站未加油已蹦字儿，中石化：设备故障。" })
2016-09-16 19:17:01,033 - spider - INFO - 解析文章内容，地址为：http://www.fanjian.net/post/89888
2016-09-16 19:17:01,947 - fanjian - INFO - 解析犯贱志的内容，标题为：简直一毛一样，
2016-09-16 19:17:01,949 - spider - ERROR - Tried to save duplicate unique keys (insertDocument :: caused by :: 11000 E11000 duplicate key error index: fun.post.$title_1  dup key: { : "简直一毛一样，" })
2016-09-16 19:17:01,950 - spider - INFO - 解析文章内容，地址为：http://www.fanjian.net/post/89887
2016-09-16 19:17:02,843 - fanjian - INFO - 解析犯贱志的内容，标题为：自从学校不允许骑电动车送餐之后。［多图］
2016-09-16 19:17:02,845 - spider - ERROR - Tried to save duplicate unique keys (insertDocument :: caused by :: 11000 E11000 duplicate key error index: fun.post.$title_1  dup key: { : "自从学校不允许骑电动车送餐之后。［多图］" })
2016-09-16 19:17:02,846 - spider - INFO - 解析文章内容，地址为：http://www.fanjian.net/post/89885
2016-09-16 19:17:03,737 - fanjian - INFO - 解析犯贱志的内容，标题为：降水线迹~ 一种附属云
2016-09-16 19:17:03,740 - spider - ERROR - Tried to save duplicate unique keys (insertDocument :: caused by :: 11000 E11000 duplicate key error index: fun.post.$title_1  dup key: { : "降水线迹~ 一种附属云" })
2016-09-16 19:17:03,741 - spider - INFO - 解析文章内容，地址为：http://www.fanjian.net/post/89884
2016-09-16 19:17:04,613 - fanjian - INFO - 解析犯贱志的内容，标题为：恭喜你解锁新姿势
2016-09-16 19:17:04,615 - spider - ERROR - Tried to save duplicate unique keys (insertDocument :: caused by :: 11000 E11000 duplicate key error index: fun.post.$title_1  dup key: { : "恭喜你解锁新姿势" })
2016-09-16 19:17:04,616 - spider - INFO - 解析文章内容，地址为：http://www.fanjian.net/post/89883
2016-09-16 19:17:05,533 - fanjian - INFO - 解析犯贱志的内容，标题为：给我们晚辈留条活路吧！［多图］
2016-09-16 19:17:05,536 - spider - ERROR - Tried to save duplicate unique keys (insertDocument :: caused by :: 11000 E11000 duplicate key error index: fun.post.$title_1  dup key: { : "给我们晚辈留条活路吧！［多图］" })
2016-09-16 19:17:05,537 - spider - INFO - 解析文章内容，地址为：http://www.fanjian.net/post/89882
2016-09-16 19:17:06,654 - fanjian - INFO - 解析犯贱志的内容，标题为：当诈骗犯遇到撒贝宁
2016-09-16 19:17:06,657 - spider - ERROR - Tried to save duplicate unique keys (insertDocument :: caused by :: 11000 E11000 duplicate key error index: fun.post.$title_1  dup key: { : "当诈骗犯遇到撒贝宁" })
2016-09-16 19:17:06,658 - spider - INFO - 解析文章内容，地址为：http://www.fanjian.net/post/89881
2016-09-16 19:17:08,067 - fanjian - INFO - 解析犯贱志的内容，标题为：摇~摇~晃~摇~
2016-09-16 19:17:08,069 - spider - ERROR - Tried to save duplicate unique keys (insertDocument :: caused by :: 11000 E11000 duplicate key error index: fun.post.$title_1  dup key: { : "摇~摇~晃~摇~" })
2016-09-16 19:17:08,071 - spider - INFO - 解析文章内容，地址为：http://www.fanjian.net/post/89879
2016-09-16 19:17:08,953 - fanjian - INFO - 解析犯贱志的内容，标题为：瞬间感觉自己也是有钱人了。
2016-09-16 19:17:08,956 - spider - ERROR - Tried to save duplicate unique keys (insertDocument :: caused by :: 11000 E11000 duplicate key error index: fun.post.$title_1  dup key: { : "瞬间感觉自己也是有钱人了。" })
2016-09-16 19:17:08,957 - spider - INFO - 解析文章内容，地址为：http://www.fanjian.net/post/89880
2016-09-16 19:17:09,852 - fanjian - INFO - 解析犯贱志的内容，标题为：我们乡下人也会玩！
2016-09-16 19:17:09,854 - spider - ERROR - Tried to save duplicate unique keys (insertDocument :: caused by :: 11000 E11000 duplicate key error index: fun.post.$title_1  dup key: { : "我们乡下人也会玩！" })
2016-09-16 19:17:09,855 - spider - INFO - 解析文章内容，地址为：http://www.fanjian.net/post/89877
Traceback (most recent call last):
  File "/usr/lib/python3/dist-packages/urllib3/connectionpool.py", line 377, in _make_request
    httplib_response = conn.getresponse(buffering=True)
TypeError: getresponse() got an unexpected keyword argument 'buffering'

During handling of the above exception, another exception occurred:

Traceback (most recent call last):
  File "/usr/lib/python3/dist-packages/urllib3/connectionpool.py", line 379, in _make_request
    httplib_response = conn.getresponse()
  File "/usr/lib/python3.5/http/client.py", line 1197, in getresponse
    response.begin()
  File "/usr/lib/python3.5/http/client.py", line 297, in begin
    version, status, reason = self._read_status()
  File "/usr/lib/python3.5/http/client.py", line 258, in _read_status
    line = str(self.fp.readline(_MAXLINE + 1), "iso-8859-1")
  File "/usr/lib/python3.5/socket.py", line 575, in readinto
    return self._sock.recv_into(b)
socket.timeout: timed out

During handling of the above exception, another exception occurred:

Traceback (most recent call last):
  File "/usr/lib/python3/dist-packages/requests/adapters.py", line 376, in send
    timeout=timeout
  File "/usr/lib/python3/dist-packages/urllib3/connectionpool.py", line 610, in urlopen
    _stacktrace=sys.exc_info()[2])
  File "/usr/lib/python3/dist-packages/urllib3/util/retry.py", line 247, in increment
    raise six.reraise(type(error), error, _stacktrace)
  File "/usr/lib/python3/dist-packages/six.py", line 686, in reraise
    raise value
  File "/usr/lib/python3/dist-packages/urllib3/connectionpool.py", line 560, in urlopen
    body=body, headers=headers)
  File "/usr/lib/python3/dist-packages/urllib3/connectionpool.py", line 381, in _make_request
    self._raise_timeout(err=e, url=url, timeout_value=read_timeout)
  File "/usr/lib/python3/dist-packages/urllib3/connectionpool.py", line 309, in _raise_timeout
    raise ReadTimeoutError(self, url, "Read timed out. (read timeout=%s)" % timeout_value)
requests.packages.urllib3.exceptions.ReadTimeoutError: HTTPConnectionPool(host='127.0.0.1', port=8087): Read timed out. (read timeout=10)

During handling of the above exception, another exception occurred:

Traceback (most recent call last):
  File "/usr/local/lib/python3.5/dist-packages/gevent/greenlet.py", line 534, in run
    result = self._run(*self.args, **self.kwargs)
  File "/home/joe/code/fun/spider.py", line 75, in _parse
    html = self.req(url).text
  File "/usr/lib/python3/dist-packages/requests/api.py", line 67, in get
    return request('get', url, params=params, **kwargs)
  File "/usr/lib/python3/dist-packages/requests/api.py", line 53, in request
    return session.request(method=method, url=url, **kwargs)
  File "/usr/lib/python3/dist-packages/requests/sessions.py", line 468, in request
    resp = self.send(prep, **send_kwargs)
  File "/usr/lib/python3/dist-packages/requests/sessions.py", line 576, in send
    r = adapter.send(request, **kwargs)
  File "/usr/lib/python3/dist-packages/requests/adapters.py", line 449, in send
    raise ReadTimeout(e, request=request)
requests.exceptions.ReadTimeout: HTTPConnectionPool(host='127.0.0.1', port=8087): Read timed out. (read timeout=10)
<Greenlet at 0x7fa87e6e1f20: _parse('http://www.qiqufaxian.cn/catalog.asp?page=10')> failed with ReadTimeout

2016-09-16 19:17:13,162 - fanjian - INFO - 解析犯贱志的内容，标题为：这车加了反重力装置了吗？？？
2016-09-16 19:17:13,169 - spider - ERROR - Tried to save duplicate unique keys (insertDocument :: caused by :: 11000 E11000 duplicate key error index: fun.post.$title_1  dup key: { : "这车加了反重力装置了吗？？？" })
2016-09-16 19:17:13,170 - spider - INFO - 解析文章内容，地址为：http://www.fanjian.net/post/89878
2016-09-16 19:17:14,277 - fanjian - INFO - 解析犯贱志的内容，标题为：海南伴娘婚宴醉亡获婚礼方赔偿5万，死者家属欲告同桌喝酒者。
2016-09-16 19:17:14,281 - spider - ERROR - Tried to save duplicate unique keys (insertDocument :: caused by :: 11000 E11000 duplicate key error index: fun.post.$title_1  dup key: { : "海南伴娘婚宴醉亡获婚礼方赔偿5万，死者家属欲告同桌喝酒者。" })
2016-09-16 19:17:14,282 - spider - INFO - 解析文章内容，地址为：http://www.fanjian.net/post/89876
2016-09-16 19:17:21,070 - fanjian - INFO - 解析犯贱志的内容，标题为：猫对距离的计算一向非常精确
2016-09-16 19:17:21,073 - spider - ERROR - Tried to save duplicate unique keys (insertDocument :: caused by :: 11000 E11000 duplicate key error index: fun.post.$title_1  dup key: { : "猫对距离的计算一向非常精确" })
2016-09-16 19:17:21,075 - spider - INFO - 解析文章内容，地址为：http://www.fanjian.net/post/89875
2016-09-16 19:17:22,421 - fanjian - INFO - 解析犯贱志的内容，标题为：跳蛛科是一类体型小，不织网的蜘蛛，又被称为蝇虎。
2016-09-16 19:17:22,424 - spider - ERROR - Tried to save duplicate unique keys (insertDocument :: caused by :: 11000 E11000 duplicate key error index: fun.post.$title_1  dup key: { : "跳蛛科是一类体型小，不织网的蜘蛛，又被称为蝇虎。" })
2016-09-16 19:17:22,425 - spider - INFO - 解析文章内容，地址为：http://www.fanjian.net/post/89873
2016-09-16 19:17:23,322 - fanjian - INFO - 解析犯贱志的内容，标题为：活活把你们虐死
2016-09-16 19:17:23,325 - spider - ERROR - Tried to save duplicate unique keys (insertDocument :: caused by :: 11000 E11000 duplicate key error index: fun.post.$title_1  dup key: { : "活活把你们虐死" })
2016-09-16 19:17:23,326 - spider - INFO - 解析文章内容，地址为：http://www.fanjian.net/post/89874
2016-09-16 19:17:24,211 - fanjian - INFO - 解析犯贱志的内容，标题为：在外喜欢外放很大声者，都是得了广场舞后遗症吧。［多图］
2016-09-16 19:17:24,214 - spider - ERROR - Tried to save duplicate unique keys (insertDocument :: caused by :: 11000 E11000 duplicate key error index: fun.post.$title_1  dup key: { : "在外喜欢外放很大声者，都是得了广场舞后遗症吧。［多图］" })
2016-09-16 19:17:24,215 - spider - INFO - 解析文章内容，地址为：http://www.fanjian.net/post/89872
2016-09-16 19:17:25,309 - fanjian - INFO - 解析犯贱志的内容，标题为：东京新宿站附近的一对男女……日本药丸系列
2016-09-16 19:17:25,311 - spider - ERROR - Tried to save duplicate unique keys (insertDocument :: caused by :: 11000 E11000 duplicate key error index: fun.post.$title_1  dup key: { : "东京新宿站附近的一对男女……日本药丸系列" })
2016-09-16 19:17:25,312 - spider - INFO - 解析文章内容，地址为：http://www.fanjian.net/post/89871
2016-09-16 19:17:26,196 - fanjian - INFO - 解析犯贱志的内容，标题为：生动形象的演示了什么叫做害羞地匿了。。。
2016-09-16 19:17:26,198 - spider - ERROR - Tried to save duplicate unique keys (insertDocument :: caused by :: 11000 E11000 duplicate key error index: fun.post.$title_1  dup key: { : "生动形象的演示了什么叫做害羞地匿了。。。" })
2016-09-16 19:17:26,200 - spider - INFO - 解析文章内容，地址为：http://www.fanjian.net/post/89870
2016-09-16 19:17:27,302 - fanjian - INFO - 解析犯贱志的内容，标题为：这神马玩意儿？一坨金灿灿的翔？？？
2016-09-16 19:17:27,305 - spider - ERROR - Tried to save duplicate unique keys (insertDocument :: caused by :: 11000 E11000 duplicate key error index: fun.post.$title_1  dup key: { : "这神马玩意儿？一坨金灿灿的翔？？？" })
2016-09-16 19:17:27,307 - spider - INFO - 解析文章内容，地址为：http://www.fanjian.net/post/89869
2016-09-16 19:17:28,181 - fanjian - INFO - 解析犯贱志的内容，标题为：奥地利宪兵特种部队单兵装备，我觉得你们少了把大宝剑。。。【双图】
2016-09-16 19:17:28,183 - spider - ERROR - Tried to save duplicate unique keys (insertDocument :: caused by :: 11000 E11000 duplicate key error index: fun.post.$title_1  dup key: { : "奥地利宪兵特种部队单兵装备，我觉得你们少了把大宝剑。。。【双图】" })
2016-09-16 19:17:28,184 - spider - INFO - 解析文章内容，地址为：http://www.fanjian.net/post/89868
2016-09-16 19:17:30,134 - fanjian - INFO - 解析犯贱志的内容，标题为：人生需要一场说走就走的旅行。【多图】
2016-09-16 19:17:30,137 - spider - ERROR - Tried to save duplicate unique keys (insertDocument :: caused by :: 11000 E11000 duplicate key error index: fun.post.$title_1  dup key: { : "人生需要一场说走就走的旅行。【多图】" })
2016-09-16 19:17:30,138 - spider - INFO - 解析文章内容，地址为：http://www.fanjian.net/post/89867
2016-09-16 19:17:30,937 - spider - INFO - 解析文章内容，地址为：http://www.qiqufaxian.cn/post/11079.html
2016-09-16 19:17:31,299 - fanjian - INFO - 解析犯贱志的内容，标题为：破风手！
2016-09-16 19:17:31,303 - spider - ERROR - Tried to save duplicate unique keys (insertDocument :: caused by :: 11000 E11000 duplicate key error index: fun.post.$title_1  dup key: { : "破风手！" })
2016-09-16 19:17:31,304 - spider - INFO - 解析文章内容，地址为：http://www.fanjian.net/post/89865
2016-09-16 19:17:31,883 - qiqu - INFO - 解析奇趣发现的内容，标题为：真正的“18K黄金马桶” 完全开放 随意“拉”
2016-09-16 19:17:31,886 - spider - ERROR - Tried to save duplicate unique keys (insertDocument :: caused by :: 11000 E11000 duplicate key error index: fun.post.$title_1  dup key: { : "真正的“18K黄金马桶” 完全开放 随意“拉”" })
2016-09-16 19:17:31,887 - spider - INFO - 解析文章内容，地址为：http://www.qiqufaxian.cn/post/11078.html
2016-09-16 19:17:32,229 - fanjian - INFO - 解析犯贱志的内容，标题为：谢谢，但是粉色的护膝太骚包了！
2016-09-16 19:17:32,231 - spider - ERROR - Tried to save duplicate unique keys (insertDocument :: caused by :: 11000 E11000 duplicate key error index: fun.post.$title_1  dup key: { : "谢谢，但是粉色的护膝太骚包了！" })
2016-09-16 19:17:32,233 - spider - INFO - 解析文章内容，地址为：http://www.fanjian.net/post/89866
2016-09-16 19:17:32,552 - qiqu - INFO - 解析奇趣发现的内容，标题为：美一男子突发奇想“遛人” 没想到 生意火爆
2016-09-16 19:17:32,555 - spider - ERROR - Tried to save duplicate unique keys (insertDocument :: caused by :: 11000 E11000 duplicate key error index: fun.post.$title_1  dup key: { : "美一男子突发奇想“遛人” 没想到 生意火爆" })
2016-09-16 19:17:32,555 - spider - INFO - 解析文章内容，地址为：http://www.qiqufaxian.cn/post/11077.html
2016-09-16 19:17:33,016 - fanjian - INFO - 解析犯贱志的内容，标题为：尝尝我自创的拔丝煎棒！
2016-09-16 19:17:33,019 - spider - ERROR - Tried to save duplicate unique keys (insertDocument :: caused by :: 11000 E11000 duplicate key error index: fun.post.$title_1  dup key: { : "尝尝我自创的拔丝煎棒！" })
2016-09-16 19:17:33,020 - spider - INFO - 解析文章内容，地址为：http://www.fanjian.net/post/89863
2016-09-16 19:17:33,620 - qiqu - INFO - 解析奇趣发现的内容，标题为：重要节日 让孟加拉首都“血流成河” 怵目惊心
2016-09-16 19:17:33,623 - spider - ERROR - Tried to save duplicate unique keys (insertDocument :: caused by :: 11000 E11000 duplicate key error index: fun.post.$title_1  dup key: { : "重要节日 让孟加拉首都“血流成河” 怵目惊心" })
2016-09-16 19:17:33,623 - spider - INFO - 解析文章内容，地址为：http://www.qiqufaxian.cn/post/11076.html
2016-09-16 19:17:34,002 - fanjian - INFO - 解析犯贱志的内容，标题为：吓得我赶紧去买了副耳机！【多图】
2016-09-16 19:17:34,004 - spider - ERROR - Tried to save duplicate unique keys (insertDocument :: caused by :: 11000 E11000 duplicate key error index: fun.post.$title_1  dup key: { : "吓得我赶紧去买了副耳机！【多图】" })
2016-09-16 19:17:34,005 - spider - INFO - 解析文章内容，地址为：http://www.fanjian.net/post/89864
2016-09-16 19:17:34,451 - qiqu - INFO - 解析奇趣发现的内容，标题为：为了扭转灭绝 它宁当“色龟” 超速繁殖后代
2016-09-16 19:17:34,454 - spider - ERROR - Tried to save duplicate unique keys (insertDocument :: caused by :: 11000 E11000 duplicate key error index: fun.post.$title_1  dup key: { : "为了扭转灭绝 它宁当“色龟” 超速繁殖后代" })
2016-09-16 19:17:34,454 - spider - INFO - 解析文章内容，地址为：http://www.qiqufaxian.cn/post/11075.html
2016-09-16 19:17:34,963 - fanjian - INFO - 解析犯贱志的内容，标题为：夭寿啦 在线翻译成精啦！
2016-09-16 19:17:34,965 - spider - ERROR - Tried to save duplicate unique keys (insertDocument :: caused by :: 11000 E11000 duplicate key error index: fun.post.$title_1  dup key: { : "夭寿啦 在线翻译成精啦！" })
2016-09-16 19:17:34,967 - spider - INFO - 解析文章内容，地址为：http://www.fanjian.net/post/89861
2016-09-16 19:17:35,318 - qiqu - INFO - 解析奇趣发现的内容，标题为：岛国奇葩货 洗个澡 1000只黄小鸭伺候
2016-09-16 19:17:35,321 - spider - ERROR - Tried to save duplicate unique keys (insertDocument :: caused by :: 11000 E11000 duplicate key error index: fun.post.$title_1  dup key: { : "岛国奇葩货 洗个澡 1000只黄小鸭伺候" })
2016-09-16 19:17:35,321 - spider - INFO - 解析文章内容，地址为：http://www.qiqufaxian.cn/post/11074.html
2016-09-16 19:17:35,759 - fanjian - INFO - 解析犯贱志的内容，标题为：不是很懂你们在说什么！【多图】
2016-09-16 19:17:35,761 - spider - ERROR - Tried to save duplicate unique keys (insertDocument :: caused by :: 11000 E11000 duplicate key error index: fun.post.$title_1  dup key: { : "不是很懂你们在说什么！【多图】" })
2016-09-16 19:17:35,762 - spider - INFO - 解析文章内容，地址为：http://www.fanjian.net/post/89860
2016-09-16 19:17:36,310 - qiqu - INFO - 解析奇趣发现的内容，标题为：妻子发现 丈夫的小三竟是婆婆 甚至还大胆示爱
2016-09-16 19:17:36,313 - spider - ERROR - Tried to save duplicate unique keys (insertDocument :: caused by :: 11000 E11000 duplicate key error index: fun.post.$title_1  dup key: { : "妻子发现 丈夫的小三竟是婆婆 甚至还大胆示爱" })
2016-09-16 19:17:36,313 - spider - INFO - 解析文章内容，地址为：http://www.qiqufaxian.cn/post/11061.html
2016-09-16 19:17:36,685 - fanjian - INFO - 解析犯贱志的内容，标题为：非常有想法的沙发！【俩图】
2016-09-16 19:17:36,688 - spider - ERROR - Tried to save duplicate unique keys (insertDocument :: caused by :: 11000 E11000 duplicate key error index: fun.post.$title_1  dup key: { : "非常有想法的沙发！【俩图】" })
2016-09-16 19:17:36,689 - spider - INFO - 解析文章内容，地址为：http://www.fanjian.net/post/89859
2016-09-16 19:17:36,993 - qiqu - INFO - 解析奇趣发现的内容，标题为：“欧洲龙婆”预言神准 曾预言911恐怖袭击发生
2016-09-16 19:17:36,996 - spider - ERROR - Tried to save duplicate unique keys (insertDocument :: caused by :: 11000 E11000 duplicate key error index: fun.post.$title_1  dup key: { : "“欧洲龙婆”预言神准 曾预言911恐怖袭击发生" })
2016-09-16 19:17:36,996 - spider - INFO - 解析文章内容，地址为：http://www.qiqufaxian.cn/post/11060.html
2016-09-16 19:17:37,468 - fanjian - INFO - 解析犯贱志的内容，标题为：姑娘 不如我请你肯基吧！
2016-09-16 19:17:37,471 - spider - ERROR - Tried to save duplicate unique keys (insertDocument :: caused by :: 11000 E11000 duplicate key error index: fun.post.$title_1  dup key: { : "姑娘 不如我请你肯基吧！" })
2016-09-16 19:17:37,473 - spider - INFO - 解析文章内容，地址为：http://www.fanjian.net/post/89858
2016-09-16 19:17:37,666 - qiqu - INFO - 解析奇趣发现的内容，标题为：巴西这对夫妻 想要一个女儿 却连生13个儿子
2016-09-16 19:17:37,669 - spider - ERROR - Tried to save duplicate unique keys (insertDocument :: caused by :: 11000 E11000 duplicate key error index: fun.post.$title_1  dup key: { : "巴西这对夫妻 想要一个女儿 却连生13个儿子" })
2016-09-16 19:17:37,670 - spider - INFO - 解析文章内容，地址为：http://www.qiqufaxian.cn/post/11059.html
2016-09-16 19:17:38,228 - fanjian - INFO - 解析犯贱志的内容，标题为：这个月饼从外壳到包装袋再到里面都是厉害的…【多图】
2016-09-16 19:17:38,231 - spider - ERROR - Tried to save duplicate unique keys (insertDocument :: caused by :: 11000 E11000 duplicate key error index: fun.post.$title_1  dup key: { : "这个月饼从外壳到包装袋再到里面都是厉害的…【多图】" })
2016-09-16 19:17:38,232 - spider - INFO - 解析文章内容，地址为：http://www.fanjian.net/post/89857
2016-09-16 19:17:38,864 - qiqu - INFO - 解析奇趣发现的内容，标题为：柚子皮的6大妙用 别再傻傻丢弃了
2016-09-16 19:17:38,866 - spider - ERROR - Tried to save duplicate unique keys (insertDocument :: caused by :: 11000 E11000 duplicate key error index: fun.post.$title_1  dup key: { : "柚子皮的6大妙用 别再傻傻丢弃了" })
2016-09-16 19:17:38,867 - spider - INFO - 解析文章内容，地址为：http://www.qiqufaxian.cn/post/11058.html
2016-09-16 19:17:39,582 - qiqu - INFO - 解析奇趣发现的内容，标题为：慎入 3厘米“白色怪虫”竟舌下钻出（视频）
2016-09-16 19:17:39,585 - spider - ERROR - Tried to save duplicate unique keys (insertDocument :: caused by :: 11000 E11000 duplicate key error index: fun.post.$title_1  dup key: { : "慎入 3厘米“白色怪虫”竟舌下钻出（视频）" })
2016-09-16 19:17:39,585 - spider - INFO - 解析文章内容，地址为：http://www.qiqufaxian.cn/post/11057.html
2016-09-16 19:17:40,239 - qiqu - INFO - 解析奇趣发现的内容，标题为：妹纸撕个面膜 竟能吸引2000万人围观
2016-09-16 19:17:40,241 - spider - ERROR - Tried to save duplicate unique keys (insertDocument :: caused by :: 11000 E11000 duplicate key error index: fun.post.$title_1  dup key: { : "妹纸撕个面膜 竟能吸引2000万人围观" })
2016-09-16 19:17:40,242 - spider - INFO - 解析文章内容，地址为：http://www.qiqufaxian.cn/post/11056.html
2016-09-16 19:17:40,469 - fanjian - INFO - 解析犯贱志的内容，标题为：一杆到底！
2016-09-16 19:17:40,472 - spider - ERROR - Tried to save duplicate unique keys (insertDocument :: caused by :: 11000 E11000 duplicate key error index: fun.post.$title_1  dup key: { : "一杆到底！" })
2016-09-16 19:17:40,474 - spider - INFO - 解析文章内容，地址为：http://www.fanjian.net/post/89856
2016-09-16 19:17:41,123 - qiqu - INFO - 解析奇趣发现的内容，标题为：G奶到底有多重 女优掏出来 秤给你看
2016-09-16 19:17:41,126 - spider - ERROR - Tried to save duplicate unique keys (insertDocument :: caused by :: 11000 E11000 duplicate key error index: fun.post.$title_1  dup key: { : "G奶到底有多重 女优掏出来 秤给你看" })
2016-09-16 19:17:41,126 - spider - INFO - 解析文章内容，地址为：http://www.qiqufaxian.cn/post/11055.html
2016-09-16 19:17:41,245 - fanjian - INFO - 解析犯贱志的内容，标题为：用生命在好评 堪称业界良心！【多图】
2016-09-16 19:17:41,248 - spider - ERROR - Tried to save duplicate unique keys (insertDocument :: caused by :: 11000 E11000 duplicate key error index: fun.post.$title_1  dup key: { : "用生命在好评 堪称业界良心！【多图】" })
2016-09-16 19:17:41,249 - spider - INFO - 解析文章内容，地址为：http://www.fanjian.net/post/89855
2016-09-16 19:17:41,777 - qiqu - INFO - 解析奇趣发现的内容，标题为：巴一棵榕树被“囚禁”118年 现依旧铁链捆绑
2016-09-16 19:17:41,779 - spider - ERROR - Tried to save duplicate unique keys (insertDocument :: caused by :: 11000 E11000 duplicate key error index: fun.post.$title_1  dup key: { : "巴一棵榕树被“囚禁”118年 现依旧铁链捆绑" })
2016-09-16 19:17:41,779 - spider - INFO - 解析文章内容，地址为：http://www.qiqufaxian.cn/post/11054.html
2016-09-16 19:17:42,262 - fanjian - INFO - 解析犯贱志的内容，标题为：绝世好腰！【俩图】
2016-09-16 19:17:42,264 - spider - ERROR - Tried to save duplicate unique keys (insertDocument :: caused by :: 11000 E11000 duplicate key error index: fun.post.$title_1  dup key: { : "绝世好腰！【俩图】" })
2016-09-16 19:17:42,266 - spider - INFO - 解析文章内容，地址为：http://www.fanjian.net/post/89854
2016-09-16 19:17:42,509 - qiqu - INFO - 解析奇趣发现的内容，标题为：这男子竟将通缉海报当大头照 警察笑了
2016-09-16 19:17:42,513 - spider - ERROR - Tried to save duplicate unique keys (insertDocument :: caused by :: 11000 E11000 duplicate key error index: fun.post.$title_1  dup key: { : "这男子竟将通缉海报当大头照 警察笑了" })
2016-09-16 19:17:42,513 - spider - INFO - 解析文章内容，地址为：http://www.qiqufaxian.cn/post/11053.html
2016-09-16 19:17:43,013 - fanjian - INFO - 解析犯贱志的内容，标题为：又是一招凌波微步...【多图】
2016-09-16 19:17:43,023 - spider - ERROR - Tried to save duplicate unique keys (insertDocument :: caused by :: 11000 E11000 duplicate key error index: fun.post.$title_1  dup key: { : "又是一招凌波微步...【多图】" })
2016-09-16 19:17:43,026 - spider - INFO - 解析文章内容，地址为：http://www.fanjian.net/post/89853
2016-09-16 19:17:43,275 - qiqu - INFO - 解析奇趣发现的内容，标题为：手机放裤袋精子生存力衰减9% 甚至破坏DNA
2016-09-16 19:17:43,279 - spider - ERROR - Tried to save duplicate unique keys (insertDocument :: caused by :: 11000 E11000 duplicate key error index: fun.post.$title_1  dup key: { : "手机放裤袋精子生存力衰减9% 甚至破坏DNA" })
2016-09-16 19:17:43,279 - spider - INFO - 解析文章内容，地址为：http://www.qiqufaxian.cn/post/11052.html
2016-09-16 19:17:43,965 - fanjian - INFO - 解析犯贱志的内容，标题为：索尼 PlayStation 展台妹子的衣服，开了闪光灯拍摄的效果！【俩图】
2016-09-16 19:17:43,967 - spider - ERROR - Tried to save duplicate unique keys (insertDocument :: caused by :: 11000 E11000 duplicate key error index: fun.post.$title_1  dup key: { : "索尼 PlayStation 展台妹子的衣服，开了闪光灯拍摄的效果！【俩图】" })
2016-09-16 19:17:43,968 - spider - INFO - 解析文章内容，地址为：http://www.fanjian.net/post/89849
2016-09-16 19:17:45,402 - qiqu - INFO - 解析奇趣发现的内容，标题为：你不知道的人体4个卫生死角 细菌比马桶还多
2016-09-16 19:17:45,404 - spider - ERROR - Tried to save duplicate unique keys (insertDocument :: caused by :: 11000 E11000 duplicate key error index: fun.post.$title_1  dup key: { : "你不知道的人体4个卫生死角 细菌比马桶还多" })
2016-09-16 19:17:45,405 - spider - INFO - 解析文章内容，地址为：http://www.qiqufaxian.cn/post/11051.html
2016-09-16 19:17:45,685 - fanjian - INFO - 解析犯贱志的内容，标题为：老司机经历大风大浪 却在阴沟里翻了船！【多图】
2016-09-16 19:17:45,687 - spider - ERROR - Tried to save duplicate unique keys (insertDocument :: caused by :: 11000 E11000 duplicate key error index: fun.post.$title_1  dup key: { : "老司机经历大风大浪 却在阴沟里翻了船！【多图】" })
2016-09-16 19:17:45,688 - spider - INFO - 解析文章内容，地址为：http://www.fanjian.net/post/89848
2016-09-16 19:17:46,452 - fanjian - INFO - 解析犯贱志的内容，标题为：应该是在科研上遇到瓶颈了！【多图】
2016-09-16 19:17:46,455 - spider - ERROR - Tried to save duplicate unique keys (insertDocument :: caused by :: 11000 E11000 duplicate key error index: fun.post.$title_1  dup key: { : "应该是在科研上遇到瓶颈了！【多图】" })
2016-09-16 19:17:46,456 - spider - INFO - 解析文章内容，地址为：http://www.fanjian.net/post/89846
2016-09-16 19:17:46,874 - qiqu - INFO - 解析奇趣发现的内容，标题为：medical bottle cap 药物和水瓶的结合
2016-09-16 19:17:46,877 - spider - ERROR - Tried to save duplicate unique keys (insertDocument :: caused by :: 11000 E11000 duplicate key error index: fun.post.$title_1  dup key: { : "medical bottle cap 药物和水瓶的结合" })
2016-09-16 19:17:46,878 - spider - INFO - 解析文章内容，地址为：http://www.qiqufaxian.cn/post/11050.html
2016-09-16 19:17:47,628 - qiqu - INFO - 解析奇趣发现的内容，标题为：新一图书馆安装嗡嗡“神器” 为了赶走年轻人
2016-09-16 19:17:47,631 - spider - ERROR - Tried to save duplicate unique keys (insertDocument :: caused by :: 11000 E11000 duplicate key error index: fun.post.$title_1  dup key: { : "新一图书馆安装嗡嗡“神器” 为了赶走年轻人" })
2016-09-16 19:17:47,632 - spider - INFO - 解析文章内容，地址为：http://www.qiqufaxian.cn/post/11049.html
2016-09-16 19:17:48,400 - fanjian - INFO - 解析犯贱志的内容，标题为：朕的江山 风雨飘摇~【多图】
2016-09-16 19:17:48,403 - spider - ERROR - Tried to save duplicate unique keys (insertDocument :: caused by :: 11000 E11000 duplicate key error index: fun.post.$title_1  dup key: { : "朕的江山 风雨飘摇~【多图】" })
2016-09-16 19:17:48,404 - spider - INFO - 解析文章内容，地址为：http://www.fanjian.net/post/89850
2016-09-16 19:17:48,574 - qiqu - INFO - 解析奇趣发现的内容，标题为：有效减少烧烤致癌物质 告诉你这5招
2016-09-16 19:17:48,577 - spider - ERROR - Tried to save duplicate unique keys (insertDocument :: caused by :: 11000 E11000 duplicate key error index: fun.post.$title_1  dup key: { : "有效减少烧烤致癌物质 告诉你这5招" })
2016-09-16 19:17:48,577 - spider - INFO - 解析文章内容，地址为：http://www.qiqufaxian.cn/post/11048.html
2016-09-16 19:17:49,303 - qiqu - INFO - 解析奇趣发现的内容，标题为：一道光 司机消失了 UFO来了 乘客吓傻了（视频）
2016-09-16 19:17:49,306 - spider - ERROR - Tried to save duplicate unique keys (insertDocument :: caused by :: 11000 E11000 duplicate key error index: fun.post.$title_1  dup key: { : "一道光 司机消失了 UFO来了 乘客吓傻了（视频）" })
2016-09-16 19:17:49,307 - spider - INFO - 解析文章内容，地址为：http://www.qiqufaxian.cn/post/11047.html
2016-09-16 19:17:49,861 - fanjian - INFO - 解析犯贱志的内容，标题为：大风天气不宜出门，台湾摩托小哥的遭遇。
2016-09-16 19:17:49,868 - spider - ERROR - Tried to save duplicate unique keys (insertDocument :: caused by :: 11000 E11000 duplicate key error index: fun.post.$title_1  dup key: { : "大风天气不宜出门，台湾摩托小哥的遭遇。" })
2016-09-16 19:17:49,869 - spider - INFO - 解析文章内容，地址为：http://www.fanjian.net/post/89852
2016-09-16 19:17:51,358 - qiqu - INFO - 解析奇趣发现的内容，标题为：NASA好奇号带来最新的火星风景照
2016-09-16 19:17:51,367 - spider - ERROR - Tried to save duplicate unique keys (insertDocument :: caused by :: 11000 E11000 duplicate key error index: fun.post.$title_1  dup key: { : "NASA好奇号带来最新的火星风景照" })
2016-09-16 19:17:51,367 - spider - INFO - 解析文章内容，地址为：http://www.qiqufaxian.cn/post/11046.html
2016-09-16 19:17:51,633 - fanjian - INFO - 解析犯贱志的内容，标题为：厉害了我的妹妹！
2016-09-16 19:17:51,636 - spider - ERROR - Tried to save duplicate unique keys (insertDocument :: caused by :: 11000 E11000 duplicate key error index: fun.post.$title_1  dup key: { : "厉害了我的妹妹！" })
2016-09-16 19:17:51,637 - spider - INFO - 解析文章内容，地址为：http://www.fanjian.net/post/89851
2016-09-16 19:17:52,320 - qiqu - INFO - 解析奇趣发现的内容，标题为：瑞典一男子Airbnb租房 竟意外租到“妓院”
2016-09-16 19:17:52,325 - spider - ERROR - Tried to save duplicate unique keys (insertDocument :: caused by :: 11000 E11000 duplicate key error index: fun.post.$title_1  dup key: { : "瑞典一男子Airbnb租房 竟意外租到“妓院”" })
2016-09-16 19:17:52,326 - spider - INFO - 解析文章内容，地址为：http://www.qiqufaxian.cn/post/11045.html
2016-09-16 19:17:53,354 - fanjian - INFO - 解析犯贱志的内容，标题为：八月秋高风怒号，卷我屋上三重茅【多图】
2016-09-16 19:17:53,357 - spider - ERROR - Tried to save duplicate unique keys (insertDocument :: caused by :: 11000 E11000 duplicate key error index: fun.post.$title_1  dup key: { : "八月秋高风怒号，卷我屋上三重茅【多图】" })
2016-09-16 19:17:53,359 - spider - INFO - 解析文章内容，地址为：http://www.fanjian.net/post/89847
2016-09-16 19:17:54,604 - fanjian - INFO - 解析犯贱志的内容，标题为：青春就是这么热血
2016-09-16 19:17:54,610 - spider - ERROR - Tried to save duplicate unique keys (insertDocument :: caused by :: 11000 E11000 duplicate key error index: fun.post.$title_1  dup key: { : "青春就是这么热血" })
2016-09-16 19:17:54,611 - spider - INFO - 解析文章内容，地址为：http://www.fanjian.net/post/89845
2016-09-16 19:17:58,830 - fanjian - INFO - 解析犯贱志的内容，标题为：我就是这样把自己吃胖的
2016-09-16 19:17:58,833 - spider - ERROR - Tried to save duplicate unique keys (insertDocument :: caused by :: 11000 E11000 duplicate key error index: fun.post.$title_1  dup key: { : "我就是这样把自己吃胖的" })
2016-09-16 19:17:58,834 - spider - INFO - 解析文章内容，地址为：http://www.fanjian.net/post/89844
2016-09-16 19:18:00,252 - fanjian - INFO - 解析犯贱志的内容，标题为：请收看本期节目《走进杀马特》【很多图】
2016-09-16 19:18:00,254 - spider - ERROR - Tried to save duplicate unique keys (insertDocument :: caused by :: 11000 E11000 duplicate key error index: fun.post.$title_1  dup key: { : "请收看本期节目《走进杀马特》【很多图】" })
2016-09-16 19:18:00,257 - spider - INFO - 解析文章内容，地址为：http://www.fanjian.net/post/89843
2016-09-16 19:18:01,468 - fanjian - INFO - 解析犯贱志的内容，标题为：这个比撒钱经济实惠多了
2016-09-16 19:18:01,470 - spider - ERROR - Tried to save duplicate unique keys (insertDocument :: caused by :: 11000 E11000 duplicate key error index: fun.post.$title_1  dup key: { : "这个比撒钱经济实惠多了" })
2016-09-16 19:18:01,472 - spider - INFO - 解析文章内容，地址为：http://www.fanjian.net/post/89842
Traceback (most recent call last):
  File "/usr/lib/python3/dist-packages/urllib3/connectionpool.py", line 377, in _make_request
    httplib_response = conn.getresponse(buffering=True)
TypeError: getresponse() got an unexpected keyword argument 'buffering'

During handling of the above exception, another exception occurred:

Traceback (most recent call last):
  File "/usr/lib/python3/dist-packages/urllib3/connectionpool.py", line 379, in _make_request
    httplib_response = conn.getresponse()
  File "/usr/lib/python3.5/http/client.py", line 1197, in getresponse
    response.begin()
  File "/usr/lib/python3.5/http/client.py", line 297, in begin
    version, status, reason = self._read_status()
  File "/usr/lib/python3.5/http/client.py", line 258, in _read_status
    line = str(self.fp.readline(_MAXLINE + 1), "iso-8859-1")
  File "/usr/lib/python3.5/socket.py", line 575, in readinto
    return self._sock.recv_into(b)
socket.timeout: timed out

During handling of the above exception, another exception occurred:

Traceback (most recent call last):
  File "/usr/lib/python3/dist-packages/requests/adapters.py", line 376, in send
    timeout=timeout
  File "/usr/lib/python3/dist-packages/urllib3/connectionpool.py", line 610, in urlopen
    _stacktrace=sys.exc_info()[2])
  File "/usr/lib/python3/dist-packages/urllib3/util/retry.py", line 247, in increment
    raise six.reraise(type(error), error, _stacktrace)
  File "/usr/lib/python3/dist-packages/six.py", line 686, in reraise
    raise value
  File "/usr/lib/python3/dist-packages/urllib3/connectionpool.py", line 560, in urlopen
    body=body, headers=headers)
  File "/usr/lib/python3/dist-packages/urllib3/connectionpool.py", line 381, in _make_request
    self._raise_timeout(err=e, url=url, timeout_value=read_timeout)
  File "/usr/lib/python3/dist-packages/urllib3/connectionpool.py", line 309, in _raise_timeout
    raise ReadTimeoutError(self, url, "Read timed out. (read timeout=%s)" % timeout_value)
requests.packages.urllib3.exceptions.ReadTimeoutError: HTTPConnectionPool(host='127.0.0.1', port=8087): Read timed out. (read timeout=10)

During handling of the above exception, another exception occurred:

Traceback (most recent call last):
  File "/usr/local/lib/python3.5/dist-packages/gevent/greenlet.py", line 534, in run
    result = self._run(*self.args, **self.kwargs)
  File "/home/joe/code/fun/spider.py", line 88, in parse_content
    html = self.req(url).content.decode('utf-8')
  File "/usr/lib/python3/dist-packages/requests/api.py", line 67, in get
    return request('get', url, params=params, **kwargs)
  File "/usr/lib/python3/dist-packages/requests/api.py", line 53, in request
    return session.request(method=method, url=url, **kwargs)
  File "/usr/lib/python3/dist-packages/requests/sessions.py", line 468, in request
    resp = self.send(prep, **send_kwargs)
  File "/usr/lib/python3/dist-packages/requests/sessions.py", line 576, in send
    r = adapter.send(request, **kwargs)
  File "/usr/lib/python3/dist-packages/requests/adapters.py", line 449, in send
    raise ReadTimeout(e, request=request)
requests.exceptions.ReadTimeout: HTTPConnectionPool(host='127.0.0.1', port=8087): Read timed out. (read timeout=10)
<Greenlet at 0x7fa8677edc28: <bound method Spider.parse_content of <qiqu.QiquSpider object at 0x7fa87e6d1cc0>>('http://www.qiqufaxian.cn/post/11045.html')> failed with ReadTimeout

2016-09-16 19:18:02,343 - spider - INFO - 解析文章内容，地址为：http://www.qiqufaxian.cn/post/11044.html
2016-09-16 19:18:03,139 - fanjian - INFO - 解析犯贱志的内容，标题为：还敢嘲笑计算机系天天被别人叫去修电脑吗
2016-09-16 19:18:03,142 - spider - ERROR - Tried to save duplicate unique keys (insertDocument :: caused by :: 11000 E11000 duplicate key error index: fun.post.$title_1  dup key: { : "还敢嘲笑计算机系天天被别人叫去修电脑吗" })
2016-09-16 19:18:03,144 - spider - INFO - 解析文章内容，地址为：http://www.fanjian.net/post/89841
2016-09-16 19:18:04,036 - qiqu - INFO - 解析奇趣发现的内容，标题为：苏格兰一男子爆料 尼斯湖水怪已“娶妻生子”
2016-09-16 19:18:04,038 - spider - ERROR - Tried to save duplicate unique keys (insertDocument :: caused by :: 11000 E11000 duplicate key error index: fun.post.$title_1  dup key: { : "苏格兰一男子爆料 尼斯湖水怪已“娶妻生子”" })
2016-09-16 19:18:04,039 - spider - INFO - 解析文章内容，地址为：http://www.qiqufaxian.cn/post/11043.html
2016-09-16 19:18:04,543 - fanjian - INFO - 解析犯贱志的内容，标题为：这配音真没谁了，看一次笑一次
2016-09-16 19:18:04,546 - spider - ERROR - Tried to save duplicate unique keys (insertDocument :: caused by :: 11000 E11000 duplicate key error index: fun.post.$title_1  dup key: { : "这配音真没谁了，看一次笑一次" })
2016-09-16 19:18:04,547 - spider - INFO - 解析文章内容，地址为：http://www.fanjian.net/post/89840
2016-09-16 19:18:05,548 - fanjian - INFO - 解析犯贱志的内容，标题为：原以为是一段校园爱情故事，结果万万没想到
2016-09-16 19:18:05,551 - spider - ERROR - Tried to save duplicate unique keys (insertDocument :: caused by :: 11000 E11000 duplicate key error index: fun.post.$title_1  dup key: { : "原以为是一段校园爱情故事，结果万万没想到" })
2016-09-16 19:18:05,552 - spider - INFO - 解析文章内容，地址为：http://www.fanjian.net/post/89839
2016-09-16 19:18:05,817 - qiqu - INFO - 解析奇趣发现的内容，标题为：岛国奇葩货 高薪招聘深夜“抓鸡员”
2016-09-16 19:18:05,820 - spider - ERROR - Tried to save duplicate unique keys (insertDocument :: caused by :: 11000 E11000 duplicate key error index: fun.post.$title_1  dup key: { : "岛国奇葩货 高薪招聘深夜“抓鸡员”" })
2016-09-16 19:18:05,820 - spider - INFO - 解析文章内容，地址为：http://www.qiqufaxian.cn/post/11042.html
2016-09-16 19:18:06,970 - fanjian - INFO - 解析犯贱志的内容，标题为：小伙子，技术过关了，明天可以上岗了
2016-09-16 19:18:06,972 - spider - ERROR - Tried to save duplicate unique keys (insertDocument :: caused by :: 11000 E11000 duplicate key error index: fun.post.$title_1  dup key: { : "小伙子，技术过关了，明天可以上岗了" })
2016-09-16 19:18:06,973 - spider - INFO - 解析文章内容，地址为：http://www.fanjian.net/post/89838
2016-09-16 19:18:07,326 - qiqu - INFO - 解析奇趣发现的内容，标题为：食物落地5秒还能吃 研究发现这说法不正确
2016-09-16 19:18:07,329 - spider - ERROR - Tried to save duplicate unique keys (insertDocument :: caused by :: 11000 E11000 duplicate key error index: fun.post.$title_1  dup key: { : "食物落地5秒还能吃 研究发现这说法不正确" })
2016-09-16 19:18:07,330 - spider - INFO - 解析文章内容，地址为：http://www.qiqufaxian.cn/post/11041.html
2016-09-16 19:18:08,984 - qiqu - INFO - 解析奇趣发现的内容，标题为：一只调皮的骆马 变身“跨栏高手” 世界第一
2016-09-16 19:18:08,986 - spider - ERROR - Tried to save duplicate unique keys (insertDocument :: caused by :: 11000 E11000 duplicate key error index: fun.post.$title_1  dup key: { : "一只调皮的骆马 变身“跨栏高手” 世界第一" })
2016-09-16 19:18:08,987 - spider - INFO - 解析文章内容，地址为：http://www.qiqufaxian.cn/post/11040.html
2016-09-16 19:18:09,424 - fanjian - INFO - 解析犯贱志的内容，标题为：向在深夜仍坚守岗位的人致敬！【双图】
2016-09-16 19:18:09,427 - spider - ERROR - Tried to save duplicate unique keys (insertDocument :: caused by :: 11000 E11000 duplicate key error index: fun.post.$title_1  dup key: { : "向在深夜仍坚守岗位的人致敬！【双图】" })
2016-09-16 19:18:09,429 - spider - INFO - 解析文章内容，地址为：http://www.fanjian.net/post/89837
2016-09-16 19:18:10,319 - qiqu - INFO - 解析奇趣发现的内容，标题为：[第四十五期]这东西哪里有卖？
2016-09-16 19:18:10,322 - spider - ERROR - Tried to save duplicate unique keys (insertDocument :: caused by :: 11000 E11000 duplicate key error index: fun.post.$title_1  dup key: { : "[第四十五期]这东西哪里有卖？" })
2016-09-16 19:18:10,322 - spider - INFO - 解析文章内容，地址为：http://www.qiqufaxian.cn/post/11039.html
2016-09-16 19:18:11,719 - qiqu - INFO - 解析奇趣发现的内容，标题为：让你冷汗直流 4工人“攻顶”335米高楼尖顶
2016-09-16 19:18:11,722 - spider - ERROR - Tried to save duplicate unique keys (insertDocument :: caused by :: 11000 E11000 duplicate key error index: fun.post.$title_1  dup key: { : "让你冷汗直流 4工人“攻顶”335米高楼尖顶" })
2016-09-16 19:18:11,722 - spider - INFO - 解析文章内容，地址为：http://www.qiqufaxian.cn/post/11038.html
2016-09-16 19:18:12,588 - fanjian - INFO - 解析犯贱志的内容，标题为：估计这哥们已经看不见评论了，愿他安息，阿门那个阿弥陀佛……
2016-09-16 19:18:12,591 - spider - ERROR - Tried to save duplicate unique keys (insertDocument :: caused by :: 11000 E11000 duplicate key error index: fun.post.$title_1  dup key: { : "估计这哥们已经看不见评论了，愿他安息，阿门那个阿弥陀佛……" })
2016-09-16 19:18:12,593 - spider - INFO - 解析文章内容，地址为：http://www.fanjian.net/post/89836
2016-09-16 19:18:13,146 - qiqu - INFO - 解析奇趣发现的内容，标题为：惊险 缆车“不明原因”卡在3600米高空 45人待救
2016-09-16 19:18:13,149 - spider - ERROR - Tried to save duplicate unique keys (insertDocument :: caused by :: 11000 E11000 duplicate key error index: fun.post.$title_1  dup key: { : "惊险 缆车“不明原因”卡在3600米高空 45人待救" })
2016-09-16 19:18:13,150 - spider - INFO - 解析文章内容，地址为：http://www.qiqufaxian.cn/post/11037.html
2016-09-16 19:18:14,006 - fanjian - INFO - 解析犯贱志的内容，标题为：日本一个83岁妓女站街60年，妓女也有心，只是将军不信【多图】
2016-09-16 19:18:14,009 - spider - ERROR - Tried to save duplicate unique keys (insertDocument :: caused by :: 11000 E11000 duplicate key error index: fun.post.$title_1  dup key: { : "日本一个83岁妓女站街60年，妓女也有心，只是将军不信【多图】" })
2016-09-16 19:18:14,012 - spider - INFO - 解析文章内容，地址为：http://www.fanjian.net/post/89835
2016-09-16 19:18:14,378 - qiqu - INFO - 解析奇趣发现的内容，标题为：男司机福利 辣妹裸身高举限速牌 提示减速
2016-09-16 19:18:14,383 - spider - ERROR - Tried to save duplicate unique keys (insertDocument :: caused by :: 11000 E11000 duplicate key error index: fun.post.$title_1  dup key: { : "男司机福利 辣妹裸身高举限速牌 提示减速" })
2016-09-16 19:18:14,384 - spider - INFO - 解析文章内容，地址为：http://www.qiqufaxian.cn/post/11036.html
2016-09-16 19:18:15,729 - qiqu - INFO - 解析奇趣发现的内容，标题为：菲一小鲜肉男模 廉价整容变成“鬼”
2016-09-16 19:18:15,732 - spider - ERROR - Tried to save duplicate unique keys (insertDocument :: caused by :: 11000 E11000 duplicate key error index: fun.post.$title_1  dup key: { : "菲一小鲜肉男模 廉价整容变成“鬼”" })
2016-09-16 19:18:15,732 - spider - INFO - 解析文章内容，地址为：http://www.qiqufaxian.cn/post/11035.html
2016-09-16 19:18:16,457 - qiqu - INFO - 解析奇趣发现的内容，标题为：太乱了 和自己的女儿结婚 连儿子也不放过
2016-09-16 19:18:16,460 - spider - ERROR - Tried to save duplicate unique keys (insertDocument :: caused by :: 11000 E11000 duplicate key error index: fun.post.$title_1  dup key: { : "太乱了 和自己的女儿结婚 连儿子也不放过" })
2016-09-16 19:18:16,460 - spider - INFO - 解析文章内容，地址为：http://www.qiqufaxian.cn/post/11034.html
2016-09-16 19:18:17,129 - qiqu - INFO - 解析奇趣发现的内容，标题为：岛国奇葩货 地表最强“吃肯德基高手”给跪了
2016-09-16 19:18:17,132 - spider - ERROR - Tried to save duplicate unique keys (insertDocument :: caused by :: 11000 E11000 duplicate key error index: fun.post.$title_1  dup key: { : "岛国奇葩货 地表最强“吃肯德基高手”给跪了" })
2016-09-16 19:18:17,133 - spider - INFO - 解析文章内容，地址为：http://www.qiqufaxian.cn/post/11033.html
2016-09-16 19:18:17,942 - fanjian - INFO - 解析犯贱志的内容，标题为：中秋节各地巨型月饼，随便拿一个好像都能吃一年！【多图】
2016-09-16 19:18:17,945 - spider - ERROR - Tried to save duplicate unique keys (insertDocument :: caused by :: 11000 E11000 duplicate key error index: fun.post.$title_1  dup key: { : "中秋节各地巨型月饼，随便拿一个好像都能吃一年！【多图】" })
2016-09-16 19:18:17,946 - spider - INFO - 解析文章内容，地址为：http://www.fanjian.net/post/89833
2016-09-16 19:18:17,992 - qiqu - INFO - 解析奇趣发现的内容，标题为：艺术家打造18000张剪纸 有100种不同的颜色
2016-09-16 19:18:17,995 - spider - ERROR - Tried to save duplicate unique keys (insertDocument :: caused by :: 11000 E11000 duplicate key error index: fun.post.$title_1  dup key: { : "艺术家打造18000张剪纸 有100种不同的颜色" })
2016-09-16 19:18:17,995 - spider - INFO - 解析文章内容，地址为：http://www.qiqufaxian.cn/post/11032.html
2016-09-16 19:18:18,710 - fanjian - INFO - 解析犯贱志的内容，标题为：这份礼物太重了，退回去吧 ...
2016-09-16 19:18:18,713 - spider - ERROR - Tried to save duplicate unique keys (insertDocument :: caused by :: 11000 E11000 duplicate key error index: fun.post.$title_1  dup key: { : "这份礼物太重了，退回去吧 ..." })
2016-09-16 19:18:18,714 - spider - INFO - 解析文章内容，地址为：http://www.fanjian.net/post/89832
2016-09-16 19:18:19,784 - fanjian - INFO - 解析犯贱志的内容，标题为：哇，毕加索。［多图］
2016-09-16 19:18:19,787 - spider - ERROR - Tried to save duplicate unique keys (insertDocument :: caused by :: 11000 E11000 duplicate key error index: fun.post.$title_1  dup key: { : "哇，毕加索。［多图］" })
2016-09-16 19:18:19,788 - spider - INFO - 解析文章内容，地址为：http://www.fanjian.net/post/89831
2016-09-16 19:18:20,580 - fanjian - INFO - 解析犯贱志的内容，标题为：［贱问贱答］你有哪些东西是被年龄带走的？
2016-09-16 19:18:20,583 - spider - ERROR - Tried to save duplicate unique keys (insertDocument :: caused by :: 11000 E11000 duplicate key error index: fun.post.$title_1  dup key: { : "［贱问贱答］你有哪些东西是被年龄带走的？" })
2016-09-16 19:18:20,584 - spider - INFO - 解析文章内容，地址为：http://www.fanjian.net/post/89830
2016-09-16 19:18:20,945 - qiqu - INFO - 解析奇趣发现的内容，标题为：12岁男孩看6个月电影 竟精通英文 跳级上大学
2016-09-16 19:18:20,948 - spider - ERROR - Tried to save duplicate unique keys (insertDocument :: caused by :: 11000 E11000 duplicate key error index: fun.post.$title_1  dup key: { : "12岁男孩看6个月电影 竟精通英文 跳级上大学" })
2016-09-16 19:18:20,949 - spider - INFO - 解析文章内容，地址为：http://www.qiqufaxian.cn/post/11031.html
2016-09-16 19:18:21,779 - qiqu - INFO - 解析奇趣发现的内容，标题为：岛国奇葩货 高达75.5%的宅男宅女3年不出门
2016-09-16 19:18:21,782 - spider - ERROR - Tried to save duplicate unique keys (insertDocument :: caused by :: 11000 E11000 duplicate key error index: fun.post.$title_1  dup key: { : "岛国奇葩货 高达75.5%的宅男宅女3年不出门" })
2016-09-16 19:18:21,783 - spider - INFO - 解析文章内容，地址为：http://www.qiqufaxian.cn/post/11030.html
2016-09-16 19:18:22,514 - qiqu - INFO - 解析奇趣发现的内容，标题为：大片班底 恶搞“时尚界”（多图慎入）
2016-09-16 19:18:22,518 - spider - ERROR - Tried to save duplicate unique keys (insertDocument :: caused by :: 11000 E11000 duplicate key error index: fun.post.$title_1  dup key: { : "大片班底 恶搞“时尚界”（多图慎入）" })
2016-09-16 19:18:22,519 - spider - INFO - 解析文章内容，地址为：http://www.qiqufaxian.cn/post/11029.html
2016-09-16 19:18:23,143 - fanjian - INFO - 解析犯贱志的内容，标题为：平衡车上路罚10元被罚者不在乎 ，交警
2016-09-16 19:18:23,146 - spider - ERROR - Tried to save duplicate unique keys (insertDocument :: caused by :: 11000 E11000 duplicate key error index: fun.post.$title_1  dup key: { : "平衡车上路罚10元被罚者不在乎 ，交警" })
2016-09-16 19:18:23,147 - spider - INFO - 解析文章内容，地址为：http://www.fanjian.net/post/89829
2016-09-16 19:18:23,420 - qiqu - INFO - 解析奇趣发现的内容，标题为：ESA发现失联一年的菲莱登陆器 原来“翻船深沟”
2016-09-16 19:18:23,422 - spider - ERROR - Tried to save duplicate unique keys (insertDocument :: caused by :: 11000 E11000 duplicate key error index: fun.post.$title_1  dup key: { : "ESA发现失联一年的菲莱登陆器 原来“翻船深沟”" })
2016-09-16 19:18:23,423 - spider - INFO - 解析文章内容，地址为：http://www.qiqufaxian.cn/post/11028.html
2016-09-16 19:18:23,939 - fanjian - INFO - 解析犯贱志的内容，标题为：发生了什么？［多图］
2016-09-16 19:18:23,941 - spider - ERROR - Tried to save duplicate unique keys (insertDocument :: caused by :: 11000 E11000 duplicate key error index: fun.post.$title_1  dup key: { : "发生了什么？［多图］" })
2016-09-16 19:18:23,942 - spider - INFO - 解析文章内容，地址为：http://www.fanjian.net/post/89828
2016-09-16 19:18:24,194 - qiqu - INFO - 解析奇趣发现的内容，标题为：史上最怪异的化学反应之“法老之蛇”（视频）
2016-09-16 19:18:24,198 - spider - ERROR - Tried to save duplicate unique keys (insertDocument :: caused by :: 11000 E11000 duplicate key error index: fun.post.$title_1  dup key: { : "史上最怪异的化学反应之“法老之蛇”（视频）" })
2016-09-16 19:18:24,198 - spider - INFO - 解析文章内容，地址为：http://www.qiqufaxian.cn/post/11027.html
2016-09-16 19:18:24,963 - qiqu - INFO - 解析奇趣发现的内容，标题为：不满游客玩自拍杆 这男子“怒剪”
2016-09-16 19:18:24,966 - spider - ERROR - Tried to save duplicate unique keys (insertDocument :: caused by :: 11000 E11000 duplicate key error index: fun.post.$title_1  dup key: { : "不满游客玩自拍杆 这男子“怒剪”" })
2016-09-16 19:18:24,966 - spider - INFO - 解析文章内容，地址为：http://www.qiqufaxian.cn/post/11026.html
2016-09-16 19:18:25,643 - qiqu - INFO - 解析奇趣发现的内容，标题为：留着胡须哺乳 美一变性人成功生子
2016-09-16 19:18:25,646 - spider - ERROR - Tried to save duplicate unique keys (insertDocument :: caused by :: 11000 E11000 duplicate key error index: fun.post.$title_1  dup key: { : "留着胡须哺乳 美一变性人成功生子" })
2016-09-16 19:18:25,647 - spider - INFO - 解析文章内容，地址为：http://www.qiqufaxian.cn/post/11019.html
2016-09-16 19:18:30,593 - qiqu - INFO - 解析奇趣发现的内容，标题为：你是我见过最大的 女人最常说的5大爱爱谎言
2016-09-16 19:18:30,596 - spider - ERROR - Tried to save duplicate unique keys (insertDocument :: caused by :: 11000 E11000 duplicate key error index: fun.post.$title_1  dup key: { : "你是我见过最大的 女人最常说的5大爱爱谎言" })
2016-09-16 19:18:30,597 - spider - INFO - 解析文章内容，地址为：http://www.qiqufaxian.cn/post/11018.html
2016-09-16 19:18:31,792 - qiqu - INFO - 解析奇趣发现的内容，标题为：“车影子”越线 俄罗斯奇葩罚单让你傻眼
2016-09-16 19:18:31,795 - spider - ERROR - Tried to save duplicate unique keys (insertDocument :: caused by :: 11000 E11000 duplicate key error index: fun.post.$title_1  dup key: { : "“车影子”越线 俄罗斯奇葩罚单让你傻眼" })
2016-09-16 19:18:31,796 - spider - INFO - 解析文章内容，地址为：http://www.qiqufaxian.cn/post/11017.html
2016-09-16 19:18:32,666 - qiqu - INFO - 解析奇趣发现的内容，标题为：累了 捏一捏 Niceballs完美的女性解压玩具
2016-09-16 19:18:32,668 - spider - ERROR - Tried to save duplicate unique keys (insertDocument :: caused by :: 11000 E11000 duplicate key error index: fun.post.$title_1  dup key: { : "累了 捏一捏 Niceballs完美的女性解压玩具" })
2016-09-16 19:18:32,669 - spider - INFO - 解析文章内容，地址为：http://www.qiqufaxian.cn/post/11016.html
2016-09-16 19:18:33,482 - fanjian - INFO - 解析犯贱志的内容，标题为：厦门台风：个别楼盘惨况。［多图］
2016-09-16 19:18:33,485 - spider - ERROR - Tried to save duplicate unique keys (insertDocument :: caused by :: 11000 E11000 duplicate key error index: fun.post.$title_1  dup key: { : "厦门台风：个别楼盘惨况。［多图］" })
2016-09-16 19:18:33,486 - spider - INFO - 解析文章内容，地址为：http://www.fanjian.net/post/89827
2016-09-16 19:18:33,695 - qiqu - INFO - 解析奇趣发现的内容，标题为：纽约一甜品车推出“虫虫”冰淇淋 把记者吃到吐
2016-09-16 19:18:33,700 - spider - ERROR - Tried to save duplicate unique keys (insertDocument :: caused by :: 11000 E11000 duplicate key error index: fun.post.$title_1  dup key: { : "纽约一甜品车推出“虫虫”冰淇淋 把记者吃到吐" })
2016-09-16 19:18:33,701 - spider - INFO - 解析文章内容，地址为：http://www.qiqufaxian.cn/post/11015.html
2016-09-16 19:18:34,316 - fanjian - INFO - 解析犯贱志的内容，标题为：感觉特狠
2016-09-16 19:18:34,319 - spider - ERROR - Tried to save duplicate unique keys (insertDocument :: caused by :: 11000 E11000 duplicate key error index: fun.post.$title_1  dup key: { : "感觉特狠" })
2016-09-16 19:18:34,320 - spider - INFO - 解析文章内容，地址为：http://www.fanjian.net/post/89825
2016-09-16 19:18:34,372 - qiqu - INFO - 解析奇趣发现的内容，标题为：女性攀岩爬到一半“尿急怎么办” 一图神解
2016-09-16 19:18:34,375 - spider - ERROR - Tried to save duplicate unique keys (insertDocument :: caused by :: 11000 E11000 duplicate key error index: fun.post.$title_1  dup key: { : "女性攀岩爬到一半“尿急怎么办” 一图神解" })
2016-09-16 19:18:34,375 - spider - INFO - 解析文章内容，地址为：http://www.qiqufaxian.cn/post/11014.html
2016-09-16 19:18:35,056 - fanjian - INFO - 解析犯贱志的内容，标题为：莫兰蒂威力到底有多大，两张图告诉你。。。［俩图］
2016-09-16 19:18:35,059 - spider - ERROR - Tried to save duplicate unique keys (insertDocument :: caused by :: 11000 E11000 duplicate key error index: fun.post.$title_1  dup key: { : "莫兰蒂威力到底有多大，两张图告诉你。。。［俩图］" })
2016-09-16 19:18:35,060 - spider - INFO - 解析文章内容，地址为：http://www.fanjian.net/post/89824
2016-09-16 19:18:35,122 - qiqu - INFO - 解析奇趣发现的内容，标题为：黄黄绿绿 巧克力便便 “猫砂蛋糕”你有兴趣吗
2016-09-16 19:18:35,125 - spider - ERROR - Tried to save duplicate unique keys (insertDocument :: caused by :: 11000 E11000 duplicate key error index: fun.post.$title_1  dup key: { : "黄黄绿绿 巧克力便便 “猫砂蛋糕”你有兴趣吗" })
2016-09-16 19:18:35,126 - spider - INFO - 解析文章内容，地址为：http://www.qiqufaxian.cn/post/11013.html
2016-09-16 19:18:35,770 - qiqu - INFO - 解析奇趣发现的内容，标题为：美一图书馆推重罚新规 借书不还 坐牢30天
2016-09-16 19:18:35,779 - spider - ERROR - Tried to save duplicate unique keys (insertDocument :: caused by :: 11000 E11000 duplicate key error index: fun.post.$title_1  dup key: { : "美一图书馆推重罚新规 借书不还 坐牢30天" })
2016-09-16 19:18:35,780 - spider - INFO - 解析文章内容，地址为：http://www.qiqufaxian.cn/post/11012.html
2016-09-16 19:18:35,812 - fanjian - INFO - 解析犯贱志的内容，标题为：为什么三星之前说大陆Note7不用召回，现在又宣布召回大陆部分Note 7了？
2016-09-16 19:18:35,818 - spider - ERROR - Tried to save duplicate unique keys (insertDocument :: caused by :: 11000 E11000 duplicate key error index: fun.post.$title_1  dup key: { : "为什么三星之前说大陆Note7不用召回，现在又宣布召回大陆部分Note 7了？" })
2016-09-16 19:18:35,820 - spider - INFO - 解析文章内容，地址为：http://www.fanjian.net/post/89805
2016-09-16 19:18:36,459 - qiqu - INFO - 解析奇趣发现的内容，标题为：5年时间 废弃金属打造“超级跑车”（多图慎入）
2016-09-16 19:18:36,467 - spider - ERROR - Tried to save duplicate unique keys (insertDocument :: caused by :: 11000 E11000 duplicate key error index: fun.post.$title_1  dup key: { : "5年时间 废弃金属打造“超级跑车”（多图慎入）" })
2016-09-16 19:18:36,467 - spider - INFO - 解析文章内容，地址为：http://www.qiqufaxian.cn/post/11011.html
2016-09-16 19:18:36,601 - fanjian - INFO - 解析犯贱志的内容，标题为：真·肚皮舞！
2016-09-16 19:18:36,603 - spider - ERROR - Tried to save duplicate unique keys (insertDocument :: caused by :: 11000 E11000 duplicate key error index: fun.post.$title_1  dup key: { : "真·肚皮舞！" })
2016-09-16 19:18:36,604 - spider - INFO - 解析文章内容，地址为：http://www.fanjian.net/post/89823
2016-09-16 19:18:37,199 - qiqu - INFO - 解析奇趣发现的内容，标题为：教授上课打赌 “投纸团”进垃圾桶 全班100 结果
2016-09-16 19:18:37,202 - spider - ERROR - Tried to save duplicate unique keys (insertDocument :: caused by :: 11000 E11000 duplicate key error index: fun.post.$title_1  dup key: { : "教授上课打赌 “投纸团”进垃圾桶 全班100 结果" })
2016-09-16 19:18:37,202 - spider - INFO - 解析文章内容，地址为：http://www.qiqufaxian.cn/post/11010.html
2016-09-16 19:18:37,641 - fanjian - INFO - 解析犯贱志的内容，标题为：五缘湾的土豪们哀嚎一片，整栋楼靠海方向的房间玻璃全部刮走无一幸免！
2016-09-16 19:18:37,649 - spider - ERROR - Tried to save duplicate unique keys (insertDocument :: caused by :: 11000 E11000 duplicate key error index: fun.post.$title_1  dup key: { : "五缘湾的土豪们哀嚎一片，整栋楼靠海方向的房间玻璃全部刮走无一幸免！" })
2016-09-16 19:18:37,650 - spider - INFO - 解析文章内容，地址为：http://www.fanjian.net/post/89822
2016-09-16 19:18:37,904 - qiqu - INFO - 解析奇趣发现的内容，标题为：融为一体 艺术家打造“消失的无轨电车”
2016-09-16 19:18:37,910 - spider - ERROR - Tried to save duplicate unique keys (insertDocument :: caused by :: 11000 E11000 duplicate key error index: fun.post.$title_1  dup key: { : "融为一体 艺术家打造“消失的无轨电车”" })
2016-09-16 19:18:37,910 - spider - INFO - 解析文章内容，地址为：http://www.qiqufaxian.cn/post/11009.html
2016-09-16 19:18:38,614 - qiqu - INFO - 解析奇趣发现的内容，标题为：为了接女儿 美一邮差竟把759封信件扔垃圾桶
2016-09-16 19:18:38,618 - spider - ERROR - Tried to save duplicate unique keys (insertDocument :: caused by :: 11000 E11000 duplicate key error index: fun.post.$title_1  dup key: { : "为了接女儿 美一邮差竟把759封信件扔垃圾桶" })
2016-09-16 19:18:38,619 - spider - INFO - 解析文章内容，地址为：http://www.qiqufaxian.cn/post/11008.html
2016-09-16 19:18:38,722 - fanjian - INFO - 解析犯贱志的内容，标题为：老爸总是最风骚的那个  计谋深远！【多图】
2016-09-16 19:18:38,725 - spider - ERROR - Tried to save duplicate unique keys (insertDocument :: caused by :: 11000 E11000 duplicate key error index: fun.post.$title_1  dup key: { : "老爸总是最风骚的那个  计谋深远！【多图】" })
2016-09-16 19:18:38,728 - spider - INFO - 解析文章内容，地址为：http://www.fanjian.net/post/89821
2016-09-16 19:18:39,485 - qiqu - INFO - 解析奇趣发现的内容，标题为：激励员工的奖励 披萨竟比现金更有用
2016-09-16 19:18:39,487 - fanjian - INFO - 解析犯贱志的内容，标题为：很少看见年轻人如此励志有上进心了！
2016-09-16 19:18:39,490 - spider - ERROR - Tried to save duplicate unique keys (insertDocument :: caused by :: 11000 E11000 duplicate key error index: fun.post.$title_1  dup key: { : "激励员工的奖励 披萨竟比现金更有用" })
2016-09-16 19:18:39,490 - spider - INFO - 解析文章内容，地址为：http://www.qiqufaxian.cn/post/11007.html
2016-09-16 19:18:39,506 - spider - ERROR - Tried to save duplicate unique keys (insertDocument :: caused by :: 11000 E11000 duplicate key error index: fun.post.$title_1  dup key: { : "很少看见年轻人如此励志有上进心了！" })
2016-09-16 19:18:39,507 - spider - INFO - 解析文章内容，地址为：http://www.fanjian.net/post/89814
2016-09-16 19:18:40,150 - qiqu - INFO - 解析奇趣发现的内容，标题为：一杯咖啡 三种价格 “礼貌”决定顾客付多少钱
2016-09-16 19:18:40,153 - spider - ERROR - Tried to save duplicate unique keys (insertDocument :: caused by :: 11000 E11000 duplicate key error index: fun.post.$title_1  dup key: { : "一杯咖啡 三种价格 “礼貌”决定顾客付多少钱" })
2016-09-16 19:18:40,153 - spider - INFO - 解析文章内容，地址为：http://www.qiqufaxian.cn/post/11006.html
2016-09-16 19:18:40,432 - fanjian - INFO - 解析犯贱志的内容，标题为：南北差异表示不背这个锅！【多图】
2016-09-16 19:18:40,434 - spider - ERROR - Tried to save duplicate unique keys (insertDocument :: caused by :: 11000 E11000 duplicate key error index: fun.post.$title_1  dup key: { : "南北差异表示不背这个锅！【多图】" })
2016-09-16 19:18:40,437 - spider - INFO - 解析文章内容，地址为：http://www.fanjian.net/post/89762
2016-09-16 19:18:40,929 - qiqu - INFO - 解析奇趣发现的内容，标题为：做恶梦不一定是坏事 适度还能纾解压力
2016-09-16 19:18:40,932 - spider - ERROR - Tried to save duplicate unique keys (insertDocument :: caused by :: 11000 E11000 duplicate key error index: fun.post.$title_1  dup key: { : "做恶梦不一定是坏事 适度还能纾解压力" })
2016-09-16 19:18:40,932 - spider - INFO - 解析文章内容，地址为：http://www.qiqufaxian.cn/post/11005.html
2016-09-16 19:18:41,459 - fanjian - INFO - 解析犯贱志的内容，标题为：【中秋话题】嫦娥应不应该奔月？
2016-09-16 19:18:41,462 - spider - ERROR - Tried to save duplicate unique keys (insertDocument :: caused by :: 11000 E11000 duplicate key error index: fun.post.$title_1  dup key: { : "【中秋话题】嫦娥应不应该奔月？" })
2016-09-16 19:18:41,463 - spider - INFO - 解析文章内容，地址为：http://www.fanjian.net/post/89820
2016-09-16 19:18:41,686 - qiqu - INFO - 解析奇趣发现的内容，标题为：两美女挑战“死神辣椒” 结果 导致直接吸氧保命
2016-09-16 19:18:41,689 - spider - ERROR - Tried to save duplicate unique keys (insertDocument :: caused by :: 11000 E11000 duplicate key error index: fun.post.$title_1  dup key: { : "两美女挑战“死神辣椒” 结果 导致直接吸氧保命" })
2016-09-16 19:18:41,689 - spider - INFO - 解析文章内容，地址为：http://www.qiqufaxian.cn/post/11004.html
2016-09-16 19:18:42,241 - fanjian - INFO - 解析犯贱志的内容，标题为：突然忘记要来做什么了...
2016-09-16 19:18:42,243 - spider - ERROR - Tried to save duplicate unique keys (insertDocument :: caused by :: 11000 E11000 duplicate key error index: fun.post.$title_1  dup key: { : "突然忘记要来做什么了..." })
2016-09-16 19:18:42,244 - spider - INFO - 解析文章内容，地址为：http://www.fanjian.net/post/89819
2016-09-16 19:18:43,305 - fanjian - INFO - 解析犯贱志的内容，标题为：神奇的阿三【多图】
2016-09-16 19:18:43,308 - spider - ERROR - Tried to save duplicate unique keys (insertDocument :: caused by :: 11000 E11000 duplicate key error index: fun.post.$title_1  dup key: { : "神奇的阿三【多图】" })
2016-09-16 19:18:43,309 - spider - INFO - 解析文章内容，地址为：http://www.fanjian.net/post/89818
2016-09-16 19:18:44,246 - fanjian - INFO - 解析犯贱志的内容，标题为：论智商的重要性
2016-09-16 19:18:44,248 - spider - ERROR - Tried to save duplicate unique keys (insertDocument :: caused by :: 11000 E11000 duplicate key error index: fun.post.$title_1  dup key: { : "论智商的重要性" })
2016-09-16 19:18:44,249 - spider - INFO - 解析文章内容，地址为：http://www.fanjian.net/post/89817
2016-09-16 19:18:44,675 - qiqu - INFO - 解析奇趣发现的内容，标题为：这男子坐着洗澡 竟被凳子洞洞“卡蛋” 那个痛苦
2016-09-16 19:18:44,679 - spider - ERROR - Tried to save duplicate unique keys (insertDocument :: caused by :: 11000 E11000 duplicate key error index: fun.post.$title_1  dup key: { : "这男子坐着洗澡 竟被凳子洞洞“卡蛋” 那个痛苦" })
2016-09-16 19:18:44,679 - spider - INFO - 解析文章内容，地址为：http://www.qiqufaxian.cn/post/11003.html
2016-09-16 19:18:45,173 - fanjian - INFO - 解析犯贱志的内容，标题为：我要飞得更高——飞得更高————翅膀卷起风暴
2016-09-16 19:18:45,175 - spider - ERROR - Tried to save duplicate unique keys (insertDocument :: caused by :: 11000 E11000 duplicate key error index: fun.post.$title_1  dup key: { : "我要飞得更高——飞得更高————翅膀卷起风暴" })
2016-09-16 19:18:45,176 - spider - INFO - 解析文章内容，地址为：http://www.fanjian.net/post/89815
2016-09-16 19:18:45,412 - qiqu - INFO - 解析奇趣发现的内容，标题为：岛国奇葩货 票选“丑女”最多的县市 第一名意外
2016-09-16 19:18:45,415 - spider - ERROR - Tried to save duplicate unique keys (insertDocument :: caused by :: 11000 E11000 duplicate key error index: fun.post.$title_1  dup key: { : "岛国奇葩货 票选“丑女”最多的县市 第一名意外" })
2016-09-16 19:18:45,416 - spider - INFO - 解析文章内容，地址为：http://www.qiqufaxian.cn/post/11002.html
2016-09-16 19:18:46,130 - fanjian - INFO - 解析犯贱志的内容，标题为：分享一组脑洞广告【多图】
2016-09-16 19:18:46,133 - spider - ERROR - Tried to save duplicate unique keys (insertDocument :: caused by :: 11000 E11000 duplicate key error index: fun.post.$title_1  dup key: { : "分享一组脑洞广告【多图】" })
2016-09-16 19:18:46,135 - spider - INFO - 解析文章内容，地址为：http://www.fanjian.net/post/89813
2016-09-16 19:18:46,142 - qiqu - INFO - 解析奇趣发现的内容，标题为：[第四十四期]这东西哪里有卖？之原木3
2016-09-16 19:18:46,144 - spider - ERROR - Tried to save duplicate unique keys (insertDocument :: caused by :: 11000 E11000 duplicate key error index: fun.post.$title_1  dup key: { : "[第四十四期]这东西哪里有卖？之原木3" })
2016-09-16 19:18:46,145 - spider - INFO - 解析文章内容，地址为：http://www.qiqufaxian.cn/post/11001.html
2016-09-16 19:18:47,085 - fanjian - INFO - 解析犯贱志的内容，标题为：运动员不满黑哨，举杠铃怒砸裁判
2016-09-16 19:18:47,089 - spider - ERROR - Tried to save duplicate unique keys (insertDocument :: caused by :: 11000 E11000 duplicate key error index: fun.post.$title_1  dup key: { : "运动员不满黑哨，举杠铃怒砸裁判" })
2016-09-16 19:18:47,090 - spider - INFO - 解析文章内容，地址为：http://www.fanjian.net/post/89812
2016-09-16 19:18:48,007 - fanjian - INFO - 解析犯贱志的内容，标题为：一车note7
2016-09-16 19:18:48,010 - spider - ERROR - Tried to save duplicate unique keys (insertDocument :: caused by :: 11000 E11000 duplicate key error index: fun.post.$title_1  dup key: { : "一车note7" })
2016-09-16 19:18:48,011 - spider - INFO - 解析文章内容，地址为：http://www.fanjian.net/post/89811
2016-09-16 19:18:49,013 - fanjian - INFO - 解析犯贱志的内容，标题为：中国队已逆天
2016-09-16 19:18:49,017 - spider - ERROR - Tried to save duplicate unique keys (insertDocument :: caused by :: 11000 E11000 duplicate key error index: fun.post.$title_1  dup key: { : "中国队已逆天" })
2016-09-16 19:18:49,018 - spider - INFO - 解析文章内容，地址为：http://www.fanjian.net/post/89809
2016-09-16 19:18:50,077 - fanjian - INFO - 解析犯贱志的内容，标题为：网友对婚后性生活讨论，最后一个精辟了。。。
2016-09-16 19:18:50,080 - spider - ERROR - Tried to save duplicate unique keys (insertDocument :: caused by :: 11000 E11000 duplicate key error index: fun.post.$title_1  dup key: { : "网友对婚后性生活讨论，最后一个精辟了。。。" })
2016-09-16 19:18:50,081 - spider - INFO - 解析文章内容，地址为：http://www.fanjian.net/post/89808
2016-09-16 19:18:50,916 - qiqu - INFO - 解析奇趣发现的内容，标题为：巧了 奥尼尔捡到钱包 失主竟是贝克汉姆
2016-09-16 19:18:50,920 - spider - ERROR - Tried to save duplicate unique keys (insertDocument :: caused by :: 11000 E11000 duplicate key error index: fun.post.$title_1  dup key: { : "巧了 奥尼尔捡到钱包 失主竟是贝克汉姆" })
2016-09-16 19:18:50,921 - spider - INFO - 解析文章内容，地址为：http://www.qiqufaxian.cn/post/11000.html
2016-09-16 19:18:50,967 - fanjian - INFO - 解析犯贱志的内容，标题为：畅销款
2016-09-16 19:18:50,970 - spider - ERROR - Tried to save duplicate unique keys (insertDocument :: caused by :: 11000 E11000 duplicate key error index: fun.post.$title_1  dup key: { : "畅销款" })
2016-09-16 19:18:50,971 - spider - INFO - 解析文章内容，地址为：http://www.fanjian.net/post/89810
2016-09-16 19:18:51,570 - qiqu - INFO - 解析奇趣发现的内容，标题为：俄罗斯人不爱棒球 但一年能卖出50万支球棒
2016-09-16 19:18:51,575 - spider - ERROR - Tried to save duplicate unique keys (insertDocument :: caused by :: 11000 E11000 duplicate key error index: fun.post.$title_1  dup key: { : "俄罗斯人不爱棒球 但一年能卖出50万支球棒" })
2016-09-16 19:18:51,575 - spider - INFO - 解析文章内容，地址为：http://www.qiqufaxian.cn/post/10999.html
2016-09-16 19:18:52,024 - fanjian - INFO - 解析犯贱志的内容，标题为：可以说脏话么!!!【多图】
2016-09-16 19:18:52,029 - spider - ERROR - Tried to save duplicate unique keys (insertDocument :: caused by :: 11000 E11000 duplicate key error index: fun.post.$title_1  dup key: { : "可以说脏话么!!!【多图】" })
2016-09-16 19:18:52,031 - spider - INFO - 解析文章内容，地址为：http://www.fanjian.net/post/89807
2016-09-16 19:18:53,976 - fanjian - INFO - 解析犯贱志的内容，标题为：好想穿越去古代吃月饼【多图】
2016-09-16 19:18:53,980 - spider - ERROR - Tried to save duplicate unique keys (insertDocument :: caused by :: 11000 E11000 duplicate key error index: fun.post.$title_1  dup key: { : "好想穿越去古代吃月饼【多图】" })
2016-09-16 19:18:53,981 - spider - INFO - 解析文章内容，地址为：http://www.fanjian.net/post/89804
2016-09-16 19:18:55,148 - fanjian - INFO - 解析犯贱志的内容，标题为：黑色紧身皮衣的诱惑
2016-09-16 19:18:55,150 - spider - ERROR - Tried to save duplicate unique keys (insertDocument :: caused by :: 11000 E11000 duplicate key error index: fun.post.$title_1  dup key: { : "黑色紧身皮衣的诱惑" })
2016-09-16 19:18:55,152 - spider - INFO - 解析文章内容，地址为：http://www.fanjian.net/post/89806
2016-09-16 19:18:56,450 - qiqu - INFO - 解析奇趣发现的内容，标题为：澳一餐厅近期爆红 因为他们的菜单很“色”
2016-09-16 19:18:56,454 - spider - ERROR - Tried to save duplicate unique keys (insertDocument :: caused by :: 11000 E11000 duplicate key error index: fun.post.$title_1  dup key: { : "澳一餐厅近期爆红 因为他们的菜单很“色”" })
2016-09-16 19:18:56,455 - spider - INFO - 解析文章内容，地址为：http://www.qiqufaxian.cn/post/10998.html
2016-09-16 19:18:56,999 - fanjian - INFO - 解析犯贱志的内容，标题为：感受一下厦门的台风
2016-09-16 19:18:57,004 - spider - ERROR - Tried to save duplicate unique keys (insertDocument :: caused by :: 11000 E11000 duplicate key error index: fun.post.$title_1  dup key: { : "感受一下厦门的台风" })
2016-09-16 19:18:57,005 - spider - INFO - 解析文章内容，地址为：http://www.fanjian.net/post/89802
2016-09-16 19:18:57,059 - qiqu - INFO - 解析奇趣发现的内容，标题为：为什么《海绵宝宝》中的蟹老板 女儿却是鲸鱼
2016-09-16 19:18:57,063 - spider - ERROR - Tried to save duplicate unique keys (insertDocument :: caused by :: 11000 E11000 duplicate key error index: fun.post.$title_1  dup key: { : "为什么《海绵宝宝》中的蟹老板 女儿却是鲸鱼" })
2016-09-16 19:18:57,063 - spider - INFO - 解析文章内容，地址为：http://www.qiqufaxian.cn/post/10996.html
2016-09-16 19:18:57,774 - qiqu - INFO - 解析奇趣发现的内容，标题为：这封信件 只有“福尔摩斯级别”的邮差 才能送达
2016-09-16 19:18:57,776 - spider - ERROR - Tried to save duplicate unique keys (insertDocument :: caused by :: 11000 E11000 duplicate key error index: fun.post.$title_1  dup key: { : "这封信件 只有“福尔摩斯级别”的邮差 才能送达" })
2016-09-16 19:18:57,777 - spider - INFO - 解析文章内容，地址为：http://www.qiqufaxian.cn/post/10995.html
2016-09-16 19:18:57,866 - fanjian - INFO - 解析犯贱志的内容，标题为：别误会，我是要确认一下喊阿姨还是喊叔叔！
2016-09-16 19:18:57,872 - spider - ERROR - Tried to save duplicate unique keys (insertDocument :: caused by :: 11000 E11000 duplicate key error index: fun.post.$title_1  dup key: { : "别误会，我是要确认一下喊阿姨还是喊叔叔！" })
2016-09-16 19:18:57,873 - spider - INFO - 解析文章内容，地址为：http://www.fanjian.net/post/89803
2016-09-16 19:18:58,493 - qiqu - INFO - 解析奇趣发现的内容，标题为：科学家研究发现 汪星人能听懂人类的话
2016-09-16 19:18:58,496 - spider - ERROR - Tried to save duplicate unique keys (insertDocument :: caused by :: 11000 E11000 duplicate key error index: fun.post.$title_1  dup key: { : "科学家研究发现 汪星人能听懂人类的话" })
2016-09-16 19:18:58,497 - spider - INFO - 解析文章内容，地址为：http://www.qiqufaxian.cn/post/10994.html
2016-09-16 19:18:59,388 - qiqu - INFO - 解析奇趣发现的内容，标题为：厨师挑战地表最辣“死亡泡面” 瞬间失听（视频）
2016-09-16 19:18:59,391 - spider - ERROR - Tried to save duplicate unique keys (insertDocument :: caused by :: 11000 E11000 duplicate key error index: fun.post.$title_1  dup key: { : "厨师挑战地表最辣“死亡泡面” 瞬间失听（视频）" })
2016-09-16 19:18:59,391 - spider - INFO - 解析文章内容，地址为：http://www.qiqufaxian.cn/post/10993.html
2016-09-16 19:19:00,421 - qiqu - INFO - 解析奇趣发现的内容，标题为：警察就坐在旁边 这对情侣照吃“霸王餐”
2016-09-16 19:19:00,423 - spider - ERROR - Tried to save duplicate unique keys (insertDocument :: caused by :: 11000 E11000 duplicate key error index: fun.post.$title_1  dup key: { : "警察就坐在旁边 这对情侣照吃“霸王餐”" })
2016-09-16 19:19:00,424 - spider - INFO - 解析文章内容，地址为：http://www.qiqufaxian.cn/post/10992.html
2016-09-16 19:19:01,118 - qiqu - INFO - 解析奇趣发现的内容，标题为：汪星人掉进湖里 竟游6公里 走12公里 找主人
2016-09-16 19:19:01,120 - spider - ERROR - Tried to save duplicate unique keys (insertDocument :: caused by :: 11000 E11000 duplicate key error index: fun.post.$title_1  dup key: { : "汪星人掉进湖里 竟游6公里 走12公里 找主人" })
2016-09-16 19:19:01,121 - spider - INFO - 解析文章内容，地址为：http://www.qiqufaxian.cn/post/10991.html
2016-09-16 19:19:01,932 - qiqu - INFO - 解析奇趣发现的内容，标题为：女教师和学生单独相处3小时 结果 一起睡了
2016-09-16 19:19:01,934 - spider - ERROR - Tried to save duplicate unique keys (insertDocument :: caused by :: 11000 E11000 duplicate key error index: fun.post.$title_1  dup key: { : "女教师和学生单独相处3小时 结果 一起睡了" })
2016-09-16 19:19:01,935 - spider - INFO - 解析文章内容，地址为：http://www.qiqufaxian.cn/post/10990.html
2016-09-16 19:19:02,626 - qiqu - INFO - 解析奇趣发现的内容，标题为：岛国奇葩货 日本没有“首都” 这是真的
2016-09-16 19:19:02,631 - spider - ERROR - Tried to save duplicate unique keys (insertDocument :: caused by :: 11000 E11000 duplicate key error index: fun.post.$title_1  dup key: { : "岛国奇葩货 日本没有“首都” 这是真的" })
2016-09-16 19:19:02,632 - spider - INFO - 解析文章内容，地址为：http://www.qiqufaxian.cn/post/10989.html
2016-09-16 19:19:03,608 - qiqu - INFO - 解析奇趣发现的内容，标题为：或许你不知道 手脚长短 粗细 都暗藏健康密码
2016-09-16 19:19:03,611 - spider - ERROR - Tried to save duplicate unique keys (insertDocument :: caused by :: 11000 E11000 duplicate key error index: fun.post.$title_1  dup key: { : "或许你不知道 手脚长短 粗细 都暗藏健康密码" })
2016-09-16 19:19:03,612 - spider - INFO - 解析文章内容，地址为：http://www.qiqufaxian.cn/post/10988.html
2016-09-16 19:19:04,370 - qiqu - INFO - 解析奇趣发现的内容，标题为：NASA爆寻外星人“四个热点” 10年内找到答案
2016-09-16 19:19:04,373 - spider - ERROR - Tried to save duplicate unique keys (insertDocument :: caused by :: 11000 E11000 duplicate key error index: fun.post.$title_1  dup key: { : "NASA爆寻外星人“四个热点” 10年内找到答案" })
2016-09-16 19:19:04,374 - spider - INFO - 解析文章内容，地址为：http://www.qiqufaxian.cn/post/10987.html
2016-09-16 19:19:05,086 - qiqu - INFO - 解析奇趣发现的内容，标题为：渔夫捕获一条“人牙齿的怪鱼” 把狗狗咬得惨叫
2016-09-16 19:19:05,089 - spider - ERROR - Tried to save duplicate unique keys (insertDocument :: caused by :: 11000 E11000 duplicate key error index: fun.post.$title_1  dup key: { : "渔夫捕获一条“人牙齿的怪鱼” 把狗狗咬得惨叫" })
2016-09-16 19:19:05,090 - spider - INFO - 解析文章内容，地址为：http://www.qiqufaxian.cn/post/10986.html
2016-09-16 19:19:05,782 - qiqu - INFO - 解析奇趣发现的内容，标题为：不要丢弃了 吃黑斑香蕉的9大好处
2016-09-16 19:19:05,785 - spider - ERROR - Tried to save duplicate unique keys (insertDocument :: caused by :: 11000 E11000 duplicate key error index: fun.post.$title_1  dup key: { : "不要丢弃了 吃黑斑香蕉的9大好处" })
2016-09-16 19:19:05,785 - spider - INFO - 解析文章内容，地址为：http://www.qiqufaxian.cn/post/10985.html
2016-09-16 19:19:06,493 - qiqu - INFO - 解析奇趣发现的内容，标题为：岛国奇葩货 一张食物照片 引发的疯狂讨论
2016-09-16 19:19:06,495 - spider - ERROR - Tried to save duplicate unique keys (insertDocument :: caused by :: 11000 E11000 duplicate key error index: fun.post.$title_1  dup key: { : "岛国奇葩货 一张食物照片 引发的疯狂讨论" })
2016-09-16 19:19:06,496 - spider - INFO - 解析文章内容，地址为：http://www.qiqufaxian.cn/post/10984.html
2016-09-16 19:19:07,216 - qiqu - INFO - 解析奇趣发现的内容，标题为：墨一老人“遗体”被火化 几个月后他“复活”了
2016-09-16 19:19:07,219 - spider - ERROR - Tried to save duplicate unique keys (insertDocument :: caused by :: 11000 E11000 duplicate key error index: fun.post.$title_1  dup key: { : "墨一老人“遗体”被火化 几个月后他“复活”了" })
2016-09-16 19:19:07,220 - spider - INFO - 解析文章内容，地址为：http://www.qiqufaxian.cn/post/10983.html
Traceback (most recent call last):
  File "/usr/lib/python3/dist-packages/urllib3/connectionpool.py", line 377, in _make_request
    httplib_response = conn.getresponse(buffering=True)
TypeError: getresponse() got an unexpected keyword argument 'buffering'

During handling of the above exception, another exception occurred:

Traceback (most recent call last):
  File "/usr/lib/python3/dist-packages/urllib3/connectionpool.py", line 379, in _make_request
    httplib_response = conn.getresponse()
  File "/usr/lib/python3.5/http/client.py", line 1197, in getresponse
    response.begin()
  File "/usr/lib/python3.5/http/client.py", line 297, in begin
    version, status, reason = self._read_status()
  File "/usr/lib/python3.5/http/client.py", line 258, in _read_status
    line = str(self.fp.readline(_MAXLINE + 1), "iso-8859-1")
  File "/usr/lib/python3.5/socket.py", line 575, in readinto
    return self._sock.recv_into(b)
socket.timeout: timed out

During handling of the above exception, another exception occurred:

Traceback (most recent call last):
  File "/usr/lib/python3/dist-packages/requests/adapters.py", line 376, in send
    timeout=timeout
  File "/usr/lib/python3/dist-packages/urllib3/connectionpool.py", line 610, in urlopen
    _stacktrace=sys.exc_info()[2])
  File "/usr/lib/python3/dist-packages/urllib3/util/retry.py", line 247, in increment
    raise six.reraise(type(error), error, _stacktrace)
  File "/usr/lib/python3/dist-packages/six.py", line 686, in reraise
    raise value
  File "/usr/lib/python3/dist-packages/urllib3/connectionpool.py", line 560, in urlopen
    body=body, headers=headers)
  File "/usr/lib/python3/dist-packages/urllib3/connectionpool.py", line 381, in _make_request
    self._raise_timeout(err=e, url=url, timeout_value=read_timeout)
  File "/usr/lib/python3/dist-packages/urllib3/connectionpool.py", line 309, in _raise_timeout
    raise ReadTimeoutError(self, url, "Read timed out. (read timeout=%s)" % timeout_value)
requests.packages.urllib3.exceptions.ReadTimeoutError: HTTPConnectionPool(host='127.0.0.1', port=8087): Read timed out. (read timeout=10)

During handling of the above exception, another exception occurred:

Traceback (most recent call last):
  File "/usr/local/lib/python3.5/dist-packages/gevent/greenlet.py", line 534, in run
    result = self._run(*self.args, **self.kwargs)
  File "/home/joe/code/fun/spider.py", line 90, in parse_content
    html = self.req(url).text
  File "/usr/lib/python3/dist-packages/requests/api.py", line 67, in get
    return request('get', url, params=params, **kwargs)
  File "/usr/lib/python3/dist-packages/requests/api.py", line 53, in request
    return session.request(method=method, url=url, **kwargs)
  File "/usr/lib/python3/dist-packages/requests/sessions.py", line 468, in request
    resp = self.send(prep, **send_kwargs)
  File "/usr/lib/python3/dist-packages/requests/sessions.py", line 576, in send
    r = adapter.send(request, **kwargs)
  File "/usr/lib/python3/dist-packages/requests/adapters.py", line 449, in send
    raise ReadTimeout(e, request=request)
requests.exceptions.ReadTimeout: HTTPConnectionPool(host='127.0.0.1', port=8087): Read timed out. (read timeout=10)
<Greenlet at 0x7fa8677c1508: <bound method Spider.parse_content of <fanjian.FanjianSpider object at 0x7fa87e6d1a20>>('http://www.fanjian.net/post/89803')> failed with ReadTimeout

2016-09-16 19:19:07,888 - spider - INFO - 解析文章内容，地址为：http://www.fanjian.net/post/89800
2016-09-16 19:19:08,153 - qiqu - INFO - 解析奇趣发现的内容，标题为：天文学家收到外星电波 或许存在类似地球文明
2016-09-16 19:19:08,156 - spider - ERROR - Tried to save duplicate unique keys (insertDocument :: caused by :: 11000 E11000 duplicate key error index: fun.post.$title_1  dup key: { : "天文学家收到外星电波 或许存在类似地球文明" })
2016-09-16 19:19:08,157 - spider - INFO - 解析文章内容，地址为：http://www.qiqufaxian.cn/post/10982.html
2016-09-16 19:19:08,843 - qiqu - INFO - 解析奇趣发现的内容，标题为：英一动物园的猴宝宝 竟神似“伏地魔”
2016-09-16 19:19:08,846 - spider - ERROR - Tried to save duplicate unique keys (insertDocument :: caused by :: 11000 E11000 duplicate key error index: fun.post.$title_1  dup key: { : "英一动物园的猴宝宝 竟神似“伏地魔”" })
2016-09-16 19:19:08,847 - spider - INFO - 解析文章内容，地址为：http://www.qiqufaxian.cn/post/10981.html
2016-09-16 19:19:09,681 - fanjian - INFO - 解析犯贱志的内容，标题为：姑娘你这是用绳命换来的买家秀啊【多图】
2016-09-16 19:19:09,686 - spider - ERROR - Tried to save duplicate unique keys (insertDocument :: caused by :: 11000 E11000 duplicate key error index: fun.post.$title_1  dup key: { : "姑娘你这是用绳命换来的买家秀啊【多图】" })
2016-09-16 19:19:09,687 - spider - INFO - 解析文章内容，地址为：http://www.fanjian.net/post/89799
2016-09-16 19:19:09,894 - qiqu - INFO - 解析奇趣发现的内容，标题为：为何人人都爱“巨乳” 专家是这样说滴
2016-09-16 19:19:09,899 - spider - ERROR - Tried to save duplicate unique keys (insertDocument :: caused by :: 11000 E11000 duplicate key error index: fun.post.$title_1  dup key: { : "为何人人都爱“巨乳” 专家是这样说滴" })
2016-09-16 19:19:09,900 - spider - INFO - 解析文章内容，地址为：http://www.qiqufaxian.cn/post/10980.html
2016-09-16 19:19:11,405 - fanjian - INFO - 解析犯贱志的内容，标题为：不禁陷入了沉思...
2016-09-16 19:19:11,408 - spider - ERROR - Tried to save duplicate unique keys (insertDocument :: caused by :: 11000 E11000 duplicate key error index: fun.post.$title_1  dup key: { : "不禁陷入了沉思..." })
2016-09-16 19:19:11,409 - spider - INFO - 解析文章内容，地址为：http://www.fanjian.net/post/89798
2016-09-16 19:19:11,479 - qiqu - INFO - 解析奇趣发现的内容，标题为：运动前这“6种食物”不要吃 大大降低运动效果
2016-09-16 19:19:11,482 - spider - ERROR - Tried to save duplicate unique keys (insertDocument :: caused by :: 11000 E11000 duplicate key error index: fun.post.$title_1  dup key: { : "运动前这“6种食物”不要吃 大大降低运动效果" })
2016-09-16 19:19:11,483 - spider - INFO - 解析文章内容，地址为：http://www.qiqufaxian.cn/post/10979.html
2016-09-16 19:19:12,303 - fanjian - INFO - 解析犯贱志的内容，标题为：老板 这样的键盘给我称十斤！
2016-09-16 19:19:12,305 - spider - ERROR - Tried to save duplicate unique keys (insertDocument :: caused by :: 11000 E11000 duplicate key error index: fun.post.$title_1  dup key: { : "老板 这样的键盘给我称十斤！" })
2016-09-16 19:19:12,306 - spider - INFO - 解析文章内容，地址为：http://www.fanjian.net/post/89801
2016-09-16 19:19:12,629 - qiqu - INFO - 解析奇趣发现的内容，标题为：不需要电力 Octobot软体“章鱼机器人”
2016-09-16 19:19:12,632 - spider - ERROR - Tried to save duplicate unique keys (insertDocument :: caused by :: 11000 E11000 duplicate key error index: fun.post.$title_1  dup key: { : "不需要电力 Octobot软体“章鱼机器人”" })
2016-09-16 19:19:12,632 - spider - INFO - 解析文章内容，地址为：http://www.qiqufaxian.cn/post/10978.html
2016-09-16 19:19:13,376 - qiqu - INFO - 解析奇趣发现的内容，标题为：英国人的马桶什么都能冲 每星期冲下21吨垃圾
2016-09-16 19:19:13,379 - spider - ERROR - Tried to save duplicate unique keys (insertDocument :: caused by :: 11000 E11000 duplicate key error index: fun.post.$title_1  dup key: { : "英国人的马桶什么都能冲 每星期冲下21吨垃圾" })
2016-09-16 19:19:13,379 - spider - INFO - 解析文章内容，地址为：http://www.qiqufaxian.cn/post/10977.html
2016-09-16 19:19:14,366 - qiqu - INFO - 解析奇趣发现的内容，标题为：这个小男孩要求的生日礼物 竟是100个披萨
2016-09-16 19:19:14,369 - spider - ERROR - Tried to save duplicate unique keys (insertDocument :: caused by :: 11000 E11000 duplicate key error index: fun.post.$title_1  dup key: { : "这个小男孩要求的生日礼物 竟是100个披萨" })
2016-09-16 19:19:14,370 - spider - INFO - 解析文章内容，地址为：http://www.qiqufaxian.cn/post/10976.html
2016-09-16 19:19:15,159 - qiqu - INFO - 解析奇趣发现的内容，标题为：为了能在上课时睡觉 他的做法令人惊讶（视频）
2016-09-16 19:19:15,162 - spider - ERROR - Tried to save duplicate unique keys (insertDocument :: caused by :: 11000 E11000 duplicate key error index: fun.post.$title_1  dup key: { : "为了能在上课时睡觉 他的做法令人惊讶（视频）" })
2016-09-16 19:19:15,163 - spider - INFO - 解析文章内容，地址为：http://www.qiqufaxian.cn/post/10975.html
2016-09-16 19:19:15,804 - fanjian - INFO - 解析犯贱志的内容，标题为：天很热：法国野猪和民众一起在海滩“乘凉”。［多图］
2016-09-16 19:19:15,807 - spider - ERROR - Tried to save duplicate unique keys (insertDocument :: caused by :: 11000 E11000 duplicate key error index: fun.post.$title_1  dup key: { : "天很热：法国野猪和民众一起在海滩“乘凉”。［多图］" })
2016-09-16 19:19:15,808 - spider - INFO - 解析文章内容，地址为：http://www.fanjian.net/post/89797
2016-09-16 19:19:15,941 - qiqu - INFO - 解析奇趣发现的内容，标题为：西伯利亚惊现“巨大蘑菇云” 吓坏居民（视频）
2016-09-16 19:19:16,042 - spider - ERROR - Tried to save duplicate unique keys (insertDocument :: caused by :: 11000 E11000 duplicate key error index: fun.post.$title_1  dup key: { : "西伯利亚惊现“巨大蘑菇云” 吓坏居民（视频）" })
2016-09-16 19:19:16,042 - spider - INFO - 解析文章内容，地址为：http://www.qiqufaxian.cn/post/10974.html
2016-09-16 19:19:16,531 - fanjian - INFO - 解析犯贱志的内容，标题为：中秋佳节出门在外 大家注意安全！【多图】
2016-09-16 19:19:16,534 - spider - ERROR - Tried to save duplicate unique keys (insertDocument :: caused by :: 11000 E11000 duplicate key error index: fun.post.$title_1  dup key: { : "中秋佳节出门在外 大家注意安全！【多图】" })
2016-09-16 19:19:16,535 - spider - INFO - 解析文章内容，地址为：http://www.fanjian.net/post/89796
2016-09-16 19:19:17,074 - qiqu - INFO - 解析奇趣发现的内容，标题为：岛国奇葩货 血型为AB型男性 最爱女性脚臭
2016-09-16 19:19:17,078 - spider - ERROR - Tried to save duplicate unique keys (insertDocument :: caused by :: 11000 E11000 duplicate key error index: fun.post.$title_1  dup key: { : "岛国奇葩货 血型为AB型男性 最爱女性脚臭" })
2016-09-16 19:19:17,078 - spider - INFO - 解析文章内容，地址为：http://www.qiqufaxian.cn/post/10973.html
2016-09-16 19:19:17,850 - qiqu - INFO - 解析奇趣发现的内容，标题为：这女子不满通缉照太难看 竟留言警方 还附上美照
2016-09-16 19:19:17,853 - spider - ERROR - Tried to save duplicate unique keys (insertDocument :: caused by :: 11000 E11000 duplicate key error index: fun.post.$title_1  dup key: { : "这女子不满通缉照太难看 竟留言警方 还附上美照" })
2016-09-16 19:19:17,853 - spider - INFO - 解析文章内容，地址为：http://www.qiqufaxian.cn/post/10972.html
2016-09-16 19:19:18,638 - qiqu - INFO - 解析奇趣发现的内容，标题为：3好姐妹合买彩票中3000万 彩票保管者失联了
2016-09-16 19:19:18,641 - spider - ERROR - Tried to save duplicate unique keys (insertDocument :: caused by :: 11000 E11000 duplicate key error index: fun.post.$title_1  dup key: { : "3好姐妹合买彩票中3000万 彩票保管者失联了" })
2016-09-16 19:19:18,641 - spider - INFO - 解析文章内容，地址为：http://www.qiqufaxian.cn/post/10971.html
2016-09-16 19:19:18,851 - fanjian - INFO - 解析犯贱志的内容，标题为：Ins上一只叫Guppy的胖胖猫，每天都是一副“嘤嘤嘤”的忧桑表情。。连洗脸都觉得它内心很愁苦。［多图］
2016-09-16 19:19:18,854 - spider - ERROR - Tried to save duplicate unique keys (insertDocument :: caused by :: 11000 E11000 duplicate key error index: fun.post.$title_1  dup key: { : "Ins上一只叫Guppy的胖胖猫，每天都是一副“嘤嘤嘤”的忧桑表情。。连洗脸都觉得它内心很愁苦。［多图］" })
2016-09-16 19:19:18,855 - spider - INFO - 解析文章内容，地址为：http://www.fanjian.net/post/89794
2016-09-16 19:19:19,767 - qiqu - INFO - 解析奇趣发现的内容，标题为：知名营养师绝口不吃的“10种食物”
2016-09-16 19:19:19,770 - spider - ERROR - Tried to save duplicate unique keys (insertDocument :: caused by :: 11000 E11000 duplicate key error index: fun.post.$title_1  dup key: { : "知名营养师绝口不吃的“10种食物”" })
2016-09-16 19:19:19,771 - spider - INFO - 解析文章内容，地址为：http://www.qiqufaxian.cn/post/10970.html
2016-09-16 19:19:19,861 - fanjian - INFO - 解析犯贱志的内容，标题为：别人撩妹和你撩妹！【多图】
2016-09-16 19:19:19,864 - spider - ERROR - Tried to save duplicate unique keys (insertDocument :: caused by :: 11000 E11000 duplicate key error index: fun.post.$title_1  dup key: { : "别人撩妹和你撩妹！【多图】" })
2016-09-16 19:19:19,865 - spider - INFO - 解析文章内容，地址为：http://www.fanjian.net/post/89795
2016-09-16 19:19:20,505 - qiqu - INFO - 解析奇趣发现的内容，标题为：越一10岁女童天生背长巨痣 被嘲笑“龟壳女孩”
2016-09-16 19:19:20,508 - spider - ERROR - Tried to save duplicate unique keys (insertDocument :: caused by :: 11000 E11000 duplicate key error index: fun.post.$title_1  dup key: { : "越一10岁女童天生背长巨痣 被嘲笑“龟壳女孩”" })
2016-09-16 19:19:20,508 - spider - INFO - 解析文章内容，地址为：http://www.qiqufaxian.cn/post/10969.html
2016-09-16 19:19:20,598 - fanjian - INFO - 解析犯贱志的内容，标题为：厦门五缘大桥附近，也是今天厦门岛风速数据最大的地方。厦门的朋友鉴定下？
2016-09-16 19:19:20,721 - spider - ERROR - Tried to save duplicate unique keys (insertDocument :: caused by :: 11000 E11000 duplicate key error index: fun.post.$title_1  dup key: { : "厦门五缘大桥附近，也是今天厦门岛风速数据最大的地方。厦门的朋友鉴定下？" })
2016-09-16 19:19:20,723 - spider - INFO - 解析文章内容，地址为：http://www.fanjian.net/post/89792
2016-09-16 19:19:21,494 - qiqu - INFO - 解析奇趣发现的内容，标题为：岛国奇葩货 妹妹睡着后 哥哥“动手了”
2016-09-16 19:19:21,498 - spider - ERROR - Tried to save duplicate unique keys (insertDocument :: caused by :: 11000 E11000 duplicate key error index: fun.post.$title_1  dup key: { : "岛国奇葩货 妹妹睡着后 哥哥“动手了”" })
2016-09-16 19:19:21,499 - spider - INFO - 解析文章内容，地址为：http://www.qiqufaxian.cn/post/10968.html
2016-09-16 19:19:21,824 - fanjian - INFO - 解析犯贱志的内容，标题为：下次上厕所还敢带手机么？带！【俩图】
2016-09-16 19:19:21,827 - spider - ERROR - Tried to save duplicate unique keys (insertDocument :: caused by :: 11000 E11000 duplicate key error index: fun.post.$title_1  dup key: { : "下次上厕所还敢带手机么？带！【俩图】" })
2016-09-16 19:19:21,828 - spider - INFO - 解析文章内容，地址为：http://www.fanjian.net/post/89790
2016-09-16 19:19:22,272 - qiqu - INFO - 解析奇趣发现的内容，标题为：价值1亿美元的珍珠 渔夫竟扔在床底下积灰尘
2016-09-16 19:19:22,302 - spider - ERROR - Tried to save duplicate unique keys (insertDocument :: caused by :: 11000 E11000 duplicate key error index: fun.post.$title_1  dup key: { : "价值1亿美元的珍珠 渔夫竟扔在床底下积灰尘" })
2016-09-16 19:19:22,303 - spider - INFO - 解析文章内容，地址为：http://www.qiqufaxian.cn/post/10967.html
2016-09-16 19:19:22,837 - fanjian - INFO - 解析犯贱志的内容，标题为：死侍和蜘蛛侠终于“同框”啦！如果死侍也出现在《美国队长3》机场大战里…
2016-09-16 19:19:22,841 - spider - ERROR - Tried to save duplicate unique keys (insertDocument :: caused by :: 11000 E11000 duplicate key error index: fun.post.$title_1  dup key: { : "死侍和蜘蛛侠终于“同框”啦！如果死侍也出现在《美国队长3》机场大战里…" })
2016-09-16 19:19:22,842 - spider - INFO - 解析文章内容，地址为：http://www.fanjian.net/post/89793
2016-09-16 19:19:23,088 - qiqu - INFO - 解析奇趣发现的内容，标题为：研究告诉你 多吃蔬果可增加“男人味”
2016-09-16 19:19:23,091 - spider - ERROR - Tried to save duplicate unique keys (insertDocument :: caused by :: 11000 E11000 duplicate key error index: fun.post.$title_1  dup key: { : "研究告诉你 多吃蔬果可增加“男人味”" })
2016-09-16 19:19:23,092 - spider - INFO - 解析文章内容，地址为：http://www.qiqufaxian.cn/post/10966.html
2016-09-16 19:19:23,572 - fanjian - INFO - 解析犯贱志的内容，标题为：成都博物馆开馆了，我们这边的文物品种表情以及年号都不太正经。【多图】
2016-09-16 19:19:23,574 - spider - ERROR - Tried to save duplicate unique keys (insertDocument :: caused by :: 11000 E11000 duplicate key error index: fun.post.$title_1  dup key: { : "成都博物馆开馆了，我们这边的文物品种表情以及年号都不太正经。【多图】" })
2016-09-16 19:19:23,576 - spider - INFO - 解析文章内容，地址为：http://www.fanjian.net/post/89789
2016-09-16 19:19:23,852 - qiqu - INFO - 解析奇趣发现的内容，标题为：这位老人中风康复后 竟无师自通“会弹钢琴”
2016-09-16 19:19:23,855 - spider - ERROR - Tried to save duplicate unique keys (insertDocument :: caused by :: 11000 E11000 duplicate key error index: fun.post.$title_1  dup key: { : "这位老人中风康复后 竟无师自通“会弹钢琴”" })
2016-09-16 19:19:23,855 - spider - INFO - 解析文章内容，地址为：http://www.qiqufaxian.cn/post/10965.html
2016-09-16 19:19:24,504 - fanjian - INFO - 解析犯贱志的内容，标题为：2016秋季新款好人卡，你，值得拥有！
2016-09-16 19:19:24,507 - spider - ERROR - Tried to save duplicate unique keys (insertDocument :: caused by :: 11000 E11000 duplicate key error index: fun.post.$title_1  dup key: { : "2016秋季新款好人卡，你，值得拥有！" })
2016-09-16 19:19:24,508 - spider - INFO - 解析文章内容，地址为：http://www.fanjian.net/post/89788
2016-09-16 19:19:24,609 - qiqu - INFO - 解析奇趣发现的内容，标题为：又见长寿老人145岁 他唯一的愿望竟是“死”
2016-09-16 19:19:24,622 - spider - ERROR - Tried to save duplicate unique keys (insertDocument :: caused by :: 11000 E11000 duplicate key error index: fun.post.$title_1  dup key: { : "又见长寿老人145岁 他唯一的愿望竟是“死”" })
2016-09-16 19:19:24,623 - spider - INFO - 解析文章内容，地址为：http://www.qiqufaxian.cn/post/10964.html
2016-09-16 19:19:25,243 - fanjian - INFO - 解析犯贱志的内容，标题为：普京：来啊 互相伤害啊~
2016-09-16 19:19:25,248 - spider - ERROR - Tried to save duplicate unique keys (insertDocument :: caused by :: 11000 E11000 duplicate key error index: fun.post.$title_1  dup key: { : "普京：来啊 互相伤害啊~" })
2016-09-16 19:19:25,249 - spider - INFO - 解析文章内容，地址为：http://www.fanjian.net/post/89785
2016-09-16 19:19:25,734 - qiqu - INFO - 解析奇趣发现的内容，标题为：半身埋入泥中寻破管 史上最敬业的水电工
2016-09-16 19:19:25,738 - spider - ERROR - Tried to save duplicate unique keys (insertDocument :: caused by :: 11000 E11000 duplicate key error index: fun.post.$title_1  dup key: { : "半身埋入泥中寻破管 史上最敬业的水电工" })
2016-09-16 19:19:25,738 - spider - INFO - 解析文章内容，地址为：http://www.qiqufaxian.cn/post/10963.html
2016-09-16 19:19:26,233 - fanjian - INFO - 解析犯贱志的内容，标题为：你男神这么怂 不如让我来！【多图】
2016-09-16 19:19:26,237 - spider - ERROR - Tried to save duplicate unique keys (insertDocument :: caused by :: 11000 E11000 duplicate key error index: fun.post.$title_1  dup key: { : "你男神这么怂 不如让我来！【多图】" })
2016-09-16 19:19:26,240 - spider - INFO - 解析文章内容，地址为：http://www.fanjian.net/post/89784
2016-09-16 19:19:26,508 - qiqu - INFO - 解析奇趣发现的内容，标题为：安全收纳 arrangement pea豌豆插线板
2016-09-16 19:19:26,516 - spider - ERROR - Tried to save duplicate unique keys (insertDocument :: caused by :: 11000 E11000 duplicate key error index: fun.post.$title_1  dup key: { : "安全收纳 arrangement pea豌豆插线板" })
2016-09-16 19:19:26,517 - spider - INFO - 解析文章内容，地址为：http://www.qiqufaxian.cn/post/10962.html
2016-09-16 19:19:27,370 - qiqu - INFO - 解析奇趣发现的内容，标题为：为什么离婚率如此之高 原因竟是“钻戒太大”
2016-09-16 19:19:27,415 - spider - ERROR - Tried to save duplicate unique keys (insertDocument :: caused by :: 11000 E11000 duplicate key error index: fun.post.$title_1  dup key: { : "为什么离婚率如此之高 原因竟是“钻戒太大”" })
2016-09-16 19:19:27,416 - spider - INFO - 解析文章内容，地址为：http://www.qiqufaxian.cn/post/10961.html
2016-09-16 19:19:28,078 - qiqu - INFO - 解析奇趣发现的内容，标题为：英一男子喝醉后 竟“失手”网购了一辆50座大巴
2016-09-16 19:19:28,082 - spider - ERROR - Tried to save duplicate unique keys (insertDocument :: caused by :: 11000 E11000 duplicate key error index: fun.post.$title_1  dup key: { : "英一男子喝醉后 竟“失手”网购了一辆50座大巴" })
2016-09-16 19:19:28,083 - spider - INFO - 解析文章内容，地址为：http://www.qiqufaxian.cn/post/10960.html
2016-09-16 19:19:28,760 - qiqu - INFO - 解析奇趣发现的内容，标题为：同卵双胞胎兄弟 一个是帅哥 一个却是怪脸
2016-09-16 19:19:28,763 - spider - ERROR - Tried to save duplicate unique keys (insertDocument :: caused by :: 11000 E11000 duplicate key error index: fun.post.$title_1  dup key: { : "同卵双胞胎兄弟 一个是帅哥 一个却是怪脸" })
2016-09-16 19:19:28,764 - spider - INFO - 解析文章内容，地址为：http://www.qiqufaxian.cn/post/10959.html
2016-09-16 19:19:29,118 - fanjian - INFO - 解析犯贱志的内容，标题为：感觉没什么毛病！
2016-09-16 19:19:29,120 - spider - ERROR - Tried to save duplicate unique keys (insertDocument :: caused by :: 11000 E11000 duplicate key error index: fun.post.$title_1  dup key: { : "感觉没什么毛病！" })
2016-09-16 19:19:29,122 - spider - INFO - 解析文章内容，地址为：http://www.fanjian.net/post/89786
2016-09-16 19:19:29,451 - qiqu - INFO - 解析奇趣发现的内容，标题为：好大个 澳一男子意外发现8.24斤的大金块
2016-09-16 19:19:29,456 - spider - ERROR - Tried to save duplicate unique keys (insertDocument :: caused by :: 11000 E11000 duplicate key error index: fun.post.$title_1  dup key: { : "好大个 澳一男子意外发现8.24斤的大金块" })
2016-09-16 19:19:29,458 - spider - INFO - 爬取奇趣发现共花费时间为: 184.63 s
2016-09-16 19:19:29,855 - fanjian - INFO - 解析犯贱志的内容，标题为：逛超市洗涑用品区的导购与我！
2016-09-16 19:19:29,857 - spider - ERROR - Tried to save duplicate unique keys (insertDocument :: caused by :: 11000 E11000 duplicate key error index: fun.post.$title_1  dup key: { : "逛超市洗涑用品区的导购与我！" })
2016-09-16 19:19:29,858 - spider - INFO - 解析文章内容，地址为：http://www.fanjian.net/post/89787
2016-09-16 19:19:31,027 - fanjian - INFO - 解析犯贱志的内容，标题为：闻的不是很清楚 让我再仔细闻闻看！
2016-09-16 19:19:31,029 - spider - ERROR - Tried to save duplicate unique keys (insertDocument :: caused by :: 11000 E11000 duplicate key error index: fun.post.$title_1  dup key: { : "闻的不是很清楚 让我再仔细闻闻看！" })
2016-09-16 19:19:31,031 - spider - INFO - 解析文章内容，地址为：http://www.fanjian.net/post/89783
2016-09-16 19:19:32,187 - fanjian - INFO - 解析犯贱志的内容，标题为：福州宝龙肯德基门口月球摆设品被台风吹飞了
2016-09-16 19:19:32,190 - spider - ERROR - Tried to save duplicate unique keys (insertDocument :: caused by :: 11000 E11000 duplicate key error index: fun.post.$title_1  dup key: { : "福州宝龙肯德基门口月球摆设品被台风吹飞了" })
2016-09-16 19:19:32,192 - spider - INFO - 解析文章内容，地址为：http://www.fanjian.net/post/89782
2016-09-16 19:19:33,324 - fanjian - INFO - 解析犯贱志的内容，标题为：我爱广场舞
2016-09-16 19:19:33,327 - spider - ERROR - Tried to save duplicate unique keys (insertDocument :: caused by :: 11000 E11000 duplicate key error index: fun.post.$title_1  dup key: { : "我爱广场舞" })
2016-09-16 19:19:33,328 - spider - INFO - 解析文章内容，地址为：http://www.fanjian.net/post/89781
2016-09-16 19:19:34,693 - fanjian - INFO - 解析犯贱志的内容，标题为：学习如何画出浑圆的球感
2016-09-16 19:19:34,696 - spider - ERROR - Tried to save duplicate unique keys (insertDocument :: caused by :: 11000 E11000 duplicate key error index: fun.post.$title_1  dup key: { : "学习如何画出浑圆的球感" })
2016-09-16 19:19:34,697 - spider - INFO - 解析文章内容，地址为：http://www.fanjian.net/post/89780
2016-09-16 19:19:36,266 - fanjian - INFO - 解析犯贱志的内容，标题为：准备好了，哪位壮士先来试试？
2016-09-16 19:19:36,269 - spider - ERROR - Tried to save duplicate unique keys (insertDocument :: caused by :: 11000 E11000 duplicate key error index: fun.post.$title_1  dup key: { : "准备好了，哪位壮士先来试试？" })
2016-09-16 19:19:36,270 - spider - INFO - 解析文章内容，地址为：http://www.fanjian.net/post/89779
2016-09-16 19:19:37,402 - fanjian - INFO - 解析犯贱志的内容，标题为：秋千就是要这么荡才刺激嘛…我选择狗带
2016-09-16 19:19:37,405 - spider - ERROR - Tried to save duplicate unique keys (insertDocument :: caused by :: 11000 E11000 duplicate key error index: fun.post.$title_1  dup key: { : "秋千就是要这么荡才刺激嘛…我选择狗带" })
2016-09-16 19:19:37,406 - spider - INFO - 解析文章内容，地址为：http://www.fanjian.net/post/89778
2016-09-16 19:19:38,229 - fanjian - INFO - 解析犯贱志的内容，标题为：按摩的中国老大爷又来了 ，这次用嘴
2016-09-16 19:19:38,232 - spider - ERROR - Tried to save duplicate unique keys (insertDocument :: caused by :: 11000 E11000 duplicate key error index: fun.post.$title_1  dup key: { : "按摩的中国老大爷又来了 ，这次用嘴" })
2016-09-16 19:19:38,233 - spider - INFO - 解析文章内容，地址为：http://www.fanjian.net/post/89777
2016-09-16 19:19:40,125 - fanjian - INFO - 解析犯贱志的内容，标题为：法国女孩在巴黎屋檐飞檐走壁 ，跑酷竟然可以如此优雅
2016-09-16 19:19:40,127 - spider - ERROR - Tried to save duplicate unique keys (insertDocument :: caused by :: 11000 E11000 duplicate key error index: fun.post.$title_1  dup key: { : "法国女孩在巴黎屋檐飞檐走壁 ，跑酷竟然可以如此优雅" })
2016-09-16 19:19:40,128 - spider - INFO - 解析文章内容，地址为：http://www.fanjian.net/post/89776
2016-09-16 19:19:40,962 - fanjian - INFO - 解析犯贱志的内容，标题为：红果果的欺负人
2016-09-16 19:19:40,966 - spider - ERROR - Tried to save duplicate unique keys (insertDocument :: caused by :: 11000 E11000 duplicate key error index: fun.post.$title_1  dup key: { : "红果果的欺负人" })
2016-09-16 19:19:40,967 - spider - INFO - 解析文章内容，地址为：http://www.fanjian.net/post/89775
2016-09-16 19:19:42,104 - fanjian - INFO - 解析犯贱志的内容，标题为：我都不敢打开，谁知道里面是啥
2016-09-16 19:19:42,107 - spider - ERROR - Tried to save duplicate unique keys (insertDocument :: caused by :: 11000 E11000 duplicate key error index: fun.post.$title_1  dup key: { : "我都不敢打开，谁知道里面是啥" })
2016-09-16 19:19:42,108 - spider - INFO - 解析文章内容，地址为：http://www.fanjian.net/post/89774
2016-09-16 19:19:43,221 - fanjian - INFO - 解析犯贱志的内容，标题为：你在养猫的时候就要准备好接受各种挫败感
2016-09-16 19:19:43,224 - spider - ERROR - Tried to save duplicate unique keys (insertDocument :: caused by :: 11000 E11000 duplicate key error index: fun.post.$title_1  dup key: { : "你在养猫的时候就要准备好接受各种挫败感" })
2016-09-16 19:19:43,225 - spider - INFO - 解析文章内容，地址为：http://www.fanjian.net/post/89773
2016-09-16 19:19:44,512 - fanjian - INFO - 解析犯贱志的内容，标题为：卧槽？人呢？人死哪去啦？？？
2016-09-16 19:19:44,516 - spider - ERROR - Tried to save duplicate unique keys (insertDocument :: caused by :: 11000 E11000 duplicate key error index: fun.post.$title_1  dup key: { : "卧槽？人呢？人死哪去啦？？？" })
2016-09-16 19:19:44,518 - spider - INFO - 解析文章内容，地址为：http://www.fanjian.net/post/89772
2016-09-16 19:19:45,331 - fanjian - INFO - 解析犯贱志的内容，标题为：你爸妈是多想你能赶紧嫁出去
2016-09-16 19:19:45,334 - spider - ERROR - Tried to save duplicate unique keys (insertDocument :: caused by :: 11000 E11000 duplicate key error index: fun.post.$title_1  dup key: { : "你爸妈是多想你能赶紧嫁出去" })
2016-09-16 19:19:45,335 - spider - INFO - 解析文章内容，地址为：http://www.fanjian.net/post/89771
2016-09-16 19:19:46,148 - fanjian - INFO - 解析犯贱志的内容，标题为：划掉干嘛？哪里错了吗？
2016-09-16 19:19:46,150 - spider - ERROR - Tried to save duplicate unique keys (insertDocument :: caused by :: 11000 E11000 duplicate key error index: fun.post.$title_1  dup key: { : "划掉干嘛？哪里错了吗？" })
2016-09-16 19:19:46,152 - spider - INFO - 解析文章内容，地址为：http://www.fanjian.net/post/89770
2016-09-16 19:19:46,970 - fanjian - INFO - 解析犯贱志的内容，标题为：我靠，@马龙@张继科
2016-09-16 19:19:46,973 - spider - ERROR - Tried to save duplicate unique keys (insertDocument :: caused by :: 11000 E11000 duplicate key error index: fun.post.$title_1  dup key: { : "我靠，@马龙@张继科" })
2016-09-16 19:19:46,975 - spider - INFO - 解析文章内容，地址为：http://www.fanjian.net/post/89769
2016-09-16 19:19:47,829 - fanjian - INFO - 解析犯贱志的内容，标题为：切切切 看你还能切出花来！
2016-09-16 19:19:47,832 - spider - ERROR - Tried to save duplicate unique keys (insertDocument :: caused by :: 11000 E11000 duplicate key error index: fun.post.$title_1  dup key: { : "切切切 看你还能切出花来！" })
2016-09-16 19:19:47,834 - spider - INFO - 解析文章内容，地址为：http://www.fanjian.net/post/89730
2016-09-16 19:19:48,705 - fanjian - INFO - 解析犯贱志的内容，标题为：【剧情接龙漫画】変态の隣人：小花和羊の秘密
2016-09-16 19:19:48,708 - spider - ERROR - Tried to save duplicate unique keys (insertDocument :: caused by :: 11000 E11000 duplicate key error index: fun.post.$title_1  dup key: { : "【剧情接龙漫画】変态の隣人：小花和羊の秘密" })
2016-09-16 19:19:48,711 - spider - INFO - 解析文章内容，地址为：http://www.fanjian.net/post/89768
2016-09-16 19:19:49,580 - fanjian - INFO - 解析犯贱志的内容，标题为：别人的学校！【多图】
2016-09-16 19:19:49,583 - spider - ERROR - Tried to save duplicate unique keys (insertDocument :: caused by :: 11000 E11000 duplicate key error index: fun.post.$title_1  dup key: { : "别人的学校！【多图】" })
2016-09-16 19:19:49,585 - spider - INFO - 解析文章内容，地址为：http://www.fanjian.net/post/89767
2016-09-16 19:19:50,426 - fanjian - INFO - 解析犯贱志的内容，标题为：感受一下什么是真正的局部大暴雨
2016-09-16 19:19:50,431 - spider - ERROR - Tried to save duplicate unique keys (insertDocument :: caused by :: 11000 E11000 duplicate key error index: fun.post.$title_1  dup key: { : "感受一下什么是真正的局部大暴雨" })
2016-09-16 19:19:50,433 - spider - INFO - 解析文章内容，地址为：http://www.fanjian.net/post/89766
2016-09-16 19:19:52,412 - fanjian - INFO - 解析犯贱志的内容，标题为：据说人眼无法同时看到这12个黑点。【多图】
2016-09-16 19:19:52,415 - spider - ERROR - Tried to save duplicate unique keys (insertDocument :: caused by :: 11000 E11000 duplicate key error index: fun.post.$title_1  dup key: { : "据说人眼无法同时看到这12个黑点。【多图】" })
2016-09-16 19:19:52,417 - spider - INFO - 解析文章内容，地址为：http://www.fanjian.net/post/89765
2016-09-16 19:19:53,557 - fanjian - INFO - 解析犯贱志的内容，标题为：一脸的我特么真是日了向日葵了！
2016-09-16 19:19:53,561 - spider - ERROR - Tried to save duplicate unique keys (insertDocument :: caused by :: 11000 E11000 duplicate key error index: fun.post.$title_1  dup key: { : "一脸的我特么真是日了向日葵了！" })
2016-09-16 19:19:53,563 - spider - INFO - 解析文章内容，地址为：http://www.fanjian.net/post/89764
2016-09-16 19:19:54,414 - fanjian - INFO - 解析犯贱志的内容，标题为：高空中的绳网是个玩耍的好地方
2016-09-16 19:19:54,417 - spider - ERROR - Tried to save duplicate unique keys (insertDocument :: caused by :: 11000 E11000 duplicate key error index: fun.post.$title_1  dup key: { : "高空中的绳网是个玩耍的好地方" })
2016-09-16 19:19:54,418 - spider - INFO - 解析文章内容，地址为：http://www.fanjian.net/post/89763
2016-09-16 19:19:55,536 - fanjian - INFO - 解析犯贱志的内容，标题为：一看就是特正经的肾果！
2016-09-16 19:19:55,539 - spider - ERROR - Tried to save duplicate unique keys (insertDocument :: caused by :: 11000 E11000 duplicate key error index: fun.post.$title_1  dup key: { : "一看就是特正经的肾果！" })
2016-09-16 19:19:55,540 - spider - INFO - 解析文章内容，地址为：http://www.fanjian.net/post/89761
2016-09-16 19:19:56,639 - fanjian - INFO - 解析犯贱志的内容，标题为：自制盘丝洞~【多图】
2016-09-16 19:19:56,642 - spider - ERROR - Tried to save duplicate unique keys (insertDocument :: caused by :: 11000 E11000 duplicate key error index: fun.post.$title_1  dup key: { : "自制盘丝洞~【多图】" })
2016-09-16 19:19:56,647 - spider - INFO - 解析文章内容，地址为：http://www.fanjian.net/post/89760
2016-09-16 19:19:57,778 - fanjian - INFO - 解析犯贱志的内容，标题为：不是一家人不进一家门！【多图】
2016-09-16 19:19:57,781 - spider - ERROR - Tried to save duplicate unique keys (insertDocument :: caused by :: 11000 E11000 duplicate key error index: fun.post.$title_1  dup key: { : "不是一家人不进一家门！【多图】" })
2016-09-16 19:19:57,784 - spider - INFO - 解析文章内容，地址为：http://www.fanjian.net/post/89759
2016-09-16 19:19:58,649 - fanjian - INFO - 解析犯贱志的内容，标题为：白天不懂腋的味儿~
2016-09-16 19:19:58,652 - spider - ERROR - Tried to save duplicate unique keys (insertDocument :: caused by :: 11000 E11000 duplicate key error index: fun.post.$title_1  dup key: { : "白天不懂腋的味儿~" })
2016-09-16 19:19:58,654 - spider - INFO - 解析文章内容，地址为：http://www.fanjian.net/post/89758
2016-09-16 19:20:00,077 - fanjian - INFO - 解析犯贱志的内容，标题为：揣诺基亚能来一波反杀...【多图】
2016-09-16 19:20:00,082 - spider - ERROR - Tried to save duplicate unique keys (insertDocument :: caused by :: 11000 E11000 duplicate key error index: fun.post.$title_1  dup key: { : "揣诺基亚能来一波反杀...【多图】" })
2016-09-16 19:20:00,084 - spider - INFO - 解析文章内容，地址为：http://www.fanjian.net/post/89757
Traceback (most recent call last):
  File "/usr/lib/python3/dist-packages/urllib3/connectionpool.py", line 377, in _make_request
    httplib_response = conn.getresponse(buffering=True)
TypeError: getresponse() got an unexpected keyword argument 'buffering'

During handling of the above exception, another exception occurred:

Traceback (most recent call last):
  File "/usr/lib/python3/dist-packages/urllib3/connectionpool.py", line 379, in _make_request
    httplib_response = conn.getresponse()
  File "/usr/lib/python3.5/http/client.py", line 1197, in getresponse
    response.begin()
  File "/usr/lib/python3.5/http/client.py", line 297, in begin
    version, status, reason = self._read_status()
  File "/usr/lib/python3.5/http/client.py", line 258, in _read_status
    line = str(self.fp.readline(_MAXLINE + 1), "iso-8859-1")
  File "/usr/lib/python3.5/socket.py", line 575, in readinto
    return self._sock.recv_into(b)
socket.timeout: timed out

During handling of the above exception, another exception occurred:

Traceback (most recent call last):
  File "/usr/lib/python3/dist-packages/requests/adapters.py", line 376, in send
    timeout=timeout
  File "/usr/lib/python3/dist-packages/urllib3/connectionpool.py", line 610, in urlopen
    _stacktrace=sys.exc_info()[2])
  File "/usr/lib/python3/dist-packages/urllib3/util/retry.py", line 247, in increment
    raise six.reraise(type(error), error, _stacktrace)
  File "/usr/lib/python3/dist-packages/six.py", line 686, in reraise
    raise value
  File "/usr/lib/python3/dist-packages/urllib3/connectionpool.py", line 560, in urlopen
    body=body, headers=headers)
  File "/usr/lib/python3/dist-packages/urllib3/connectionpool.py", line 381, in _make_request
    self._raise_timeout(err=e, url=url, timeout_value=read_timeout)
  File "/usr/lib/python3/dist-packages/urllib3/connectionpool.py", line 309, in _raise_timeout
    raise ReadTimeoutError(self, url, "Read timed out. (read timeout=%s)" % timeout_value)
requests.packages.urllib3.exceptions.ReadTimeoutError: HTTPConnectionPool(host='127.0.0.1', port=8087): Read timed out. (read timeout=10)

During handling of the above exception, another exception occurred:

Traceback (most recent call last):
  File "/usr/local/lib/python3.5/dist-packages/gevent/greenlet.py", line 534, in run
    result = self._run(*self.args, **self.kwargs)
  File "/home/joe/code/fun/spider.py", line 90, in parse_content
    html = self.req(url).text
  File "/usr/lib/python3/dist-packages/requests/api.py", line 67, in get
    return request('get', url, params=params, **kwargs)
  File "/usr/lib/python3/dist-packages/requests/api.py", line 53, in request
    return session.request(method=method, url=url, **kwargs)
  File "/usr/lib/python3/dist-packages/requests/sessions.py", line 468, in request
    resp = self.send(prep, **send_kwargs)
  File "/usr/lib/python3/dist-packages/requests/sessions.py", line 576, in send
    r = adapter.send(request, **kwargs)
  File "/usr/lib/python3/dist-packages/requests/adapters.py", line 449, in send
    raise ReadTimeout(e, request=request)
requests.exceptions.ReadTimeout: HTTPConnectionPool(host='127.0.0.1', port=8087): Read timed out. (read timeout=10)
<Greenlet at 0x7fa8677c3048: <bound method Spider.parse_content of <fanjian.FanjianSpider object at 0x7fa87e6d1a20>>('http://www.fanjian.net/post/89757')> failed with ReadTimeout

2016-09-16 19:20:10,100 - spider - INFO - 解析文章内容，地址为：http://www.fanjian.net/post/89756
2016-09-16 19:20:11,128 - fanjian - INFO - 解析犯贱志的内容，标题为：中华老司机，走位很风骚。
2016-09-16 19:20:11,132 - spider - ERROR - Tried to save duplicate unique keys (insertDocument :: caused by :: 11000 E11000 duplicate key error index: fun.post.$title_1  dup key: { : "中华老司机，走位很风骚。" })
2016-09-16 19:20:11,134 - spider - INFO - 解析文章内容，地址为：http://www.fanjian.net/post/89755
2016-09-16 19:20:11,872 - fanjian - INFO - 解析犯贱志的内容，标题为：街霸很简单啊……
2016-09-16 19:20:11,876 - spider - ERROR - Tried to save duplicate unique keys (insertDocument :: caused by :: 11000 E11000 duplicate key error index: fun.post.$title_1  dup key: { : "街霸很简单啊……" })
2016-09-16 19:20:11,877 - spider - INFO - 解析文章内容，地址为：http://www.fanjian.net/post/89753
2016-09-16 19:20:12,657 - fanjian - INFO - 解析犯贱志的内容，标题为：六十几岁的样貌 真是厉害了我的奶！【多图】
2016-09-16 19:20:12,660 - spider - ERROR - Tried to save duplicate unique keys (insertDocument :: caused by :: 11000 E11000 duplicate key error index: fun.post.$title_1  dup key: { : "六十几岁的样貌 真是厉害了我的奶！【多图】" })
2016-09-16 19:20:12,662 - spider - INFO - 解析文章内容，地址为：http://www.fanjian.net/post/89752
2016-09-16 19:20:13,661 - fanjian - INFO - 解析犯贱志的内容，标题为：喜欢这首诗，来自《诗人的迟缓》【多图】
2016-09-16 19:20:13,664 - spider - ERROR - Tried to save duplicate unique keys (insertDocument :: caused by :: 11000 E11000 duplicate key error index: fun.post.$title_1  dup key: { : "喜欢这首诗，来自《诗人的迟缓》【多图】" })
2016-09-16 19:20:13,665 - spider - INFO - 解析文章内容，地址为：http://www.fanjian.net/post/89751
2016-09-16 19:20:14,602 - fanjian - INFO - 解析犯贱志的内容，标题为：人生何处不相逢！【多图】
2016-09-16 19:20:14,604 - spider - ERROR - Tried to save duplicate unique keys (insertDocument :: caused by :: 11000 E11000 duplicate key error index: fun.post.$title_1  dup key: { : "人生何处不相逢！【多图】" })
2016-09-16 19:20:14,606 - spider - INFO - 解析文章内容，地址为：http://www.fanjian.net/post/89749
2016-09-16 19:20:15,776 - fanjian - INFO - 解析犯贱志的内容，标题为：是朕干的，你想怎样？
2016-09-16 19:20:15,779 - spider - ERROR - Tried to save duplicate unique keys (insertDocument :: caused by :: 11000 E11000 duplicate key error index: fun.post.$title_1  dup key: { : "是朕干的，你想怎样？" })
2016-09-16 19:20:15,780 - spider - INFO - 解析文章内容，地址为：http://www.fanjian.net/post/89750
2016-09-16 19:20:16,546 - fanjian - INFO - 解析犯贱志的内容，标题为：刚才遭遇一起电话诈骗，没来得及录音，过程如下。
2016-09-16 19:20:16,550 - spider - ERROR - Tried to save duplicate unique keys (insertDocument :: caused by :: 11000 E11000 duplicate key error index: fun.post.$title_1  dup key: { : "刚才遭遇一起电话诈骗，没来得及录音，过程如下。" })
2016-09-16 19:20:16,552 - spider - INFO - 解析文章内容，地址为：http://www.fanjian.net/post/89747
2016-09-16 19:20:17,431 - fanjian - INFO - 解析犯贱志的内容，标题为：变态，灭了他！！
2016-09-16 19:20:17,435 - spider - ERROR - Tried to save duplicate unique keys (insertDocument :: caused by :: 11000 E11000 duplicate key error index: fun.post.$title_1  dup key: { : "变态，灭了他！！" })
2016-09-16 19:20:17,437 - spider - INFO - 解析文章内容，地址为：http://www.fanjian.net/post/89746
Traceback (most recent call last):
  File "/usr/lib/python3/dist-packages/urllib3/connectionpool.py", line 377, in _make_request
    httplib_response = conn.getresponse(buffering=True)
TypeError: getresponse() got an unexpected keyword argument 'buffering'

During handling of the above exception, another exception occurred:

Traceback (most recent call last):
  File "/usr/lib/python3/dist-packages/urllib3/connectionpool.py", line 379, in _make_request
    httplib_response = conn.getresponse()
  File "/usr/lib/python3.5/http/client.py", line 1197, in getresponse
    response.begin()
  File "/usr/lib/python3.5/http/client.py", line 297, in begin
    version, status, reason = self._read_status()
  File "/usr/lib/python3.5/http/client.py", line 258, in _read_status
    line = str(self.fp.readline(_MAXLINE + 1), "iso-8859-1")
  File "/usr/lib/python3.5/socket.py", line 575, in readinto
    return self._sock.recv_into(b)
socket.timeout: timed out

During handling of the above exception, another exception occurred:

Traceback (most recent call last):
  File "/usr/lib/python3/dist-packages/requests/adapters.py", line 376, in send
    timeout=timeout
  File "/usr/lib/python3/dist-packages/urllib3/connectionpool.py", line 610, in urlopen
    _stacktrace=sys.exc_info()[2])
  File "/usr/lib/python3/dist-packages/urllib3/util/retry.py", line 247, in increment
    raise six.reraise(type(error), error, _stacktrace)
  File "/usr/lib/python3/dist-packages/six.py", line 686, in reraise
    raise value
  File "/usr/lib/python3/dist-packages/urllib3/connectionpool.py", line 560, in urlopen
    body=body, headers=headers)
  File "/usr/lib/python3/dist-packages/urllib3/connectionpool.py", line 381, in _make_request
    self._raise_timeout(err=e, url=url, timeout_value=read_timeout)
  File "/usr/lib/python3/dist-packages/urllib3/connectionpool.py", line 309, in _raise_timeout
    raise ReadTimeoutError(self, url, "Read timed out. (read timeout=%s)" % timeout_value)
requests.packages.urllib3.exceptions.ReadTimeoutError: HTTPConnectionPool(host='127.0.0.1', port=8087): Read timed out. (read timeout=10)

During handling of the above exception, another exception occurred:

Traceback (most recent call last):
  File "/usr/local/lib/python3.5/dist-packages/gevent/greenlet.py", line 534, in run
    result = self._run(*self.args, **self.kwargs)
  File "/home/joe/code/fun/spider.py", line 90, in parse_content
    html = self.req(url).text
  File "/usr/lib/python3/dist-packages/requests/api.py", line 67, in get
    return request('get', url, params=params, **kwargs)
  File "/usr/lib/python3/dist-packages/requests/api.py", line 53, in request
    return session.request(method=method, url=url, **kwargs)
  File "/usr/lib/python3/dist-packages/requests/sessions.py", line 468, in request
    resp = self.send(prep, **send_kwargs)
  File "/usr/lib/python3/dist-packages/requests/sessions.py", line 576, in send
    r = adapter.send(request, **kwargs)
  File "/usr/lib/python3/dist-packages/requests/adapters.py", line 449, in send
    raise ReadTimeout(e, request=request)
requests.exceptions.ReadTimeout: HTTPConnectionPool(host='127.0.0.1', port=8087): Read timed out. (read timeout=10)
<Greenlet at 0x7fa8677c35a0: <bound method Spider.parse_content of <fanjian.FanjianSpider object at 0x7fa87e6d1a20>>('http://www.fanjian.net/post/89746')> failed with ReadTimeout

2016-09-16 19:20:27,452 - spider - INFO - 解析文章内容，地址为：http://www.fanjian.net/post/89744
2016-09-16 19:20:29,125 - fanjian - INFO - 解析犯贱志的内容，标题为：哥，我这个跟你那个看起来不一样啊。----一样的，都是机。
2016-09-16 19:20:29,128 - spider - ERROR - Tried to save duplicate unique keys (insertDocument :: caused by :: 11000 E11000 duplicate key error index: fun.post.$title_1  dup key: { : "哥，我这个跟你那个看起来不一样啊。----一样的，都是机。" })
2016-09-16 19:20:29,129 - spider - INFO - 解析文章内容，地址为：http://www.fanjian.net/post/89743
2016-09-16 19:20:30,829 - fanjian - INFO - 解析犯贱志的内容，标题为：谁知道这是什么啊？？？
2016-09-16 19:20:30,832 - spider - ERROR - Tried to save duplicate unique keys (insertDocument :: caused by :: 11000 E11000 duplicate key error index: fun.post.$title_1  dup key: { : "谁知道这是什么啊？？？" })
2016-09-16 19:20:30,833 - spider - INFO - 解析文章内容，地址为：http://www.fanjian.net/post/89742
2016-09-16 19:20:31,752 - fanjian - INFO - 解析犯贱志的内容，标题为：这至少得3，4000吧
2016-09-16 19:20:31,755 - spider - ERROR - Tried to save duplicate unique keys (insertDocument :: caused by :: 11000 E11000 duplicate key error index: fun.post.$title_1  dup key: { : "这至少得3，4000吧" })
2016-09-16 19:20:31,756 - spider - INFO - 解析文章内容，地址为：http://www.fanjian.net/post/89745
2016-09-16 19:20:33,113 - fanjian - INFO - 解析犯贱志的内容，标题为：拉倒吧，先开个门试试。
2016-09-16 19:20:33,115 - spider - ERROR - Tried to save duplicate unique keys (insertDocument :: caused by :: 11000 E11000 duplicate key error index: fun.post.$title_1  dup key: { : "拉倒吧，先开个门试试。" })
2016-09-16 19:20:33,117 - spider - INFO - 解析文章内容，地址为：http://www.fanjian.net/post/89740
2016-09-16 19:20:34,001 - fanjian - INFO - 解析犯贱志的内容，标题为：一言不合就尬舞
2016-09-16 19:20:34,005 - spider - ERROR - Tried to save duplicate unique keys (insertDocument :: caused by :: 11000 E11000 duplicate key error index: fun.post.$title_1  dup key: { : "一言不合就尬舞" })
2016-09-16 19:20:34,006 - spider - INFO - 解析文章内容，地址为：http://www.fanjian.net/post/89741
2016-09-16 19:20:35,338 - fanjian - INFO - 解析犯贱志的内容，标题为：感觉会是很多职业的新阵地。【多图】
2016-09-16 19:20:35,340 - spider - ERROR - Tried to save duplicate unique keys (insertDocument :: caused by :: 11000 E11000 duplicate key error index: fun.post.$title_1  dup key: { : "感觉会是很多职业的新阵地。【多图】" })
2016-09-16 19:20:35,342 - spider - INFO - 解析文章内容，地址为：http://www.fanjian.net/post/89738
2016-09-16 19:20:44,713 - fanjian - INFO - 解析犯贱志的内容，标题为：脑洞开太大。精分君之文化性传播【多图】
2016-09-16 19:20:44,717 - spider - ERROR - Tried to save duplicate unique keys (insertDocument :: caused by :: 11000 E11000 duplicate key error index: fun.post.$title_1  dup key: { : "脑洞开太大。精分君之文化性传播【多图】" })
2016-09-16 19:20:44,718 - spider - INFO - 解析文章内容，地址为：http://www.fanjian.net/post/89737
2016-09-16 19:20:46,474 - fanjian - INFO - 解析犯贱志的内容，标题为：车：你特么以为你是老汉？！
2016-09-16 19:20:46,478 - spider - ERROR - Tried to save duplicate unique keys (insertDocument :: caused by :: 11000 E11000 duplicate key error index: fun.post.$title_1  dup key: { : "车：你特么以为你是老汉？！" })
2016-09-16 19:20:46,479 - spider - INFO - 解析文章内容，地址为：http://www.fanjian.net/post/89735
2016-09-16 19:20:47,561 - fanjian - INFO - 解析犯贱志的内容，标题为：大坝爆破拆除
2016-09-16 19:20:47,564 - spider - ERROR - Tried to save duplicate unique keys (insertDocument :: caused by :: 11000 E11000 duplicate key error index: fun.post.$title_1  dup key: { : "大坝爆破拆除" })
2016-09-16 19:20:47,567 - spider - INFO - 解析文章内容，地址为：http://www.fanjian.net/post/89733
2016-09-16 19:20:48,514 - fanjian - INFO - 解析犯贱志的内容，标题为：真凶……
2016-09-16 19:20:48,520 - spider - ERROR - Tried to save duplicate unique keys (insertDocument :: caused by :: 11000 E11000 duplicate key error index: fun.post.$title_1  dup key: { : "真凶……" })
2016-09-16 19:20:48,521 - spider - INFO - 解析文章内容，地址为：http://www.fanjian.net/post/89732
2016-09-16 19:20:50,045 - fanjian - INFO - 解析犯贱志的内容，标题为：这么贵怎么不去医闹？【多图】
2016-09-16 19:20:50,047 - spider - ERROR - Tried to save duplicate unique keys (insertDocument :: caused by :: 11000 E11000 duplicate key error index: fun.post.$title_1  dup key: { : "这么贵怎么不去医闹？【多图】" })
2016-09-16 19:20:50,049 - spider - INFO - 解析文章内容，地址为：http://www.fanjian.net/post/89731
2016-09-16 19:20:51,113 - fanjian - INFO - 解析犯贱志的内容，标题为：分享一组十分丧心病狂的油画。。。【多图】
2016-09-16 19:20:51,119 - spider - ERROR - Tried to save duplicate unique keys (insertDocument :: caused by :: 11000 E11000 duplicate key error index: fun.post.$title_1  dup key: { : "分享一组十分丧心病狂的油画。。。【多图】" })
2016-09-16 19:20:51,121 - spider - INFO - 解析文章内容，地址为：http://www.fanjian.net/post/89729
2016-09-16 19:20:52,122 - fanjian - INFO - 解析犯贱志的内容，标题为：欧巴，上我家吃个拉面吧！【多图】
2016-09-16 19:20:52,124 - spider - ERROR - Tried to save duplicate unique keys (insertDocument :: caused by :: 11000 E11000 duplicate key error index: fun.post.$title_1  dup key: { : "欧巴，上我家吃个拉面吧！【多图】" })
2016-09-16 19:20:52,127 - spider - INFO - 解析文章内容，地址为：http://www.fanjian.net/post/89728
2016-09-16 19:20:54,453 - fanjian - INFO - 解析犯贱志的内容，标题为：因从家里偷钱 10岁男孩遭妈妈男友暴打！
2016-09-16 19:20:54,456 - spider - ERROR - Tried to save duplicate unique keys (insertDocument :: caused by :: 11000 E11000 duplicate key error index: fun.post.$title_1  dup key: { : "因从家里偷钱 10岁男孩遭妈妈男友暴打！" })
2016-09-16 19:20:54,458 - spider - INFO - 解析文章内容，地址为：http://www.fanjian.net/post/89727
2016-09-16 19:20:55,550 - fanjian - INFO - 解析犯贱志的内容，标题为：哎  你到底拍没拍好？！
2016-09-16 19:20:55,552 - spider - ERROR - Tried to save duplicate unique keys (insertDocument :: caused by :: 11000 E11000 duplicate key error index: fun.post.$title_1  dup key: { : "哎  你到底拍没拍好？！" })
2016-09-16 19:20:55,554 - spider - INFO - 解析文章内容，地址为：http://www.fanjian.net/post/89726
2016-09-16 19:20:56,644 - fanjian - INFO - 解析犯贱志的内容，标题为：唉，要不是六千六百万年前那块大石头。。。还得麻烦各位小盆友自行脑补霸王龙与迅猛龙的对决。
2016-09-16 19:20:56,646 - spider - ERROR - Tried to save duplicate unique keys (insertDocument :: caused by :: 11000 E11000 duplicate key error index: fun.post.$title_1  dup key: { : "唉，要不是六千六百万年前那块大石头。。。还得麻烦各位小盆友自行脑补霸王龙与迅猛龙的对决。" })
2016-09-16 19:20:56,648 - spider - INFO - 解析文章内容，地址为：http://www.fanjian.net/post/89725
2016-09-16 19:20:57,700 - fanjian - INFO - 解析犯贱志的内容，标题为：妹子比耗子萌。【多图】
2016-09-16 19:20:57,703 - spider - ERROR - Tried to save duplicate unique keys (insertDocument :: caused by :: 11000 E11000 duplicate key error index: fun.post.$title_1  dup key: { : "妹子比耗子萌。【多图】" })
2016-09-16 19:20:57,705 - spider - INFO - 解析文章内容，地址为：http://www.fanjian.net/post/89724
2016-09-16 19:20:58,735 - fanjian - INFO - 解析犯贱志的内容，标题为：老娘左青龙右白虎！
2016-09-16 19:20:58,738 - spider - ERROR - Tried to save duplicate unique keys (insertDocument :: caused by :: 11000 E11000 duplicate key error index: fun.post.$title_1  dup key: { : "老娘左青龙右白虎！" })
2016-09-16 19:20:58,740 - spider - INFO - 解析文章内容，地址为：http://www.fanjian.net/post/89723
2016-09-16 19:20:59,847 - fanjian - INFO - 解析犯贱志的内容，标题为：一篇论文里看到的倪匡当年名片
2016-09-16 19:20:59,850 - spider - ERROR - Tried to save duplicate unique keys (insertDocument :: caused by :: 11000 E11000 duplicate key error index: fun.post.$title_1  dup key: { : "一篇论文里看到的倪匡当年名片" })
2016-09-16 19:20:59,852 - spider - INFO - 解析文章内容，地址为：http://www.fanjian.net/post/89722
2016-09-16 19:21:00,916 - fanjian - INFO - 解析犯贱志的内容，标题为：狐狸：我是一只失足千年的狐~
2016-09-16 19:21:00,919 - spider - ERROR - Tried to save duplicate unique keys (insertDocument :: caused by :: 11000 E11000 duplicate key error index: fun.post.$title_1  dup key: { : "狐狸：我是一只失足千年的狐~" })
2016-09-16 19:21:00,921 - spider - INFO - 解析文章内容，地址为：http://www.fanjian.net/post/89720
2016-09-16 19:21:02,509 - fanjian - INFO - 解析犯贱志的内容，标题为：当汪星人爱上吸尘器，被吸的感觉真舒服。
2016-09-16 19:21:02,511 - spider - ERROR - Tried to save duplicate unique keys (insertDocument :: caused by :: 11000 E11000 duplicate key error index: fun.post.$title_1  dup key: { : "当汪星人爱上吸尘器，被吸的感觉真舒服。" })
2016-09-16 19:21:02,513 - spider - INFO - 解析文章内容，地址为：http://www.fanjian.net/post/89719
2016-09-16 19:21:03,348 - fanjian - INFO - 解析犯贱志的内容，标题为：好奇蝙蝠奶啥味道~
2016-09-16 19:21:03,350 - spider - ERROR - Tried to save duplicate unique keys (insertDocument :: caused by :: 11000 E11000 duplicate key error index: fun.post.$title_1  dup key: { : "好奇蝙蝠奶啥味道~" })
2016-09-16 19:21:03,351 - spider - INFO - 解析文章内容，地址为：http://www.fanjian.net/post/89718
2016-09-16 19:21:04,146 - fanjian - INFO - 解析犯贱志的内容，标题为：快醒醒吧，那个女人只是一个AVI。【多图】
2016-09-16 19:21:04,148 - spider - ERROR - Tried to save duplicate unique keys (insertDocument :: caused by :: 11000 E11000 duplicate key error index: fun.post.$title_1  dup key: { : "快醒醒吧，那个女人只是一个AVI。【多图】" })
2016-09-16 19:21:04,150 - spider - INFO - 解析文章内容，地址为：http://www.fanjian.net/post/89717
2016-09-16 19:21:04,959 - fanjian - INFO - 解析犯贱志的内容，标题为：经销商：小伙子真羡慕你的好运气 但是兑奖期已经过了~【多图】
2016-09-16 19:21:04,962 - spider - ERROR - Tried to save duplicate unique keys (insertDocument :: caused by :: 11000 E11000 duplicate key error index: fun.post.$title_1  dup key: { : "经销商：小伙子真羡慕你的好运气 但是兑奖期已经过了~【多图】" })
2016-09-16 19:21:04,963 - spider - INFO - 解析文章内容，地址为：http://www.fanjian.net/post/89716
2016-09-16 19:21:06,119 - fanjian - INFO - 解析犯贱志的内容，标题为：上次那个BBC解剖过度肥胖者的纪录片，出正片了，图文解说分享给大家.【多图】
2016-09-16 19:21:06,121 - spider - ERROR - Tried to save duplicate unique keys (insertDocument :: caused by :: 11000 E11000 duplicate key error index: fun.post.$title_1  dup key: { : "上次那个BBC解剖过度肥胖者的纪录片，出正片了，图文解说分享给大家.【多图】" })
2016-09-16 19:21:06,123 - spider - INFO - 解析文章内容，地址为：http://www.fanjian.net/post/89715
2016-09-16 19:21:07,160 - fanjian - INFO - 解析犯贱志的内容，标题为：切记不要盲目跟风~
2016-09-16 19:21:07,162 - spider - ERROR - Tried to save duplicate unique keys (insertDocument :: caused by :: 11000 E11000 duplicate key error index: fun.post.$title_1  dup key: { : "切记不要盲目跟风~" })
2016-09-16 19:21:07,163 - spider - INFO - 解析文章内容，地址为：http://www.fanjian.net/post/89714
2016-09-16 19:21:08,855 - fanjian - INFO - 解析犯贱志的内容，标题为：感谢对手的作大死
2016-09-16 19:21:08,858 - spider - ERROR - Tried to save duplicate unique keys (insertDocument :: caused by :: 11000 E11000 duplicate key error index: fun.post.$title_1  dup key: { : "感谢对手的作大死" })
2016-09-16 19:21:08,859 - spider - INFO - 解析文章内容，地址为：http://www.fanjian.net/post/89710
2016-09-16 19:21:09,685 - fanjian - INFO - 解析犯贱志的内容，标题为：大清早的 醒醒瞌睡~【多图】
2016-09-16 19:21:09,688 - spider - ERROR - Tried to save duplicate unique keys (insertDocument :: caused by :: 11000 E11000 duplicate key error index: fun.post.$title_1  dup key: { : "大清早的 醒醒瞌睡~【多图】" })
2016-09-16 19:21:09,689 - spider - INFO - 解析文章内容，地址为：http://www.fanjian.net/post/89709
2016-09-16 19:21:10,729 - fanjian - INFO - 解析犯贱志的内容，标题为：鸡犬升天~
2016-09-16 19:21:10,731 - spider - ERROR - Tried to save duplicate unique keys (insertDocument :: caused by :: 11000 E11000 duplicate key error index: fun.post.$title_1  dup key: { : "鸡犬升天~" })
2016-09-16 19:21:10,733 - spider - INFO - 解析文章内容，地址为：http://www.fanjian.net/post/89708
2016-09-16 19:21:11,556 - fanjian - INFO - 解析犯贱志的内容，标题为：又是一波致命的买家秀vs卖家秀！【多图】
2016-09-16 19:21:11,558 - spider - ERROR - Tried to save duplicate unique keys (insertDocument :: caused by :: 11000 E11000 duplicate key error index: fun.post.$title_1  dup key: { : "又是一波致命的买家秀vs卖家秀！【多图】" })
2016-09-16 19:21:11,560 - spider - INFO - 解析文章内容，地址为：http://www.fanjian.net/post/89707
2016-09-16 19:21:12,694 - fanjian - INFO - 解析犯贱志的内容，标题为：一路玩手机 感觉能在上面站到过年！
2016-09-16 19:21:12,698 - spider - ERROR - Tried to save duplicate unique keys (insertDocument :: caused by :: 11000 E11000 duplicate key error index: fun.post.$title_1  dup key: { : "一路玩手机 感觉能在上面站到过年！" })
2016-09-16 19:21:12,700 - spider - INFO - 解析文章内容，地址为：http://www.fanjian.net/post/89706
2016-09-16 19:21:13,845 - fanjian - INFO - 解析犯贱志的内容，标题为：萝莉：我妈说了 女人就是要对自己狠一点！【多图】
2016-09-16 19:21:13,847 - spider - ERROR - Tried to save duplicate unique keys (insertDocument :: caused by :: 11000 E11000 duplicate key error index: fun.post.$title_1  dup key: { : "萝莉：我妈说了 女人就是要对自己狠一点！【多图】" })
2016-09-16 19:21:13,849 - spider - INFO - 解析文章内容，地址为：http://www.fanjian.net/post/89705
2016-09-16 19:21:15,162 - fanjian - INFO - 解析犯贱志的内容，标题为：旁边的哥们给个不为所动的认真脸自己体会！
2016-09-16 19:21:15,166 - spider - ERROR - Tried to save duplicate unique keys (insertDocument :: caused by :: 11000 E11000 duplicate key error index: fun.post.$title_1  dup key: { : "旁边的哥们给个不为所动的认真脸自己体会！" })
2016-09-16 19:21:15,167 - spider - INFO - 解析文章内容，地址为：http://www.fanjian.net/post/89704
2016-09-16 19:21:16,315 - fanjian - INFO - 解析犯贱志的内容，标题为：丧尸：兄弟们  看见这个答主了么 给我往死里怼！
2016-09-16 19:21:16,318 - spider - ERROR - Tried to save duplicate unique keys (insertDocument :: caused by :: 11000 E11000 duplicate key error index: fun.post.$title_1  dup key: { : "丧尸：兄弟们  看见这个答主了么 给我往死里怼！" })
2016-09-16 19:21:16,320 - spider - INFO - 解析文章内容，地址为：http://www.fanjian.net/post/89703
2016-09-16 19:21:17,450 - fanjian - INFO - 解析犯贱志的内容，标题为：给你稳稳的幸福！
2016-09-16 19:21:17,454 - spider - ERROR - Tried to save duplicate unique keys (insertDocument :: caused by :: 11000 E11000 duplicate key error index: fun.post.$title_1  dup key: { : "给你稳稳的幸福！" })
2016-09-16 19:21:17,455 - spider - INFO - 解析文章内容，地址为：http://www.fanjian.net/post/89702
2016-09-16 19:21:18,756 - fanjian - INFO - 解析犯贱志的内容，标题为：世界那么大 凡事别勉强！
2016-09-16 19:21:18,760 - spider - ERROR - Tried to save duplicate unique keys (insertDocument :: caused by :: 11000 E11000 duplicate key error index: fun.post.$title_1  dup key: { : "世界那么大 凡事别勉强！" })
2016-09-16 19:21:18,764 - spider - INFO - 解析文章内容，地址为：http://www.fanjian.net/post/89701
2016-09-16 19:21:19,580 - fanjian - INFO - 解析犯贱志的内容，标题为：喵：连主子的屎你都不想铲了 你不爱朕了...【多图】
2016-09-16 19:21:19,583 - spider - ERROR - Tried to save duplicate unique keys (insertDocument :: caused by :: 11000 E11000 duplicate key error index: fun.post.$title_1  dup key: { : "喵：连主子的屎你都不想铲了 你不爱朕了...【多图】" })
2016-09-16 19:21:19,584 - spider - INFO - 解析文章内容，地址为：http://www.fanjian.net/post/89700
2016-09-16 19:21:20,632 - fanjian - INFO - 解析犯贱志的内容，标题为：这么多人，我会不会被肛啊？
2016-09-16 19:21:20,636 - spider - ERROR - Tried to save duplicate unique keys (insertDocument :: caused by :: 11000 E11000 duplicate key error index: fun.post.$title_1  dup key: { : "这么多人，我会不会被肛啊？" })
2016-09-16 19:21:20,639 - spider - INFO - 解析文章内容，地址为：http://www.fanjian.net/post/89695
2016-09-16 19:21:21,482 - fanjian - INFO - 解析犯贱志的内容，标题为：娃娃机另类夹法。。。
2016-09-16 19:21:21,484 - spider - ERROR - Tried to save duplicate unique keys (insertDocument :: caused by :: 11000 E11000 duplicate key error index: fun.post.$title_1  dup key: { : "娃娃机另类夹法。。。" })
2016-09-16 19:21:21,486 - spider - INFO - 解析文章内容，地址为：http://www.fanjian.net/post/89694
2016-09-16 19:21:22,623 - fanjian - INFO - 解析犯贱志的内容，标题为：现在的玩具牌子取名也是醉了，Uncle Wang......
2016-09-16 19:21:22,625 - spider - ERROR - Tried to save duplicate unique keys (insertDocument :: caused by :: 11000 E11000 duplicate key error index: fun.post.$title_1  dup key: { : "现在的玩具牌子取名也是醉了，Uncle Wang......" })
2016-09-16 19:21:22,627 - spider - INFO - 解析文章内容，地址为：http://www.fanjian.net/post/89693
2016-09-16 19:21:24,324 - fanjian - INFO - 解析犯贱志的内容，标题为：很好很天朝，有特色【多图】
2016-09-16 19:21:24,327 - spider - ERROR - Tried to save duplicate unique keys (insertDocument :: caused by :: 11000 E11000 duplicate key error index: fun.post.$title_1  dup key: { : "很好很天朝，有特色【多图】" })
2016-09-16 19:21:24,328 - spider - INFO - 解析文章内容，地址为：http://www.fanjian.net/post/89692
2016-09-16 19:21:25,449 - fanjian - INFO - 解析犯贱志的内容，标题为：军训时，你眼中的自己VS教官眼中的你【俩图】
2016-09-16 19:21:25,452 - spider - ERROR - Tried to save duplicate unique keys (insertDocument :: caused by :: 11000 E11000 duplicate key error index: fun.post.$title_1  dup key: { : "军训时，你眼中的自己VS教官眼中的你【俩图】" })
2016-09-16 19:21:25,453 - spider - INFO - 解析文章内容，地址为：http://www.fanjian.net/post/89690
2016-09-16 19:21:26,542 - fanjian - INFO - 解析犯贱志的内容，标题为：眼睛喷血来赶跑敌人
2016-09-16 19:21:26,547 - spider - ERROR - Tried to save duplicate unique keys (insertDocument :: caused by :: 11000 E11000 duplicate key error index: fun.post.$title_1  dup key: { : "眼睛喷血来赶跑敌人" })
2016-09-16 19:21:26,549 - spider - INFO - 解析文章内容，地址为：http://www.fanjian.net/post/89689
2016-09-16 19:21:28,048 - fanjian - INFO - 解析犯贱志的内容，标题为：我有独特的逆行方式
2016-09-16 19:21:28,050 - spider - ERROR - Tried to save duplicate unique keys (insertDocument :: caused by :: 11000 E11000 duplicate key error index: fun.post.$title_1  dup key: { : "我有独特的逆行方式" })
2016-09-16 19:21:28,052 - spider - INFO - 解析文章内容，地址为：http://www.fanjian.net/post/89688
2016-09-16 19:21:28,837 - fanjian - INFO - 解析犯贱志的内容，标题为：招唤高人！这是什么原理呢？
2016-09-16 19:21:28,842 - spider - ERROR - Tried to save duplicate unique keys (insertDocument :: caused by :: 11000 E11000 duplicate key error index: fun.post.$title_1  dup key: { : "招唤高人！这是什么原理呢？" })
2016-09-16 19:21:28,846 - spider - INFO - 解析文章内容，地址为：http://www.fanjian.net/post/89687
2016-09-16 19:21:29,988 - fanjian - INFO - 解析犯贱志的内容，标题为：某宝即将升级为黄宝，看片指日可待【多图】
2016-09-16 19:21:29,991 - spider - ERROR - Tried to save duplicate unique keys (insertDocument :: caused by :: 11000 E11000 duplicate key error index: fun.post.$title_1  dup key: { : "某宝即将升级为黄宝，看片指日可待【多图】" })
2016-09-16 19:21:29,994 - spider - INFO - 解析文章内容，地址为：http://www.fanjian.net/post/89685
2016-09-16 19:21:31,037 - fanjian - INFO - 解析犯贱志的内容，标题为：不想知道你是怎么来的 就想看你是怎么没的~
2016-09-16 19:21:31,044 - spider - ERROR - Tried to save duplicate unique keys (insertDocument :: caused by :: 11000 E11000 duplicate key error index: fun.post.$title_1  dup key: { : "不想知道你是怎么来的 就想看你是怎么没的~" })
2016-09-16 19:21:31,045 - spider - INFO - 解析文章内容，地址为：http://www.fanjian.net/post/89684
2016-09-16 19:21:32,174 - fanjian - INFO - 解析犯贱志的内容，标题为：躺着的真是机智满分！
2016-09-16 19:21:32,178 - spider - ERROR - Tried to save duplicate unique keys (insertDocument :: caused by :: 11000 E11000 duplicate key error index: fun.post.$title_1  dup key: { : "躺着的真是机智满分！" })
2016-09-16 19:21:32,180 - spider - INFO - 解析文章内容，地址为：http://www.fanjian.net/post/89686
2016-09-16 19:21:33,008 - fanjian - INFO - 解析犯贱志的内容，标题为：创意不错，酱油碟【双图】
2016-09-16 19:21:33,014 - spider - ERROR - Tried to save duplicate unique keys (insertDocument :: caused by :: 11000 E11000 duplicate key error index: fun.post.$title_1  dup key: { : "创意不错，酱油碟【双图】" })
2016-09-16 19:21:33,016 - spider - INFO - 解析文章内容，地址为：http://www.fanjian.net/post/89683
2016-09-16 19:21:34,149 - fanjian - INFO - 解析犯贱志的内容，标题为：网易你这样真的好吗？
2016-09-16 19:21:34,152 - spider - ERROR - Tried to save duplicate unique keys (insertDocument :: caused by :: 11000 E11000 duplicate key error index: fun.post.$title_1  dup key: { : "网易你这样真的好吗？" })
2016-09-16 19:21:34,153 - spider - INFO - 解析文章内容，地址为：http://www.fanjian.net/post/89682
2016-09-16 19:21:34,976 - fanjian - INFO - 解析犯贱志的内容，标题为：幸福来得太突然了
2016-09-16 19:21:34,980 - spider - ERROR - Tried to save duplicate unique keys (insertDocument :: caused by :: 11000 E11000 duplicate key error index: fun.post.$title_1  dup key: { : "幸福来得太突然了" })
2016-09-16 19:21:34,984 - spider - INFO - 爬取犯贱志共花费时间为: 326.86 s
2016-09-16 19:21:35,040 - root - INFO - 啦啦啦，3个爬虫，总共花费326.93 s
